0:0:0:0:0:0:0:1%0 -  -  [21/03/2011:19:48:44 +0000] "GET /solr/db/admin/ HTTP/1.1" 404 1391 
0:0:0:0:0:0:0:1%0 -  -  [21/03/2011:19:48:48 +0000] "GET /solr/admin/ HTTP/1.1" 200 3821 
0:0:0:0:0:0:0:1%0 -  -  [21/03/2011:19:48:54 +0000] "GET /solr/select/?q=*%3A*&version=2.2&start=0&rows=10&indent=on HTTP/1.1" 304 0 
0:0:0:0:0:0:0:1%0 -  -  [21/03/2011:19:49:38 +0000] "GET /solr/db/update%20-jar%20post.jar%20%22%3Cdelete%3E%3Cquery%3E*:*%3C/query%3E%3C/delete%3E%22 HTTP/1.1" 404 1469 
0:0:0:0:0:0:0:1%0 -  -  [21/03/2011:19:49:44 +0000] "GET /solr/update%20-jar%20post.jar%20%22%3Cdelete%3E%3Cquery%3E*:*%3C/query%3E%3C/delete%3E%22 HTTP/1.1" 404 1466 
0:0:0:0:0:0:0:1%0 -  -  [21/03/2011:19:49:47 +0000] "GET /solr/update%20-jar%20post.jar%20%22%3Cdelete%3E%3Cquery%3E*:*%3C/query%3E%3C/delete%3E%22 HTTP/1.1" 404 1466 
0:0:0:0:0:0:0:1%0 -  -  [21/03/2011:19:49:47 +0000] "GET /favicon.ico HTTP/1.1" 200 1150 
0:0:0:0:0:0:0:1%0 -  -  [21/03/2011:19:49:49 +0000] "GET /solr/update%20-jar%20post.jar%20%22%3Cdelete%3E%3Cquery%3E*:*%3C/query%3E%3C/delete%3E%22 HTTP/1.1" 404 1466 
0:0:0:0:0:0:0:1%0 -  -  [21/03/2011:19:49:58 +0000] "GET /solr/update/%20-jar%20post.jar%20%22%3Cdelete%3E%3Cquery%3E*:*%3C/query%3E%3C/delete%3E%22 HTTP/1.1" 405 1502 
0:0:0:0:0:0:0:1%0 -  -  [21/03/2011:19:50:03 +0000] "GET /solr/update%20-jar%20post.jar%20%22%3Cdelete%3E%3Cquery%3E*:*%3C/query%3E%3C/delete%3E%22 HTTP/1.1" 404 1466 
127.0.0.1 -  -  [21/03/2011:19:51:35 +0000] "POST /solr/update HTTP/1.1" 200 149 
127.0.0.1 -  -  [21/03/2011:19:51:35 +0000] "POST /solr/update HTTP/1.1" 200 148 
0:0:0:0:0:0:0:1%0 -  -  [21/03/2011:19:51:40 +0000] "GET /solr/select/?q=*%3A*&version=2.2&start=0&rows=10&indent=on HTTP/1.1" 304 0 
0:0:0:0:0:0:0:1%0 -  -  [21/03/2011:19:51:40 +0000] "GET /favicon.ico HTTP/1.1" 304 0 
0:0:0:0:0:0:0:1%0 -  -  [21/03/2011:19:51:42 +0000] "GET /solr/select/?q=*%3A*&version=2.2&start=0&rows=10&indent=on HTTP/1.1" 304 0 
0:0:0:0:0:0:0:1%0 -  -  [21/03/2011:19:51:43 +0000] "GET /solr/select/?q=*%3A*&version=2.2&start=0&rows=10&indent=on HTTP/1.1" 304 0 
0:0:0:0:0:0:0:1%0 -  -  [21/03/2011:19:51:45 +0000] "GET /solr/select/?q=*%3A*&version=2.2&start=0&rows=10&indent=on HTTP/1.1" 304 0 
127.0.0.1 -  -  [21/03/2011:19:52:05 +0000] "POST /solr/update HTTP/1.1" 200 147 
127.0.0.1 -  -  [21/03/2011:19:52:05 +0000] "POST /solr/update HTTP/1.1" 200 149 
0:0:0:0:0:0:0:1%0 -  -  [21/03/2011:19:52:09 +0000] "GET /solr/select/?q=*%3A*&version=2.2&start=0&rows=10&indent=on HTTP/1.1" 200 375 
0:0:0:0:0:0:0:1%0 -  -  [21/03/2011:19:53:47 +0000] "POST /solr/update/extract?uprefix=attr_&fmap.content=body&literal.id=exid1 HTTP/1.1" 200 149 
0:0:0:0:0:0:0:1%0 -  -  [21/03/2011:19:53:48 +0000] "POST /solr/update/extract?uprefix=attr_&fmap.content=body&literal.id=exid2 HTTP/1.1" 200 148 
0:0:0:0:0:0:0:1%0 -  -  [21/03/2011:19:53:48 +0000] "POST /solr/update/extract?uprefix=attr_&fmap.content=body&literal.id=exid3 HTTP/1.1" 200 148 
0:0:0:0:0:0:0:1%0 -  -  [21/03/2011:19:53:48 +0000] "POST /solr/update/extract?uprefix=attr_&fmap.content=body&literal.id=exid4 HTTP/1.1" 200 147 
0:0:0:0:0:0:0:1%0 -  -  [21/03/2011:19:53:48 +0000] "POST /solr/update/extract?uprefix=attr_&fmap.content=body&literal.id=exid5 HTTP/1.1" 200 147 
0:0:0:0:0:0:0:1%0 -  -  [21/03/2011:19:53:48 +0000] "POST /solr/update/ HTTP/1.1" 200 148 
0:0:0:0:0:0:0:1%0 -  -  [21/03/2011:19:54:04 +0000] "GET /solr/admin/ HTTP/1.1" 200 3821 
0:0:0:0:0:0:0:1%0 -  -  [21/03/2011:19:54:08 +0000] "GET /solr/select/?q=*%3A*&version=2.2&start=0&rows=10&indent=on HTTP/1.1" 200 4724 
0:0:0:0:0:0:0:1%0 -  -  [21/03/2011:20:10:41 +0000] "HEAD /solr/admin/ping HTTP/1.0" 200 0 
0:0:0:0:0:0:0:1%0 -  -  [21/03/2011:20:10:41 +0000] "HEAD /solr/admin/ping HTTP/1.0" 200 0 
0:0:0:0:0:0:0:1%0 -  -  [21/03/2011:20:10:41 +0000] "GET /solr/select?fl=%2A%2Cscore&version=1.2&wt=json&json.nl=map&q=%2A%3A%2A&start=0&rows=10 HTTP/1.0" 200 3259 
0:0:0:0:0:0:0:1%0 -  -  [21/03/2011:20:10:43 +0000] "HEAD /solr/admin/ping HTTP/1.0" 200 0 
0:0:0:0:0:0:0:1%0 -  -  [21/03/2011:20:10:43 +0000] "HEAD /solr/admin/ping HTTP/1.0" 200 0 
0:0:0:0:0:0:0:1%0 -  -  [21/03/2011:20:10:43 +0000] "GET /solr/select?fl=%2A%2Cscore&version=1.2&wt=json&json.nl=map&q=&start=0&rows=10 HTTP/1.0" 500 3512 
0:0:0:0:0:0:0:1%0 -  -  [21/03/2011:20:10:52 +0000] "HEAD /solr/admin/ping HTTP/1.0" 200 0 
0:0:0:0:0:0:0:1%0 -  -  [21/03/2011:20:10:52 +0000] "HEAD /solr/admin/ping HTTP/1.0" 200 0 
0:0:0:0:0:0:0:1%0 -  -  [21/03/2011:20:10:52 +0000] "GET /solr/select?fl=%2A%2Cscore&version=1.2&wt=json&json.nl=map&q=%2A%3A%2A&start=0&rows=10 HTTP/1.0" 200 3259 
0:0:0:0:0:0:0:1%0 -  -  [21/03/2011:20:11:00 +0000] "HEAD /solr/admin/ping HTTP/1.0" 200 0 
0:0:0:0:0:0:0:1%0 -  -  [21/03/2011:20:11:00 +0000] "HEAD /solr/admin/ping HTTP/1.0" 200 0 
0:0:0:0:0:0:0:1%0 -  -  [21/03/2011:20:11:00 +0000] "GET /solr/select?fl=%2A%2Cscore&version=1.2&wt=json&json.nl=map&q=&start=0&rows=10 HTTP/1.0" 500 3512 
0:0:0:0:0:0:0:1%0 -  -  [21/03/2011:20:11:21 +0000] "HEAD /solr/admin/ping HTTP/1.0" 200 0 
0:0:0:0:0:0:0:1%0 -  -  [21/03/2011:20:11:21 +0000] "HEAD /solr/admin/ping HTTP/1.0" 200 0 
0:0:0:0:0:0:0:1%0 -  -  [21/03/2011:20:11:21 +0000] "GET /solr/select?fl=%2A%2Cscore&version=1.2&wt=json&json.nl=map&q=&start=0&rows=10 HTTP/1.0" 500 3512 
0:0:0:0:0:0:0:1%0 -  -  [21/03/2011:20:11:30 +0000] "HEAD /solr/admin/ping HTTP/1.0" 200 0 
0:0:0:0:0:0:0:1%0 -  -  [21/03/2011:20:11:30 +0000] "HEAD /solr/admin/ping HTTP/1.0" 200 0 
0:0:0:0:0:0:0:1%0 -  -  [21/03/2011:20:11:30 +0000] "GET /solr/select?fl=%2A%2Cscore&version=1.2&wt=json&json.nl=map&q=&start=0&rows=10 HTTP/1.0" 500 3512 
0:0:0:0:0:0:0:1%0 -  -  [21/03/2011:20:11:56 +0000] "HEAD /solr/admin/ping HTTP/1.0" 200 0 
0:0:0:0:0:0:0:1%0 -  -  [21/03/2011:20:11:56 +0000] "HEAD /solr/admin/ping HTTP/1.0" 200 0 
0:0:0:0:0:0:0:1%0 -  -  [21/03/2011:20:11:56 +0000] "GET /solr/select?fl=%2A%2Cscore&version=1.2&wt=json&json.nl=map&q=%2A%3A%2A&start=0&rows=10 HTTP/1.0" 200 3259 
0:0:0:0:0:0:0:1%0 -  -  [21/03/2011:20:12:15 +0000] "HEAD /solr/admin/ping HTTP/1.0" 200 0 
0:0:0:0:0:0:0:1%0 -  -  [21/03/2011:20:12:15 +0000] "HEAD /solr/admin/ping HTTP/1.0" 200 0 
0:0:0:0:0:0:0:1%0 -  -  [21/03/2011:20:12:15 +0000] "GET /solr/select?fl=%2A%2Cscore&version=1.2&wt=json&json.nl=map&q=%2A%3A%2A&start=0&rows=10 HTTP/1.0" 200 3259 
0:0:0:0:0:0:0:1%0 -  -  [21/03/2011:20:12:19 +0000] "HEAD /solr/admin/ping HTTP/1.0" 200 0 
0:0:0:0:0:0:0:1%0 -  -  [21/03/2011:20:12:19 +0000] "HEAD /solr/admin/ping HTTP/1.0" 200 0 
0:0:0:0:0:0:0:1%0 -  -  [21/03/2011:20:12:19 +0000] "GET /solr/select?fl=%2A%2Cscore&version=1.2&wt=json&json.nl=map&q=%2A%3A%2A&start=0&rows=10 HTTP/1.0" 200 3259 
0:0:0:0:0:0:0:1%0 -  -  [21/03/2011:20:14:14 +0000] "HEAD /solr/admin/ping HTTP/1.0" 200 0 
0:0:0:0:0:0:0:1%0 -  -  [21/03/2011:20:14:14 +0000] "HEAD /solr/admin/ping HTTP/1.0" 200 0 
0:0:0:0:0:0:0:1%0 -  -  [21/03/2011:20:14:14 +0000] "GET /solr/select?fl=%2A%2Cscore&version=1.2&wt=json&json.nl=map&q=%2A%3A%2A&start=0&rows=10 HTTP/1.0" 200 3259 
0:0:0:0:0:0:0:1%0 -  -  [21/03/2011:20:14:24 +0000] "HEAD /solr/admin/ping HTTP/1.0" 200 0 
0:0:0:0:0:0:0:1%0 -  -  [21/03/2011:20:14:24 +0000] "HEAD /solr/admin/ping HTTP/1.0" 200 0 
0:0:0:0:0:0:0:1%0 -  -  [21/03/2011:20:14:24 +0000] "GET /solr/select?fl=%2A%2Cscore&version=1.2&wt=json&json.nl=map&q=%2A%3A%2A&start=0&rows=10 HTTP/1.0" 200 3259 
0:0:0:0:0:0:0:1%0 -  -  [21/03/2011:20:15:10 +0000] "HEAD /solr/admin/ping HTTP/1.0" 200 0 
0:0:0:0:0:0:0:1%0 -  -  [21/03/2011:20:15:10 +0000] "HEAD /solr/admin/ping HTTP/1.0" 200 0 
0:0:0:0:0:0:0:1%0 -  -  [21/03/2011:20:15:10 +0000] "GET /solr/select?fl=%2A%2Cscore&version=1.2&wt=json&json.nl=map&q=%2A%3A%2A&start=0&rows=10 HTTP/1.0" 200 3259 
0:0:0:0:0:0:0:1%0 -  -  [21/03/2011:23:59:25 +0000] "HEAD /solr/admin/ping HTTP/1.0" 200 0 
0:0:0:0:0:0:0:1%0 -  -  [21/03/2011:23:59:25 +0000] "HEAD /solr/admin/ping HTTP/1.0" 200 0 
0:0:0:0:0:0:0:1%0 -  -  [21/03/2011:23:59:25 +0000] "GET /solr/select?fl=%2A%2Cscore&version=1.2&wt=json&json.nl=map&q=%2A%3A%2A&start=0&rows=10 HTTP/1.0" 200 3260 
0:0:0:0:0:0:0:1%0 -  -  [22/03/2011:00:04:39 +0000] "HEAD /solr/admin/ping HTTP/1.0" 200 0 
0:0:0:0:0:0:0:1%0 -  -  [22/03/2011:00:04:39 +0000] "HEAD /solr/admin/ping HTTP/1.0" 200 0 
0:0:0:0:0:0:0:1%0 -  -  [22/03/2011:00:04:39 +0000] "GET /solr/select?fl=%2A%2Cscore&version=1.2&wt=json&json.nl=map&q=%2A%3A%2A&start=0&rows=10 HTTP/1.0" 200 3259 
0:0:0:0:0:0:0:1%0 -  -  [22/03/2011:00:04:56 +0000] "HEAD /solr/admin/ping HTTP/1.0" 200 0 
0:0:0:0:0:0:0:1%0 -  -  [22/03/2011:00:04:57 +0000] "HEAD /solr/admin/ping HTTP/1.0" 200 0 
0:0:0:0:0:0:0:1%0 -  -  [22/03/2011:00:04:57 +0000] "GET /solr/select?fl=%2A%2Cscore&version=1.2&wt=json&json.nl=map&q=%2A%3A%2A&start=0&rows=10 HTTP/1.0" 200 3259 
0:0:0:0:0:0:0:1%0 -  -  [22/03/2011:00:05:08 +0000] "HEAD /solr/admin/ping HTTP/1.0" 200 0 
0:0:0:0:0:0:0:1%0 -  -  [22/03/2011:00:05:08 +0000] "HEAD /solr/admin/ping HTTP/1.0" 200 0 
0:0:0:0:0:0:0:1%0 -  -  [22/03/2011:00:05:08 +0000] "GET /solr/select?fl=%2A%2Cscore&version=1.2&wt=json&json.nl=map&q=%2A%3A%2A&start=0&rows=10 HTTP/1.0" 200 3259 
0:0:0:0:0:0:0:1%0 -  -  [22/03/2011:00:05:52 +0000] "HEAD /solr/admin/ping HTTP/1.0" 200 0 
0:0:0:0:0:0:0:1%0 -  -  [22/03/2011:00:05:52 +0000] "HEAD /solr/admin/ping HTTP/1.0" 200 0 
0:0:0:0:0:0:0:1%0 -  -  [22/03/2011:00:05:52 +0000] "GET /solr/select?fl=%2A%2Cscore&version=1.2&wt=json&json.nl=map&q=%2A%3A%2A&start=0&rows=10 HTTP/1.0" 200 3259 
0:0:0:0:0:0:0:1%0 -  -  [22/03/2011:00:06:08 +0000] "HEAD /solr/admin/ping HTTP/1.0" 200 0 
0:0:0:0:0:0:0:1%0 -  -  [22/03/2011:00:06:08 +0000] "HEAD /solr/admin/ping HTTP/1.0" 200 0 
0:0:0:0:0:0:0:1%0 -  -  [22/03/2011:00:06:08 +0000] "GET /solr/select?fl=%2A%2Cscore&version=1.2&wt=json&json.nl=map&q=%2A%3A%2A&start=0&rows=10 HTTP/1.0" 200 3259 
0:0:0:0:0:0:0:1%0 -  -  [22/03/2011:00:09:24 +0000] "HEAD /solr/admin/ping HTTP/1.0" 200 0 
0:0:0:0:0:0:0:1%0 -  -  [22/03/2011:00:09:24 +0000] "HEAD /solr/admin/ping HTTP/1.0" 200 0 
0:0:0:0:0:0:0:1%0 -  -  [22/03/2011:00:09:24 +0000] "GET /solr/select?fl=%2A%2Cscore&version=1.2&wt=json&json.nl=map&q=%2A%3A%2A&start=0&rows=10 HTTP/1.0" 200 3259 
0:0:0:0:0:0:0:1%0 -  -  [22/03/2011:00:09:41 +0000] "HEAD /solr/admin/ping HTTP/1.0" 200 0 
0:0:0:0:0:0:0:1%0 -  -  [22/03/2011:00:09:41 +0000] "HEAD /solr/admin/ping HTTP/1.0" 200 0 
0:0:0:0:0:0:0:1%0 -  -  [22/03/2011:00:09:41 +0000] "GET /solr/select?fl=%2A%2Cscore&version=1.2&wt=json&json.nl=map&q=%2A%3A%2A&start=0&rows=10 HTTP/1.0" 200 3259 
0:0:0:0:0:0:0:1%0 -  -  [22/03/2011:00:10:04 +0000] "HEAD /solr/admin/ping HTTP/1.0" 200 0 
0:0:0:0:0:0:0:1%0 -  -  [22/03/2011:00:10:04 +0000] "HEAD /solr/admin/ping HTTP/1.0" 200 0 
0:0:0:0:0:0:0:1%0 -  -  [22/03/2011:00:10:04 +0000] "GET /solr/select?fl=%2A%2Cscore&version=1.2&wt=json&json.nl=map&q=%2A%3A%2A&start=0&rows=10 HTTP/1.0" 200 3259 
0:0:0:0:0:0:0:1%0 -  -  [22/03/2011:00:11:54 +0000] "HEAD /solr/admin/ping HTTP/1.0" 200 0 
0:0:0:0:0:0:0:1%0 -  -  [22/03/2011:00:11:54 +0000] "HEAD /solr/admin/ping HTTP/1.0" 200 0 
0:0:0:0:0:0:0:1%0 -  -  [22/03/2011:00:11:54 +0000] "GET /solr/select?fl=%2A%2Cscore&version=1.2&wt=json&json.nl=map&q=%2A%3A%2A&start=0&rows=10 HTTP/1.0" 200 3259 
0:0:0:0:0:0:0:1%0 -  -  [22/03/2011:00:12:01 +0000] "HEAD /solr/admin/ping HTTP/1.0" 200 0 
0:0:0:0:0:0:0:1%0 -  -  [22/03/2011:00:12:01 +0000] "HEAD /solr/admin/ping HTTP/1.0" 200 0 
0:0:0:0:0:0:0:1%0 -  -  [22/03/2011:00:12:01 +0000] "GET /solr/select?fl=%2A%2Cscore&version=1.2&wt=json&json.nl=map&q=&start=0&rows=10 HTTP/1.0" 500 3512 
0:0:0:0:0:0:0:1%0 -  -  [22/03/2011:00:12:03 +0000] "HEAD /solr/admin/ping HTTP/1.0" 200 0 
0:0:0:0:0:0:0:1%0 -  -  [22/03/2011:00:12:03 +0000] "HEAD /solr/admin/ping HTTP/1.0" 200 0 
0:0:0:0:0:0:0:1%0 -  -  [22/03/2011:00:12:03 +0000] "GET /solr/select?fl=%2A%2Cscore&version=1.2&wt=json&json.nl=map&q=&start=0&rows=10 HTTP/1.0" 500 3512 
0:0:0:0:0:0:0:1%0 -  -  [22/03/2011:00:12:05 +0000] "HEAD /solr/admin/ping HTTP/1.0" 200 0 
0:0:0:0:0:0:0:1%0 -  -  [22/03/2011:00:12:05 +0000] "HEAD /solr/admin/ping HTTP/1.0" 200 0 
0:0:0:0:0:0:0:1%0 -  -  [22/03/2011:00:12:05 +0000] "GET /solr/select?fl=%2A%2Cscore&version=1.2&wt=json&json.nl=map&q=&start=0&rows=10 HTTP/1.0" 500 3512 
0:0:0:0:0:0:0:1%0 -  -  [22/03/2011:00:12:13 +0000] "HEAD /solr/admin/ping HTTP/1.0" 200 0 
0:0:0:0:0:0:0:1%0 -  -  [22/03/2011:00:12:13 +0000] "HEAD /solr/admin/ping HTTP/1.0" 200 0 
0:0:0:0:0:0:0:1%0 -  -  [22/03/2011:00:12:13 +0000] "GET /solr/select?fl=%2A%2Cscore&version=1.2&wt=json&json.nl=map&q=%2A%3A%2A&start=0&rows=10 HTTP/1.0" 200 3259 
0:0:0:0:0:0:0:1%0 -  -  [22/03/2011:00:13:25 +0000] "HEAD /solr/admin/ping HTTP/1.0" 200 0 
0:0:0:0:0:0:0:1%0 -  -  [22/03/2011:00:13:25 +0000] "HEAD /solr/admin/ping HTTP/1.0" 200 0 
0:0:0:0:0:0:0:1%0 -  -  [22/03/2011:00:13:25 +0000] "GET /solr/select?fl=%2A%2Cscore&version=1.2&wt=json&json.nl=map&q=%2A%3A%2A&start=0&rows=10 HTTP/1.0" 200 3259 
0:0:0:0:0:0:0:1%0 -  -  [22/03/2011:00:14:03 +0000] "POST /solr/update/extract?literal.id=literal.id=pdfDoc3&fmap.content=body&commit=true HTTP/1.1" 200 150 
0:0:0:0:0:0:0:1%0 -  -  [22/03/2011:00:14:30 +0000] "HEAD /solr/admin/ping HTTP/1.0" 200 0 
0:0:0:0:0:0:0:1%0 -  -  [22/03/2011:00:14:30 +0000] "HEAD /solr/admin/ping HTTP/1.0" 200 0 
0:0:0:0:0:0:0:1%0 -  -  [22/03/2011:00:14:30 +0000] "GET /solr/select?fl=%2A%2Cscore&version=1.2&wt=json&json.nl=map&q=%2A%3A%2A&start=0&rows=10 HTTP/1.0" 200 4915 
0:0:0:0:0:0:0:1%0 -  -  [22/03/2011:00:14:34 +0000] "HEAD /solr/admin/ping HTTP/1.0" 200 0 
0:0:0:0:0:0:0:1%0 -  -  [22/03/2011:00:14:34 +0000] "HEAD /solr/admin/ping HTTP/1.0" 200 0 
0:0:0:0:0:0:0:1%0 -  -  [22/03/2011:00:14:34 +0000] "GET /solr/select?fl=%2A%2Cscore&version=1.2&wt=json&json.nl=map&q=&start=0&rows=10 HTTP/1.0" 500 3512 
0:0:0:0:0:0:0:1%0 -  -  [22/03/2011:00:15:01 +0000] "GET /solr/select/?q=*%3A*&version=2.2&start=0&rows=10&indent=on HTTP/1.1" 200 6299 
0:0:0:0:0:0:0:1%0 -  -  [22/03/2011:00:15:02 +0000] "GET /favicon.ico HTTP/1.1" 304 0 
127.0.0.1 -  -  [22/03/2011:00:18:14 +0000] "POST /solr/db/update HTTP/1.1" 404 1391 
0:0:0:0:0:0:0:1%0 -  -  [22/03/2011:00:18:48 +0000] "GET /solr/select/?q=title:*&version=2.2&start=0&rows=10&indent=on HTTP/1.1" 200 6306 
0:0:0:0:0:0:0:1%0 -  -  [22/03/2011:00:19:03 +0000] "GET /solr/select/?q=title:Duke&version=2.2&start=0&rows=10&indent=on HTTP/1.1" 200 1967 
127.0.0.1 -  -  [22/03/2011:00:19:15 +0000] "POST /solr/db/update HTTP/1.1" 404 1391 
0:0:0:0:0:0:0:1%0 -  -  [22/03/2011:00:19:26 +0000] "GET /solr/select/?q=title:Duke&version=2.2&start=0&rows=10&indent=on HTTP/1.1" 304 0 
0:0:0:0:0:0:0:1%0 -  -  [22/03/2011:00:19:27 +0000] "GET /solr/select/?q=title:Duke&version=2.2&start=0&rows=10&indent=on HTTP/1.1" 304 0 
127.0.0.1 -  -  [22/03/2011:00:21:39 +0000] "POST /solr/update HTTP/1.1" 200 147 
127.0.0.1 -  -  [22/03/2011:00:21:39 +0000] "POST /solr/update HTTP/1.1" 200 148 
0:0:0:0:0:0:0:1%0 -  -  [22/03/2011:00:21:49 +0000] "GET /solr/select/?q=title:Duke&version=2.2&start=0&rows=10&indent=on HTTP/1.1" 200 382 
0:0:0:0:0:0:0:1%0 -  -  [22/03/2011:00:22:56 +0000] "POST /solr/update/extract?literal.id=aepiSite&&uprefix=attr_&fmap.content=body&commit=true HTTP/1.1" 200 149 
0:0:0:0:0:0:0:1%0 -  -  [22/03/2011:00:23:04 +0000] "GET /solr/select/?q=title:Duke&version=2.2&start=0&rows=10&indent=on HTTP/1.1" 200 2227 
0:0:0:0:0:0:0:1%0 -  -  [22/03/2011:00:23:29 +0000] "GET /solr/select/?q=title:Duke&version=2.2&start=0&rows=10&indent=on HTTP/1.1" 304 0 
0:0:0:0:0:0:0:1%0 -  -  [22/03/2011:00:23:31 +0000] "GET /solr/select/?q=title:Duke&version=2.2&start=0&rows=10&indent=on HTTP/1.1" 304 0 
0:0:0:0:0:0:0:1%0 -  -  [22/03/2011:00:23:38 +0000] "GET /solr/select/?q=*:*&version=2.2&start=0&rows=10&indent=on HTTP/1.1" 200 6560 
0:0:0:0:0:0:0:1%0 -  -  [22/03/2011:00:24:49 +0000] "HEAD /solr/admin/ping HTTP/1.0" 200 0 
0:0:0:0:0:0:0:1%0 -  -  [22/03/2011:00:24:49 +0000] "HEAD /solr/admin/ping HTTP/1.0" 200 0 
0:0:0:0:0:0:0:1%0 -  -  [22/03/2011:00:24:49 +0000] "GET /solr/select?fl=%2A%2Cscore&version=1.2&wt=json&json.nl=map&q=%2A%3A%2A&start=0&rows=10 HTTP/1.0" 200 5074 
0:0:0:0:0:0:0:1%0 -  -  [22/03/2011:00:24:52 +0000] "HEAD /solr/admin/ping HTTP/1.0" 200 0 
0:0:0:0:0:0:0:1%0 -  -  [22/03/2011:00:24:52 +0000] "HEAD /solr/admin/ping HTTP/1.0" 200 0 
0:0:0:0:0:0:0:1%0 -  -  [22/03/2011:00:24:52 +0000] "GET /solr/select?fl=%2A%2Cscore&version=1.2&wt=json&json.nl=map&q=&start=0&rows=10 HTTP/1.0" 500 3512 
0:0:0:0:0:0:0:1%0 -  -  [22/03/2011:00:24:55 +0000] "HEAD /solr/admin/ping HTTP/1.0" 200 0 
0:0:0:0:0:0:0:1%0 -  -  [22/03/2011:00:24:55 +0000] "HEAD /solr/admin/ping HTTP/1.0" 200 0 
0:0:0:0:0:0:0:1%0 -  -  [22/03/2011:00:24:56 +0000] "GET /solr/select?fl=%2A%2Cscore&version=1.2&wt=json&json.nl=map&q=%2A%3A%2A&start=0&rows=10 HTTP/1.0" 200 5074 
0:0:0:0:0:0:0:1%0 -  -  [22/03/2011:00:25:07 +0000] "HEAD /solr/admin/ping HTTP/1.0" 200 0 
0:0:0:0:0:0:0:1%0 -  -  [22/03/2011:00:25:07 +0000] "HEAD /solr/admin/ping HTTP/1.0" 200 0 
0:0:0:0:0:0:0:1%0 -  -  [22/03/2011:00:25:07 +0000] "GET /solr/select?fl=%2A%2Cscore&version=1.2&wt=json&json.nl=map&q=%2A%3A%2A&start=0&rows=10 HTTP/1.0" 200 5074 
0:0:0:0:0:0:0:1%0 -  -  [22/03/2011:00:25:27 +0000] "HEAD /solr/admin/ping HTTP/1.0" 200 0 
0:0:0:0:0:0:0:1%0 -  -  [22/03/2011:00:25:27 +0000] "HEAD /solr/admin/ping HTTP/1.0" 200 0 
0:0:0:0:0:0:0:1%0 -  -  [22/03/2011:00:25:27 +0000] "GET /solr/select?fl=%2A%2Cscore&version=1.2&wt=json&json.nl=map&q=%2A%3A%2A&start=0&rows=10 HTTP/1.0" 200 5074 
0:0:0:0:0:0:0:1%0 -  -  [22/03/2011:00:29:46 +0000] "HEAD /solr/admin/ping HTTP/1.0" 200 0 
0:0:0:0:0:0:0:1%0 -  -  [22/03/2011:00:29:46 +0000] "HEAD /solr/admin/ping HTTP/1.0" 200 0 
0:0:0:0:0:0:0:1%0 -  -  [22/03/2011:00:29:46 +0000] "GET /solr/select?fl=%2A%2Cscore&version=1.2&wt=json&json.nl=map&q=%2A%3A%2A&start=0&rows=10 HTTP/1.0" 200 5074 
0:0:0:0:0:0:0:1%0 -  -  [22/03/2011:00:29:52 +0000] "HEAD /solr/admin/ping HTTP/1.0" 200 0 
0:0:0:0:0:0:0:1%0 -  -  [22/03/2011:00:29:52 +0000] "HEAD /solr/admin/ping HTTP/1.0" 200 0 
0:0:0:0:0:0:0:1%0 -  -  [22/03/2011:00:29:52 +0000] "GET /solr/select?fl=%2A%2Cscore&version=1.2&wt=json&json.nl=map&q=&start=0&rows=10 HTTP/1.0" 500 3512 
0:0:0:0:0:0:0:1%0 -  -  [22/03/2011:00:29:56 +0000] "HEAD /solr/admin/ping HTTP/1.0" 200 0 
0:0:0:0:0:0:0:1%0 -  -  [22/03/2011:00:29:56 +0000] "HEAD /solr/admin/ping HTTP/1.0" 200 0 
0:0:0:0:0:0:0:1%0 -  -  [22/03/2011:00:29:56 +0000] "GET /solr/select?fl=%2A%2Cscore&version=1.2&wt=json&json.nl=map&q=%2A%3A%2A&start=0&rows=10 HTTP/1.0" 200 5074 
0:0:0:0:0:0:0:1%0 -  -  [22/03/2011:00:30:43 +0000] "HEAD /solr/admin/ping HTTP/1.0" 200 0 
0:0:0:0:0:0:0:1%0 -  -  [22/03/2011:00:30:43 +0000] "HEAD /solr/admin/ping HTTP/1.0" 200 0 
0:0:0:0:0:0:0:1%0 -  -  [22/03/2011:00:30:43 +0000] "GET /solr/select?fl=%2A%2Cscore&version=1.2&wt=json&json.nl=map&q=%2A%3A%2A&start=0&rows=10 HTTP/1.0" 200 5074 
0:0:0:0:0:0:0:1%0 -  -  [22/03/2011:00:33:06 +0000] "HEAD /solr/admin/ping HTTP/1.0" 200 0 
0:0:0:0:0:0:0:1%0 -  -  [22/03/2011:00:33:06 +0000] "HEAD /solr/admin/ping HTTP/1.0" 200 0 
0:0:0:0:0:0:0:1%0 -  -  [22/03/2011:00:33:06 +0000] "GET /solr/select?fl=%2A%2Cscore&version=1.2&wt=json&json.nl=map&q=%2A%3A%2A&start=0&rows=10 HTTP/1.0" 200 5074 
0:0:0:0:0:0:0:1%0 -  -  [22/03/2011:00:33:24 +0000] "HEAD /solr/admin/ping HTTP/1.0" 200 0 
0:0:0:0:0:0:0:1%0 -  -  [22/03/2011:00:33:24 +0000] "HEAD /solr/admin/ping HTTP/1.0" 200 0 
0:0:0:0:0:0:0:1%0 -  -  [22/03/2011:00:33:24 +0000] "GET /solr/select?fl=%2A%2Cscore&version=1.2&wt=json&json.nl=map&q=%2A%3A%2A&start=0&rows=10 HTTP/1.0" 200 5074 
0:0:0:0:0:0:0:1%0 -  -  [22/03/2011:00:48:57 +0000] "HEAD /solr/admin/ping HTTP/1.0" 200 0 
0:0:0:0:0:0:0:1%0 -  -  [22/03/2011:00:48:57 +0000] "HEAD /solr/admin/ping HTTP/1.0" 200 0 
0:0:0:0:0:0:0:1%0 -  -  [22/03/2011:00:48:57 +0000] "GET /solr/select?fl=%2A%2Cscore&version=1.2&wt=json&json.nl=map&q=%2A&start=0&rows=10 HTTP/1.0" 200 5073 
0:0:0:0:0:0:0:1%0 -  -  [22/03/2011:00:49:02 +0000] "HEAD /solr/admin/ping HTTP/1.0" 200 0 
0:0:0:0:0:0:0:1%0 -  -  [22/03/2011:00:49:02 +0000] "HEAD /solr/admin/ping HTTP/1.0" 200 0 
0:0:0:0:0:0:0:1%0 -  -  [22/03/2011:00:49:02 +0000] "GET /solr/select?fl=%2A%2Cscore&version=1.2&wt=json&json.nl=map&q=dj&start=0&rows=10 HTTP/1.0" 200 205 
0:0:0:0:0:0:0:1%0 -  -  [22/03/2011:00:49:08 +0000] "HEAD /solr/admin/ping HTTP/1.0" 200 0 
0:0:0:0:0:0:0:1%0 -  -  [22/03/2011:00:49:08 +0000] "HEAD /solr/admin/ping HTTP/1.0" 200 0 
0:0:0:0:0:0:0:1%0 -  -  [22/03/2011:00:49:08 +0000] "GET /solr/select?fl=%2A%2Cscore&version=1.2&wt=json&json.nl=map&q=DJ&start=0&rows=10 HTTP/1.0" 200 205 
0:0:0:0:0:0:0:1%0 -  -  [22/03/2011:00:49:17 +0000] "HEAD /solr/admin/ping HTTP/1.0" 200 0 
0:0:0:0:0:0:0:1%0 -  -  [22/03/2011:00:49:17 +0000] "HEAD /solr/admin/ping HTTP/1.0" 200 0 
0:0:0:0:0:0:0:1%0 -  -  [22/03/2011:00:49:17 +0000] "GET /solr/select?fl=%2A%2Cscore&version=1.2&wt=json&json.nl=map&q=java&start=0&rows=10 HTTP/1.0" 200 692 
0:0:0:0:0:0:0:1%0 -  -  [22/03/2011:00:49:25 +0000] "HEAD /solr/admin/ping HTTP/1.0" 200 0 
0:0:0:0:0:0:0:1%0 -  -  [22/03/2011:00:49:25 +0000] "HEAD /solr/admin/ping HTTP/1.0" 200 0 
0:0:0:0:0:0:0:1%0 -  -  [22/03/2011:00:49:25 +0000] "GET /solr/select?fl=%2A%2Cscore&version=1.2&wt=json&json.nl=map&q=author%3ADJ&start=0&rows=10 HTTP/1.0" 200 698 
0:0:0:0:0:0:0:1%0 -  -  [22/03/2011:00:49:37 +0000] "GET /solr/select/?q=lu-example-9&version=2.2&start=0&rows=10&indent=on HTTP/1.1" 200 384 
0:0:0:0:0:0:0:1%0 -  -  [22/03/2011:00:49:46 +0000] "GET /solr/select/?q=9&version=2.2&start=0&rows=10&indent=on HTTP/1.1" 200 373 
0:0:0:0:0:0:0:1%0 -  -  [22/03/2011:00:49:59 +0000] "GET /solr/ HTTP/1.1" 200 444 
0:0:0:0:0:0:0:1%0 -  -  [22/03/2011:00:50:01 +0000] "GET /solr/solr-admin.css HTTP/1.1" 404 1396 
0:0:0:0:0:0:0:1%0 -  -  [22/03/2011:00:50:01 +0000] "GET /solr/favicon.ico HTTP/1.1" 200 1146 
0:0:0:0:0:0:0:1%0 -  -  [22/03/2011:00:50:02 +0000] "GET /solr/admin/ HTTP/1.1" 200 3821 
0:0:0:0:0:0:0:1%0 -  -  [22/03/2011:00:50:09 +0000] "GET /solr/admin/form.jsp HTTP/1.1" 200 3069 
0:0:0:0:0:0:0:1%0 -  -  [22/03/2011:00:50:14 +0000] "GET /solr/select?indent=on&version=2.2&q=*%3A*&fq=&start=0&rows=10&fl=*%2Cscore&qt=standard&wt=standard&explainOther=&hl.fl= HTTP/1.1" 200 6945 
