0:0:0:0:0:0:0:1%0 -  -  [07/04/2011:16:33:06 +0000] "GET /solr/select?fl=%2A%2Cscore&hl=on&hl.maxAnalyzedChars=-1&hl.snippets=3&hl.mergeContiguous=true&hl.fl=attr_stream_name%2Cauthors%2Cbody%2Cdesc%2Csubject%2Csup_title&version=1.2&wt=json&json.nl=map&q=%2A%3A%2A&start=0&rows=5 HTTP/1.0" 200 163098 
0:0:0:0:0:0:0:1%0 -  -  [07/04/2011:16:34:55 +0000] "GET /solr/select?fl=%2A%2Cscore&hl=on&hl.maxAnalyzedChars=-1&hl.snippets=3&hl.mergeContiguous=true&hl.fl=attr_stream_name%2Cauthors%2Cbody%2Cdesc%2Csubject%2Csup_title&version=1.2&wt=json&json.nl=map&q=%2A%3A%2A&start=0&rows=5 HTTP/1.0" 200 163097 
0:0:0:0:0:0:0:1%0 -  -  [07/04/2011:16:35:21 +0000] "GET /solr/select?fl=%2A%2Cscore&hl=on&hl.maxAnalyzedChars=-1&hl.snippets=3&hl.mergeContiguous=true&hl.fl=attr_stream_name%2Cauthors%2Cbody%2Cdesc%2Csubject%2Csup_title&version=1.2&wt=json&json.nl=map&q=%2A%3A%2A&start=0&rows=5 HTTP/1.0" 200 163097 
0:0:0:0:0:0:0:1%0 -  -  [07/04/2011:16:35:23 +0000] "GET /solr/select?fl=%2A%2Cscore&hl=on&hl.maxAnalyzedChars=-1&hl.snippets=3&hl.mergeContiguous=true&hl.fl=attr_stream_name%2Cauthors%2Cbody%2Cdesc%2Csubject%2Csup_title&version=1.2&wt=json&json.nl=map&q=%2A%3A%2A&start=0&rows=5 HTTP/1.0" 200 163097 
0:0:0:0:0:0:0:1%0 -  -  [07/04/2011:16:35:26 +0000] "GET /solr/select?fl=%2A%2Cscore&hl=on&hl.maxAnalyzedChars=-1&hl.snippets=3&hl.mergeContiguous=true&hl.fl=attr_stream_name%2Cauthors%2Cbody%2Cdesc%2Csubject%2Csup_title&version=1.2&wt=json&json.nl=map&q=%2A%3A%2A&start=0&rows=5 HTTP/1.0" 200 163097 
0:0:0:0:0:0:0:1%0 -  -  [07/04/2011:16:35:27 +0000] "GET /solr/select?fl=%2A%2Cscore&hl=on&hl.maxAnalyzedChars=-1&hl.snippets=3&hl.mergeContiguous=true&hl.fl=attr_stream_name%2Cauthors%2Cbody%2Cdesc%2Csubject%2Csup_title&version=1.2&wt=json&json.nl=map&q=%2A%3A%2A&start=0&rows=5 HTTP/1.0" 200 163097 
0:0:0:0:0:0:0:1%0 -  -  [07/04/2011:16:35:28 +0000] "GET /solr/select?fl=%2A%2Cscore&hl=on&hl.maxAnalyzedChars=-1&hl.snippets=3&hl.mergeContiguous=true&hl.fl=attr_stream_name%2Cauthors%2Cbody%2Cdesc%2Csubject%2Csup_title&version=1.2&wt=json&json.nl=map&q=%2A%3A%2A&start=0&rows=5 HTTP/1.0" 200 163097 
0:0:0:0:0:0:0:1%0 -  -  [07/04/2011:16:39:38 +0000] "GET /solr/admin/ HTTP/1.1" 200 3822 
0:0:0:0:0:0:0:1%0 -  -  [07/04/2011:16:39:39 +0000] "GET /solr/admin/solr-admin.css HTTP/1.1" 200 3846 
0:0:0:0:0:0:0:1%0 -  -  [07/04/2011:16:39:39 +0000] "GET /solr/admin/solr_small.png HTTP/1.1" 200 7926 
0:0:0:0:0:0:0:1%0 -  -  [07/04/2011:16:39:59 +0000] "GET /solr/select/?q=*%3A*&version=2.2&start=0&rows=10&indent=on HTTP/1.1" 200 384123 
0:0:0:0:0:0:0:1%0 -  -  [07/04/2011:16:40:17 +0000] "GET /solr/select/?q=*%3A*&version=2.2&start=0&rows=0&indent=on&facet=true&facet.field=authorFacet HTTP/1.1" 200 4641 
0:0:0:0:0:0:0:1%0 -  -  [07/04/2011:16:41:27 +0000] "GET /solr/select?fl=%2A%2Cscore&hl=on&hl.maxAnalyzedChars=-1&hl.snippets=3&hl.mergeContiguous=true&hl.fl=attr_stream_name%2Cauthors%2Cbody%2Cdesc%2Csubject%2Csup_title&facet=true&facet.field=authorFacet&version=1.2&wt=json&json.nl=map&q=%2A%3A%2A&start=0&rows=0 HTTP/1.0" 200 2820 
0:0:0:0:0:0:0:1%0 -  -  [07/04/2011:16:41:33 +0000] "GET /solr/select?fl=%2A%2Cscore&hl=on&hl.maxAnalyzedChars=-1&hl.snippets=3&hl.mergeContiguous=true&hl.fl=attr_stream_name%2Cauthors%2Cbody%2Cdesc%2Csubject%2Csup_title&facet=true&facet.field=authorFacet&version=1.2&wt=json&json.nl=map&q=%2A%3A%2A&start=0&rows=0 HTTP/1.0" 200 2820 
0:0:0:0:0:0:0:1%0 -  -  [07/04/2011:16:42:23 +0000] "GET /solr/select?fl=%2A%2Cscore&hl=on&hl.maxAnalyzedChars=-1&hl.snippets=3&hl.mergeContiguous=true&hl.fl=attr_stream_name%2Cauthors%2Cbody%2Cdesc%2Csubject%2Csup_title&facet=true&facet.field=authorFacet&version=1.2&wt=json&json.nl=map&q=%2A%3A%2A&start=0&rows=0 HTTP/1.0" 200 2820 
0:0:0:0:0:0:0:1%0 -  -  [07/04/2011:16:42:47 +0000] "GET /solr/select?fl=%2A%2Cscore&hl=on&hl.maxAnalyzedChars=-1&hl.snippets=3&hl.mergeContiguous=true&hl.fl=attr_stream_name%2Cauthors%2Cbody%2Cdesc%2Csubject%2Csup_title&facet=true&facet.field=authorFacet&version=1.2&wt=json&json.nl=map&q=%2A%3A%2A&start=0&rows=0 HTTP/1.0" 200 2820 
0:0:0:0:0:0:0:1%0 -  -  [07/04/2011:16:42:49 +0000] "GET /solr/select?fl=%2A%2Cscore&hl=on&hl.maxAnalyzedChars=-1&hl.snippets=3&hl.mergeContiguous=true&hl.fl=attr_stream_name%2Cauthors%2Cbody%2Cdesc%2Csubject%2Csup_title&facet=true&facet.field=authorFacet&version=1.2&wt=json&json.nl=map&q=%2A%3A%2A&start=0&rows=0 HTTP/1.0" 200 2820 
0:0:0:0:0:0:0:1%0 -  -  [07/04/2011:16:42:52 +0000] "GET /solr/select?fl=%2A%2Cscore&hl=on&hl.maxAnalyzedChars=-1&hl.snippets=3&hl.mergeContiguous=true&hl.fl=attr_stream_name%2Cauthors%2Cbody%2Cdesc%2Csubject%2Csup_title&facet=true&facet.field=authorFacet&version=1.2&wt=json&json.nl=map&q=%2A%3A%2A&start=0&rows=0 HTTP/1.0" 200 2821 
0:0:0:0:0:0:0:1%0 -  -  [07/04/2011:16:43:21 +0000] "GET /solr/select?fl=%2A%2Cscore&hl=on&hl.maxAnalyzedChars=-1&hl.snippets=3&hl.mergeContiguous=true&hl.fl=attr_stream_name%2Cauthors%2Cbody%2Cdesc%2Csubject%2Csup_title&facet=true&facet.field=authorFacet&version=1.2&wt=json&json.nl=map&q=%2A%3A%2A&start=0&rows=0 HTTP/1.0" 200 2820 
0:0:0:0:0:0:0:1%0 -  -  [07/04/2011:16:43:34 +0000] "GET /solr/select?fl=%2A%2Cscore&hl=on&hl.maxAnalyzedChars=-1&hl.snippets=3&hl.mergeContiguous=true&hl.fl=attr_stream_name%2Cauthors%2Cbody%2Cdesc%2Csubject%2Csup_title&facet=true&facet.field=authorFacet&version=1.2&wt=json&json.nl=map&q=%2A%3A%2A&start=0&rows=0 HTTP/1.0" 200 2820 
0:0:0:0:0:0:0:1%0 -  -  [07/04/2011:16:43:41 +0000] "GET /solr/select?fl=%2A%2Cscore&hl=on&hl.maxAnalyzedChars=-1&hl.snippets=3&hl.mergeContiguous=true&hl.fl=attr_stream_name%2Cauthors%2Cbody%2Cdesc%2Csubject%2Csup_title&facet=true&facet.field=authorFacet&version=1.2&wt=json&json.nl=map&q=%2A%3A%2A&start=0&rows=0 HTTP/1.0" 200 2820 
0:0:0:0:0:0:0:1%0 -  -  [07/04/2011:16:43:48 +0000] "GET /solr/select?fl=%2A%2Cscore&hl=on&hl.maxAnalyzedChars=-1&hl.snippets=3&hl.mergeContiguous=true&hl.fl=attr_stream_name%2Cauthors%2Cbody%2Cdesc%2Csubject%2Csup_title&facet=true&facet.field=authorFacet&version=1.2&wt=json&json.nl=map&q=%2A%3A%2A&start=0&rows=0 HTTP/1.0" 200 2821 
0:0:0:0:0:0:0:1%0 -  -  [07/04/2011:16:45:49 +0000] "GET /solr/select?fl=%2A%2Cscore&hl=on&hl.maxAnalyzedChars=-1&hl.snippets=3&hl.mergeContiguous=true&hl.fl=attr_stream_name%2Cauthors%2Cbody%2Cdesc%2Csubject%2Csup_title&facet=true&facet.field=authorFacet&version=1.2&wt=json&json.nl=map&q=%2A%3A%2A&start=0&rows=0 HTTP/1.0" 200 2821 
0:0:0:0:0:0:0:1%0 -  -  [07/04/2011:16:45:50 +0000] "GET /solr/select?fl=%2A%2Cscore&hl=on&hl.maxAnalyzedChars=-1&hl.snippets=3&hl.mergeContiguous=true&hl.fl=attr_stream_name%2Cauthors%2Cbody%2Cdesc%2Csubject%2Csup_title&facet=true&facet.field=authorFacet&version=1.2&wt=json&json.nl=map&q=%2A%3A%2A&start=0&rows=0 HTTP/1.0" 200 2820 
0:0:0:0:0:0:0:1%0 -  -  [07/04/2011:16:46:19 +0000] "GET /solr/select?fl=%2A%2Cscore&hl=on&hl.maxAnalyzedChars=-1&hl.snippets=3&hl.mergeContiguous=true&hl.fl=attr_stream_name%2Cauthors%2Cbody%2Cdesc%2Csubject%2Csup_title&facet=true&facet.field=authorFacet&version=1.2&wt=json&json.nl=map&q=%2A%3A%2A&start=0&rows=0 HTTP/1.0" 200 2820 
0:0:0:0:0:0:0:1%0 -  -  [07/04/2011:16:46:21 +0000] "GET /solr/select?fl=%2A%2Cscore&hl=on&hl.maxAnalyzedChars=-1&hl.snippets=3&hl.mergeContiguous=true&hl.fl=attr_stream_name%2Cauthors%2Cbody%2Cdesc%2Csubject%2Csup_title&facet=true&facet.field=authorFacet&version=1.2&wt=json&json.nl=map&q=%2A%3A%2A&start=0&rows=0 HTTP/1.0" 200 2820 
0:0:0:0:0:0:0:1%0 -  -  [07/04/2011:16:46:22 +0000] "GET /solr/select?fl=%2A%2Cscore&hl=on&hl.maxAnalyzedChars=-1&hl.snippets=3&hl.mergeContiguous=true&hl.fl=attr_stream_name%2Cauthors%2Cbody%2Cdesc%2Csubject%2Csup_title&facet=true&facet.field=authorFacet&version=1.2&wt=json&json.nl=map&q=%2A%3A%2A&start=0&rows=0 HTTP/1.0" 200 2820 
0:0:0:0:0:0:0:1%0 -  -  [07/04/2011:16:47:06 +0000] "GET /solr/select?fl=%2A%2Cscore&hl=on&hl.maxAnalyzedChars=-1&hl.snippets=3&hl.mergeContiguous=true&hl.fl=attr_stream_name%2Cauthors%2Cbody%2Cdesc%2Csubject%2Csup_title&facet=true&facet.field=authorFacet&version=1.2&wt=json&json.nl=map&q=%2A%3A%2A&start=0&rows=0 HTTP/1.0" 200 2821 
0:0:0:0:0:0:0:1%0 -  -  [07/04/2011:16:47:06 +0000] "GET /solr/select?fl=%2A%2Cscore&hl=on&hl.maxAnalyzedChars=-1&hl.snippets=3&hl.mergeContiguous=true&hl.fl=attr_stream_name%2Cauthors%2Cbody%2Cdesc%2Csubject%2Csup_title&facet=true&facet.field=authorFacet&version=1.2&wt=json&json.nl=map&q=%2A%3A%2A&start=0&rows=0 HTTP/1.0" 200 2821 
0:0:0:0:0:0:0:1%0 -  -  [07/04/2011:16:47:07 +0000] "GET /solr/select?fl=%2A%2Cscore&hl=on&hl.maxAnalyzedChars=-1&hl.snippets=3&hl.mergeContiguous=true&hl.fl=attr_stream_name%2Cauthors%2Cbody%2Cdesc%2Csubject%2Csup_title&facet=true&facet.field=authorFacet&version=1.2&wt=json&json.nl=map&q=%2A%3A%2A&start=0&rows=0 HTTP/1.0" 200 2820 
0:0:0:0:0:0:0:1%0 -  -  [07/04/2011:16:47:19 +0000] "GET /solr/select?fl=%2A%2Cscore&hl=on&hl.maxAnalyzedChars=-1&hl.snippets=3&hl.mergeContiguous=true&hl.fl=attr_stream_name%2Cauthors%2Cbody%2Cdesc%2Csubject%2Csup_title&facet=true&facet.field=authorFacet&version=1.2&wt=json&json.nl=map&q=%2A%3A%2A&start=0&rows=0 HTTP/1.0" 200 2821 
0:0:0:0:0:0:0:1%0 -  -  [07/04/2011:16:47:20 +0000] "GET /solr/select?fl=%2A%2Cscore&hl=on&hl.maxAnalyzedChars=-1&hl.snippets=3&hl.mergeContiguous=true&hl.fl=attr_stream_name%2Cauthors%2Cbody%2Cdesc%2Csubject%2Csup_title&facet=true&facet.field=authorFacet&version=1.2&wt=json&json.nl=map&q=%2A%3A%2A&start=0&rows=0 HTTP/1.0" 200 2820 
0:0:0:0:0:0:0:1%0 -  -  [07/04/2011:16:47:38 +0000] "GET /solr/select?fl=%2A%2Cscore&hl=on&hl.maxAnalyzedChars=-1&hl.snippets=3&hl.mergeContiguous=true&hl.fl=attr_stream_name%2Cauthors%2Cbody%2Cdesc%2Csubject%2Csup_title&facet=true&facet.field=authorFacet&version=1.2&wt=json&json.nl=map&q=%2A%3A%2A&start=0&rows=0 HTTP/1.0" 200 2820 
0:0:0:0:0:0:0:1%0 -  -  [07/04/2011:16:47:38 +0000] "GET /solr/select?fl=%2A%2Cscore&hl=on&hl.maxAnalyzedChars=-1&hl.snippets=3&hl.mergeContiguous=true&hl.fl=attr_stream_name%2Cauthors%2Cbody%2Cdesc%2Csubject%2Csup_title&facet=true&facet.field=authorFacet&version=1.2&wt=json&json.nl=map&q=%2A%3A%2A&start=0&rows=0 HTTP/1.0" 200 2820 
0:0:0:0:0:0:0:1%0 -  -  [07/04/2011:16:47:50 +0000] "GET /solr/select?fl=%2A%2Cscore&hl=on&hl.maxAnalyzedChars=-1&hl.snippets=3&hl.mergeContiguous=true&hl.fl=attr_stream_name%2Cauthors%2Cbody%2Cdesc%2Csubject%2Csup_title&facet=true&facet.field=authorFacet&version=1.2&wt=json&json.nl=map&q=%2A%3A%2A&start=0&rows=0 HTTP/1.0" 200 2820 
0:0:0:0:0:0:0:1%0 -  -  [07/04/2011:16:48:02 +0000] "GET /solr/select?fl=%2A%2Cscore&hl=on&hl.maxAnalyzedChars=-1&hl.snippets=3&hl.mergeContiguous=true&hl.fl=attr_stream_name%2Cauthors%2Cbody%2Cdesc%2Csubject%2Csup_title&facet=true&facet.field=authorFacet&version=1.2&wt=json&json.nl=map&q=%2A%3A%2A&start=0&rows=0 HTTP/1.0" 200 2820 
0:0:0:0:0:0:0:1%0 -  -  [07/04/2011:16:48:13 +0000] "GET /solr/select?fl=%2A%2Cscore&hl=on&hl.maxAnalyzedChars=-1&hl.snippets=3&hl.mergeContiguous=true&hl.fl=attr_stream_name%2Cauthors%2Cbody%2Cdesc%2Csubject%2Csup_title&facet=true&facet.field=authorFacet&version=1.2&wt=json&json.nl=map&q=%2A%3A%2A&start=0&rows=0 HTTP/1.0" 200 2821 
0:0:0:0:0:0:0:1%0 -  -  [07/04/2011:16:48:14 +0000] "GET /solr/select?fl=%2A%2Cscore&hl=on&hl.maxAnalyzedChars=-1&hl.snippets=3&hl.mergeContiguous=true&hl.fl=attr_stream_name%2Cauthors%2Cbody%2Cdesc%2Csubject%2Csup_title&facet=true&facet.field=authorFacet&version=1.2&wt=json&json.nl=map&q=%2A%3A%2A&start=0&rows=0 HTTP/1.0" 200 2820 
0:0:0:0:0:0:0:1%0 -  -  [07/04/2011:16:48:29 +0000] "GET /solr/select?fl=%2A%2Cscore&hl=on&hl.maxAnalyzedChars=-1&hl.snippets=3&hl.mergeContiguous=true&hl.fl=attr_stream_name%2Cauthors%2Cbody%2Cdesc%2Csubject%2Csup_title&facet=true&facet.field=authorFacet&version=1.2&wt=json&json.nl=map&q=%2A%3A%2A&start=0&rows=0 HTTP/1.0" 200 2820 
0:0:0:0:0:0:0:1%0 -  -  [07/04/2011:16:48:30 +0000] "GET /solr/select?fl=%2A%2Cscore&hl=on&hl.maxAnalyzedChars=-1&hl.snippets=3&hl.mergeContiguous=true&hl.fl=attr_stream_name%2Cauthors%2Cbody%2Cdesc%2Csubject%2Csup_title&facet=true&facet.field=authorFacet&version=1.2&wt=json&json.nl=map&q=%2A%3A%2A&start=0&rows=0 HTTP/1.0" 200 2820 
0:0:0:0:0:0:0:1%0 -  -  [07/04/2011:16:48:49 +0000] "GET /solr/select?fl=%2A%2Cscore&hl=on&hl.maxAnalyzedChars=-1&hl.snippets=3&hl.mergeContiguous=true&hl.fl=attr_stream_name%2Cauthors%2Cbody%2Cdesc%2Csubject%2Csup_title&facet=true&facet.field=authorFacet&version=1.2&wt=json&json.nl=map&q=%2A%3A%2A&start=0&rows=0 HTTP/1.0" 200 2820 
0:0:0:0:0:0:0:1%0 -  -  [07/04/2011:16:49:12 +0000] "GET /solr/select?fl=%2A%2Cscore&hl=on&hl.maxAnalyzedChars=-1&hl.snippets=3&hl.mergeContiguous=true&hl.fl=attr_stream_name%2Cauthors%2Cbody%2Cdesc%2Csubject%2Csup_title&facet=true&facet.field=authorFacet&version=1.2&wt=json&json.nl=map&q=%2A%3A%2A&start=0&rows=0 HTTP/1.0" 200 2820 
0:0:0:0:0:0:0:1%0 -  -  [07/04/2011:16:49:41 +0000] "GET /solr/select?fl=%2A%2Cscore&hl=on&hl.maxAnalyzedChars=-1&hl.snippets=3&hl.mergeContiguous=true&hl.fl=attr_stream_name%2Cauthors%2Cbody%2Cdesc%2Csubject%2Csup_title&facet=true&facet.field=authorFacet&version=1.2&wt=json&json.nl=map&q=%2A%3A%2A&start=0&rows=0 HTTP/1.0" 200 2820 
0:0:0:0:0:0:0:1%0 -  -  [07/04/2011:17:01:25 +0000] "GET /solr/select?fl=%2A%2Cscore&hl=on&hl.maxAnalyzedChars=-1&hl.snippets=3&hl.mergeContiguous=true&hl.fl=attr_stream_name%2Cauthors%2Cbody%2Cdesc%2Csubject%2Csup_title&facet=true&facet.field=authorFacet&version=1.2&wt=json&json.nl=map&q=%2A%3A%2A&start=0&rows=0 HTTP/1.0" 200 2820 
0:0:0:0:0:0:0:1%0 -  -  [07/04/2011:17:01:26 +0000] "GET /solr/select?fl=%2A%2Cscore&hl=on&hl.maxAnalyzedChars=-1&hl.snippets=3&hl.mergeContiguous=true&hl.fl=attr_stream_name%2Cauthors%2Cbody%2Cdesc%2Csubject%2Csup_title&facet=true&facet.field=authorFacet&version=1.2&wt=json&json.nl=map&q=%2A%3A%2A&start=0&rows=0 HTTP/1.0" 200 2820 
0:0:0:0:0:0:0:1%0 -  -  [07/04/2011:17:01:50 +0000] "GET /solr/select?fl=%2A%2Cscore&hl=on&hl.maxAnalyzedChars=-1&hl.snippets=3&hl.mergeContiguous=true&hl.fl=attr_stream_name%2Cauthors%2Cbody%2Cdesc%2Csubject%2Csup_title&facet=true&facet.field=authorFacet&version=1.2&wt=json&json.nl=map&q=%2A%3A%2A&start=0&rows=0 HTTP/1.0" 200 2820 
0:0:0:0:0:0:0:1%0 -  -  [07/04/2011:17:01:51 +0000] "GET /solr/select?fl=%2A%2Cscore&hl=on&hl.maxAnalyzedChars=-1&hl.snippets=3&hl.mergeContiguous=true&hl.fl=attr_stream_name%2Cauthors%2Cbody%2Cdesc%2Csubject%2Csup_title&facet=true&facet.field=authorFacet&version=1.2&wt=json&json.nl=map&q=%2A%3A%2A&start=0&rows=0 HTTP/1.0" 200 2820 
0:0:0:0:0:0:0:1%0 -  -  [07/04/2011:17:02:07 +0000] "GET /solr/select?fl=%2A%2Cscore&hl=on&hl.maxAnalyzedChars=-1&hl.snippets=3&hl.mergeContiguous=true&hl.fl=attr_stream_name%2Cauthors%2Cbody%2Cdesc%2Csubject%2Csup_title&facet=true&facet.field=authorFacet&version=1.2&wt=json&json.nl=map&q=%2A%3A%2A&start=0&rows=0 HTTP/1.0" 200 2820 
0:0:0:0:0:0:0:1%0 -  -  [07/04/2011:17:02:30 +0000] "GET /solr/select?fl=%2A%2Cscore&hl=on&hl.maxAnalyzedChars=-1&hl.snippets=3&hl.mergeContiguous=true&hl.fl=attr_stream_name%2Cauthors%2Cbody%2Cdesc%2Csubject%2Csup_title&facet=true&facet.field=authorFacet&version=1.2&wt=json&json.nl=map&q=%2A%3A%2A&start=0&rows=0 HTTP/1.0" 200 2820 
0:0:0:0:0:0:0:1%0 -  -  [07/04/2011:17:02:49 +0000] "GET /solr/select?fl=%2A%2Cscore&hl=on&hl.maxAnalyzedChars=-1&hl.snippets=3&hl.mergeContiguous=true&hl.fl=attr_stream_name%2Cauthors%2Cbody%2Cdesc%2Csubject%2Csup_title&facet=true&facet.field=authorFacet&version=1.2&wt=json&json.nl=map&q=%2A%3A%2A&start=0&rows=0 HTTP/1.0" 200 2820 
0:0:0:0:0:0:0:1%0 -  -  [07/04/2011:17:03:10 +0000] "GET /solr/select?fl=%2A%2Cscore&hl=on&hl.maxAnalyzedChars=-1&hl.snippets=3&hl.mergeContiguous=true&hl.fl=attr_stream_name%2Cauthors%2Cbody%2Cdesc%2Csubject%2Csup_title&facet=true&facet.field=authorFacet&version=1.2&wt=json&json.nl=map&q=%2A%3A%2A&start=0&rows=0 HTTP/1.0" 200 2820 
0:0:0:0:0:0:0:1%0 -  -  [07/04/2011:17:03:12 +0000] "GET /solr/select?fl=%2A%2Cscore&hl=on&hl.maxAnalyzedChars=-1&hl.snippets=3&hl.mergeContiguous=true&hl.fl=attr_stream_name%2Cauthors%2Cbody%2Cdesc%2Csubject%2Csup_title&facet=true&facet.field=authorFacet&version=1.2&wt=json&json.nl=map&q=%2A%3A%2A&start=0&rows=0 HTTP/1.0" 200 2820 
0:0:0:0:0:0:0:1%0 -  -  [07/04/2011:17:03:19 +0000] "GET /solr/select?fl=%2A%2Cscore&hl=on&hl.maxAnalyzedChars=-1&hl.snippets=3&hl.mergeContiguous=true&hl.fl=attr_stream_name%2Cauthors%2Cbody%2Cdesc%2Csubject%2Csup_title&facet=true&facet.field=authorFacet&version=1.2&wt=json&json.nl=map&q=%2A%3A%2A&start=0&rows=0 HTTP/1.0" 200 2820 
0:0:0:0:0:0:0:1%0 -  -  [07/04/2011:17:04:01 +0000] "GET /solr/select?fl=%2A%2Cscore&hl=on&hl.maxAnalyzedChars=-1&hl.snippets=3&hl.mergeContiguous=true&hl.fl=attr_stream_name%2Cauthors%2Cbody%2Cdesc%2Csubject%2Csup_title&facet=true&facet.field=authorFacet&version=1.2&wt=json&json.nl=map&q=%2A%3A%2A&start=0&rows=0 HTTP/1.0" 200 2820 
0:0:0:0:0:0:0:1%0 -  -  [07/04/2011:17:06:26 +0000] "GET /solr/select?fl=%2A%2Cscore&hl=on&hl.maxAnalyzedChars=-1&hl.snippets=3&hl.mergeContiguous=true&hl.fl=attr_stream_name%2Cauthors%2Cbody%2Cdesc%2Csubject%2Csup_title&facet=true&facet.field=authorFacet&version=1.2&wt=json&json.nl=map&q=%2A%3A%2A&start=0&rows=0 HTTP/1.0" 200 2820 
0:0:0:0:0:0:0:1%0 -  -  [07/04/2011:17:06:31 +0000] "GET /solr/select?fl=%2A%2Cscore&hl=on&hl.maxAnalyzedChars=-1&hl.snippets=3&hl.mergeContiguous=true&hl.fl=attr_stream_name%2Cauthors%2Cbody%2Cdesc%2Csubject%2Csup_title&facet=true&facet.field=authorFacet&version=1.2&wt=json&json.nl=map&q=%2A%3A%2A&start=0&rows=0 HTTP/1.0" 200 2820 
0:0:0:0:0:0:0:1%0 -  -  [07/04/2011:17:06:38 +0000] "GET /solr/select?fl=%2A%2Cscore&hl=on&hl.maxAnalyzedChars=-1&hl.snippets=3&hl.mergeContiguous=true&hl.fl=attr_stream_name%2Cauthors%2Cbody%2Cdesc%2Csubject%2Csup_title&facet=true&facet.field=authorFacet&version=1.2&wt=json&json.nl=map&q=%2A%3A%2A&start=0&rows=0 HTTP/1.0" 200 2820 
0:0:0:0:0:0:0:1%0 -  -  [07/04/2011:17:06:50 +0000] "GET /solr/select?fl=%2A%2Cscore&hl=on&hl.maxAnalyzedChars=-1&hl.snippets=3&hl.mergeContiguous=true&hl.fl=attr_stream_name%2Cauthors%2Cbody%2Cdesc%2Csubject%2Csup_title&facet=true&facet.field=authorFacet&version=1.2&wt=json&json.nl=map&q=%2A%3A%2A&start=0&rows=0 HTTP/1.0" 200 2820 
0:0:0:0:0:0:0:1%0 -  -  [07/04/2011:17:07:21 +0000] "GET /solr/select/?q=*%3A*&version=2.2&start=0&rows=0&indent=on&facet=true&facet.field=authorFacet&fq=authorFacet:N/A HTTP/1.1" 200 4828 
0:0:0:0:0:0:0:1%0 -  -  [07/04/2011:17:07:28 +0000] "GET /solr/select?fl=%2A%2Cscore&hl=on&hl.maxAnalyzedChars=-1&hl.snippets=3&hl.mergeContiguous=true&hl.fl=attr_stream_name%2Cauthors%2Cbody%2Cdesc%2Csubject%2Csup_title&facet=true&facet.field=authorFacet&version=1.2&wt=json&json.nl=map&q=%2A%3A%2A&start=0&rows=0 HTTP/1.0" 200 2820 
0:0:0:0:0:0:0:1%0 -  -  [07/04/2011:17:07:41 +0000] "GET /solr/select?fl=%2A%2Cscore&hl=on&hl.maxAnalyzedChars=-1&hl.snippets=3&hl.mergeContiguous=true&hl.fl=attr_stream_name%2Cauthors%2Cbody%2Cdesc%2Csubject%2Csup_title&facet=true&facet.field=authorFacet&version=1.2&wt=json&json.nl=map&q=%2A%3A%2A&start=0&rows=0 HTTP/1.0" 200 2820 
0:0:0:0:0:0:0:1%0 -  -  [07/04/2011:17:07:48 +0000] "GET /solr/select?fl=%2A%2Cscore&hl=on&hl.maxAnalyzedChars=-1&hl.snippets=3&hl.mergeContiguous=true&hl.fl=attr_stream_name%2Cauthors%2Cbody%2Cdesc%2Csubject%2Csup_title&facet=true&facet.field=authorFacet&version=1.2&wt=json&json.nl=map&q=%2A%3A%2A&start=0&rows=0 HTTP/1.0" 200 2820 
0:0:0:0:0:0:0:1%0 -  -  [07/04/2011:17:08:47 +0000] "GET /solr/select?fl=%2A%2Cscore&hl=on&hl.maxAnalyzedChars=-1&hl.snippets=3&hl.mergeContiguous=true&hl.fl=attr_stream_name%2Cauthors%2Cbody%2Cdesc%2Csubject%2Csup_title&facet=true&facet.field=authorFacet&version=1.2&wt=json&json.nl=map&q=%2A%3A%2A&start=0&rows=0 HTTP/1.0" 200 2820 
0:0:0:0:0:0:0:1%0 -  -  [07/04/2011:17:08:59 +0000] "GET /solr/select?fl=%2A%2Cscore&hl=on&hl.maxAnalyzedChars=-1&hl.snippets=3&hl.mergeContiguous=true&hl.fl=attr_stream_name%2Cauthors%2Cbody%2Cdesc%2Csubject%2Csup_title&facet=true&facet.field=authorFacet&version=1.2&wt=json&json.nl=map&q=%2A%3A%2A&start=0&rows=0 HTTP/1.0" 200 2820 
0:0:0:0:0:0:0:1%0 -  -  [07/04/2011:17:09:02 +0000] "GET /solr/select?fl=%2A%2Cscore&hl=on&hl.maxAnalyzedChars=-1&hl.snippets=3&hl.mergeContiguous=true&hl.fl=attr_stream_name%2Cauthors%2Cbody%2Cdesc%2Csubject%2Csup_title&facet=true&facet.field=authorFacet&fq=authorFacet%3AMilton+Mueller&version=1.2&wt=json&json.nl=map&q=%2A%3A%2A&start=0&rows=0 HTTP/1.0" 200 3021 
0:0:0:0:0:0:0:1%0 -  -  [07/04/2011:17:09:08 +0000] "GET /solr/select?fl=%2A%2Cscore&hl=on&hl.maxAnalyzedChars=-1&hl.snippets=3&hl.mergeContiguous=true&hl.fl=attr_stream_name%2Cauthors%2Cbody%2Cdesc%2Csubject%2Csup_title&facet=true&facet.field=authorFacet&fq=authorFacet%3AN%2FA&version=1.2&wt=json&json.nl=map&q=%2A%3A%2A&start=0&rows=0 HTTP/1.0" 200 2996 
0:0:0:0:0:0:0:1%0 -  -  [07/04/2011:17:10:13 +0000] "GET /solr/select?fl=%2A%2Cscore&hl=on&hl.maxAnalyzedChars=-1&hl.snippets=3&hl.mergeContiguous=true&hl.fl=attr_stream_name%2Cauthors%2Cbody%2Cdesc%2Csubject%2Csup_title&facet=true&facet.field=authorFacet&fq=&version=1.2&wt=json&json.nl=map&q=%2A%3A%2A&start=0&rows=0 HTTP/1.0" 200 2828 
0:0:0:0:0:0:0:1%0 -  -  [07/04/2011:17:10:15 +0000] "GET /solr/select?fl=%2A%2Cscore&hl=on&hl.maxAnalyzedChars=-1&hl.snippets=3&hl.mergeContiguous=true&hl.fl=attr_stream_name%2Cauthors%2Cbody%2Cdesc%2Csubject%2Csup_title&facet=true&facet.field=authorFacet&fq=authorFacet%253AMilton%2BMueller&version=1.2&wt=json&json.nl=map&q=%2A%3A%2A&start=0&rows=0 HTTP/1.0" 200 3024 
0:0:0:0:0:0:0:1%0 -  -  [07/04/2011:17:10:33 +0000] "GET /solr/select?fl=%2A%2Cscore&hl=on&hl.maxAnalyzedChars=-1&hl.snippets=3&hl.mergeContiguous=true&hl.fl=attr_stream_name%2Cauthors%2Cbody%2Cdesc%2Csubject%2Csup_title&facet=true&facet.field=authorFacet&fq=authorFacet%253AMilton%2BMueller&version=1.2&wt=json&json.nl=map&q=%2A%3A%2A&start=0&rows=0 HTTP/1.0" 200 3022 
0:0:0:0:0:0:0:1%0 -  -  [07/04/2011:17:10:54 +0000] "GET /solr/select/?q=*%3A*&version=2.2&start=0&rows=0&indent=on&facet=true&facet.field=authorFacet&fq=authorFacet:Milton%20Mueller HTTP/1.1" 200 4851 
0:0:0:0:0:0:0:1%0 -  -  [07/04/2011:17:11:07 +0000] "GET /solr/select/?q=*%3A*&version=2.2&start=0&rows=0&indent=on&facet=true&facet.field=authorFacet&fq= HTTP/1.1" 200 4658 
0:0:0:0:0:0:0:1%0 -  -  [07/04/2011:17:11:18 +0000] "GET /solr/select/?q=*%3A*&version=2.2&start=0&rows=0&indent=on&facet=true&facet.field=authorFacet&fq=Milton%20Mueller HTTP/1.1" 200 4840 
0:0:0:0:0:0:0:1%0 -  -  [07/04/2011:17:11:30 +0000] "GET /solr/select/?q=*%3A*&version=2.2&start=0&rows=14&indent=on&facet=true&facet.field=authorFacet&fq=Milton%20Mueller HTTP/1.1" 200 487505 
0:0:0:0:0:0:0:1%0 -  -  [07/04/2011:17:13:36 +0000] "GET /solr/select?fl=%2A%2Cscore&hl=on&hl.maxAnalyzedChars=-1&hl.snippets=3&hl.mergeContiguous=true&hl.fl=attr_stream_name%2Cauthors%2Cbody%2Cdesc%2Csubject%2Csup_title&facet=true&facet.field=authorFacet&fq=&version=1.2&wt=json&json.nl=map&q=%2A%3A%2A&start=0&rows=0 HTTP/1.0" 200 2828 
0:0:0:0:0:0:0:1%0 -  -  [07/04/2011:17:13:37 +0000] "GET /solr/select?fl=%2A%2Cscore&hl=on&hl.maxAnalyzedChars=-1&hl.snippets=3&hl.mergeContiguous=true&hl.fl=attr_stream_name%2Cauthors%2Cbody%2Cdesc%2Csubject%2Csup_title&facet=true&facet.field=authorFacet&fq=&version=1.2&wt=json&json.nl=map&q=%2A%3A%2A&start=0&rows=0 HTTP/1.0" 200 2828 
0:0:0:0:0:0:0:1%0 -  -  [07/04/2011:17:13:39 +0000] "GET /solr/select?fl=%2A%2Cscore&hl=on&hl.maxAnalyzedChars=-1&hl.snippets=3&hl.mergeContiguous=true&hl.fl=attr_stream_name%2Cauthors%2Cbody%2Cdesc%2Csubject%2Csup_title&facet=true&facet.field=authorFacet&fq=authorFacet%253AJohn%2BMathiason&version=1.2&wt=json&json.nl=map&q=%2A%3A%2A&start=0&rows=0 HTTP/1.0" 200 3024 
0:0:0:0:0:0:0:1%0 -  -  [07/04/2011:17:14:36 +0000] "GET /solr/select?version=1.2&wt=json&json.nl=map&q=%2A%3A%2A&start=0&rows=0 HTTP/1.0" 200 177 
0:0:0:0:0:0:0:1%0 -  -  [07/04/2011:17:14:37 +0000] "GET /solr/select?version=1.2&wt=json&json.nl=map&q=%2A%3A%2A&start=0&rows=0 HTTP/1.0" 200 177 
0:0:0:0:0:0:0:1%0 -  -  [07/04/2011:17:14:44 +0000] "GET /solr/select?version=1.2&wt=json&json.nl=map&q=%2A%3A%2A&start=0&rows=0 HTTP/1.0" 200 177 
0:0:0:0:0:0:0:1%0 -  -  [07/04/2011:17:14:44 +0000] "GET /solr/select?version=1.2&wt=json&json.nl=map&q=%2A%3A%2A&start=0&rows=0 HTTP/1.0" 200 177 
0:0:0:0:0:0:0:1%0 -  -  [07/04/2011:17:14:45 +0000] "GET /solr/select?version=1.2&wt=json&json.nl=map&q=%2A%3A%2A&start=0&rows=0 HTTP/1.0" 200 177 
0:0:0:0:0:0:0:1%0 -  -  [07/04/2011:17:15:02 +0000] "GET /solr/select?version=1.2&wt=json&json.nl=map&q=%2A%3A%2A&start=0&rows=0 HTTP/1.0" 200 177 
0:0:0:0:0:0:0:1%0 -  -  [07/04/2011:17:15:03 +0000] "GET /solr/select?version=1.2&wt=json&json.nl=map&q=%2A%3A%2A&start=0&rows=0 HTTP/1.0" 200 177 
0:0:0:0:0:0:0:1%0 -  -  [07/04/2011:17:15:22 +0000] "GET /solr/select/?q=*%3A*&version=2.2&start=0&rows=14&indent=on&facet=true&facet.field=authorFacet&fq=authorFacet:Milton%20Mueller HTTP/1.1" 200 4853 
0:0:0:0:0:0:0:1%0 -  -  [07/04/2011:17:15:32 +0000] "GET /solr/select/?q=*%3A*&version=2.2&start=0&rows=14&indent=on&facet=true&facet.field=authorFacet&fq=authorFacet:N/A HTTP/1.1" 200 112072 
0:0:0:0:0:0:0:1%0 -  -  [07/04/2011:17:15:52 +0000] "GET /solr/select/?q=*%3A*&version=2.2&start=0&rows=14&indent=on&facet=true&facet.field=authorFacet&fq=authorFacet:Milton%20Mueller HTTP/1.1" 304 0 
0:0:0:0:0:0:0:1%0 -  -  [07/04/2011:17:15:53 +0000] "GET /favicon.ico HTTP/1.1" 200 1150 
0:0:0:0:0:0:0:1%0 -  -  [07/04/2011:17:15:54 +0000] "GET /solr/select?version=1.2&wt=json&json.nl=map&q=%2A%3A%2A&start=0&rows=0 HTTP/1.0" 200 177 
0:0:0:0:0:0:0:1%0 -  -  [07/04/2011:17:15:56 +0000] "GET /solr/select?version=1.2&wt=json&json.nl=map&q=%2A%3A%2A&start=0&rows=0 HTTP/1.0" 200 177 
0:0:0:0:0:0:0:1%0 -  -  [07/04/2011:17:15:56 +0000] "GET /solr/select?version=1.2&wt=json&json.nl=map&q=%2A%3A%2A&start=0&rows=0 HTTP/1.0" 200 177 
0:0:0:0:0:0:0:1%0 -  -  [07/04/2011:17:16:12 +0000] "GET /solr/select?version=1.2&wt=json&json.nl=map&q=%2A%3A%2A&start=0&rows=0 HTTP/1.0" 200 177 
0:0:0:0:0:0:0:1%0 -  -  [07/04/2011:17:16:13 +0000] "GET /solr/select?version=1.2&wt=json&json.nl=map&q=%2A%3A%2A&start=0&rows=0 HTTP/1.0" 200 177 
0:0:0:0:0:0:0:1%0 -  -  [07/04/2011:17:16:14 +0000] "GET /solr/select?version=1.2&wt=json&json.nl=map&q=%2A%3A%2A&start=0&rows=0 HTTP/1.0" 200 177 
0:0:0:0:0:0:0:1%0 -  -  [07/04/2011:17:16:23 +0000] "GET /solr/select?version=1.2&wt=json&json.nl=map&q=%2A%3A%2A&start=0&rows=0 HTTP/1.0" 200 177 
0:0:0:0:0:0:0:1%0 -  -  [07/04/2011:17:17:16 +0000] "GET /solr/select?version=1.2&wt=json&json.nl=map&q=%2A%3A%2A&start=0&rows=0 HTTP/1.0" 200 177 
0:0:0:0:0:0:0:1%0 -  -  [07/04/2011:17:17:18 +0000] "GET /solr/select?version=1.2&wt=json&json.nl=map&q=%2A%3A%2A&start=0&rows=0 HTTP/1.0" 200 177 
0:0:0:0:0:0:0:1%0 -  -  [07/04/2011:17:17:19 +0000] "GET /solr/select?version=1.2&wt=json&json.nl=map&q=%2A%3A%2A&start=0&rows=0 HTTP/1.0" 200 177 
0:0:0:0:0:0:0:1%0 -  -  [07/04/2011:17:17:19 +0000] "GET /solr/select?version=1.2&wt=json&json.nl=map&q=%2A%3A%2A&start=0&rows=0 HTTP/1.0" 200 177 
0:0:0:0:0:0:0:1%0 -  -  [07/04/2011:17:17:30 +0000] "GET /solr/select?version=1.2&wt=json&json.nl=map&q=%2A%3A%2A&start=0&rows=0 HTTP/1.0" 200 177 
0:0:0:0:0:0:0:1%0 -  -  [07/04/2011:17:17:34 +0000] "GET /solr/select?version=1.2&wt=json&json.nl=map&q=%2A%3A%2A&start=0&rows=0 HTTP/1.0" 200 177 
0:0:0:0:0:0:0:1%0 -  -  [07/04/2011:17:17:41 +0000] "GET /solr/select?version=1.2&wt=json&json.nl=map&q=%2A%3A%2A&start=0&rows=0 HTTP/1.0" 200 177 
0:0:0:0:0:0:0:1%0 -  -  [07/04/2011:17:18:45 +0000] "GET /solr/select?version=1.2&wt=json&json.nl=map&q=%2A%3A%2A&start=0&rows=0 HTTP/1.0" 200 177 
0:0:0:0:0:0:0:1%0 -  -  [07/04/2011:17:18:47 +0000] "GET /solr/select?version=1.2&wt=json&json.nl=map&q=%2A%3A%2A&start=0&rows=0 HTTP/1.0" 200 177 
0:0:0:0:0:0:0:1%0 -  -  [07/04/2011:17:18:51 +0000] "GET /solr/select?version=1.2&wt=json&json.nl=map&q=%2A%3A%2A&start=0&rows=0 HTTP/1.0" 200 177 
0:0:0:0:0:0:0:1%0 -  -  [07/04/2011:17:19:27 +0000] "GET /solr/select?fl=%2A%2Cscore&hl=on&hl.maxAnalyzedChars=-1&hl.snippets=3&hl.mergeContiguous=true&hl.fl=attr_stream_name%2Cauthors%2Cbody%2Cdesc%2Csubject%2Csup_title&facet=true&facet.field=authorFacet&fq=&version=1.2&wt=json&json.nl=map&q=%2A%3A%2A&start=0&rows=0 HTTP/1.0" 200 2829 
0:0:0:0:0:0:0:1%0 -  -  [07/04/2011:17:19:29 +0000] "GET /solr/select?fl=%2A%2Cscore&hl=on&hl.maxAnalyzedChars=-1&hl.snippets=3&hl.mergeContiguous=true&hl.fl=attr_stream_name%2Cauthors%2Cbody%2Cdesc%2Csubject%2Csup_title&facet=true&facet.field=authorFacet&fq=&version=1.2&wt=json&json.nl=map&q=%2A%3A%2A&start=0&rows=0 HTTP/1.0" 200 2828 
0:0:0:0:0:0:0:1%0 -  -  [07/04/2011:17:19:32 +0000] "GET /solr/select?fl=%2A%2Cscore&hl=on&hl.maxAnalyzedChars=-1&hl.snippets=3&hl.mergeContiguous=true&hl.fl=attr_stream_name%2Cauthors%2Cbody%2Cdesc%2Csubject%2Csup_title&facet=true&facet.field=authorFacet&fq=&version=1.2&wt=json&json.nl=map&q=%2A%3A%2A&start=0&rows=0 HTTP/1.0" 200 2828 
0:0:0:0:0:0:0:1%0 -  -  [07/04/2011:17:19:34 +0000] "GET /solr/select?fl=%2A%2Cscore&hl=on&hl.maxAnalyzedChars=-1&hl.snippets=3&hl.mergeContiguous=true&hl.fl=attr_stream_name%2Cauthors%2Cbody%2Cdesc%2Csubject%2Csup_title&facet=true&facet.field=authorFacet&fq=authorFacet%253AMilton%2BMueller&version=1.2&wt=json&json.nl=map&q=%2A%3A%2A&start=0&rows=0 HTTP/1.0" 200 3022 
0:0:0:0:0:0:0:1%0 -  -  [07/04/2011:17:19:37 +0000] "GET /solr/select?fl=%2A%2Cscore&hl=on&hl.maxAnalyzedChars=-1&hl.snippets=3&hl.mergeContiguous=true&hl.fl=attr_stream_name%2Cauthors%2Cbody%2Cdesc%2Csubject%2Csup_title&facet=true&facet.field=authorFacet&fq=authorFacet%253AN%252FA&version=1.2&wt=json&json.nl=map&q=%2A%3A%2A&start=0&rows=0 HTTP/1.0" 200 3014 
0:0:0:0:0:0:0:1%0 -  -  [07/04/2011:17:19:48 +0000] "GET /solr/select?fl=%2A%2Cscore&hl=on&hl.maxAnalyzedChars=-1&hl.snippets=3&hl.mergeContiguous=true&hl.fl=attr_stream_name%2Cauthors%2Cbody%2Cdesc%2Csubject%2Csup_title&facet=true&facet.field=authorFacet&version=1.2&wt=json&json.nl=map&q=%2A%3A%2A&start=0&rows=0 HTTP/1.0" 200 2820 
0:0:0:0:0:0:0:1%0 -  -  [07/04/2011:17:19:50 +0000] "GET /solr/select?fl=%2A%2Cscore&hl=on&hl.maxAnalyzedChars=-1&hl.snippets=3&hl.mergeContiguous=true&hl.fl=attr_stream_name%2Cauthors%2Cbody%2Cdesc%2Csubject%2Csup_title&facet=true&facet.field=authorFacet&fq=authorFacet%3AN%2FA&version=1.2&wt=json&json.nl=map&q=%2A%3A%2A&start=0&rows=0 HTTP/1.0" 200 2996 
0:0:0:0:0:0:0:1%0 -  -  [07/04/2011:17:19:54 +0000] "GET /solr/select?fl=%2A%2Cscore&hl=on&hl.maxAnalyzedChars=-1&hl.snippets=3&hl.mergeContiguous=true&hl.fl=attr_stream_name%2Cauthors%2Cbody%2Cdesc%2Csubject%2Csup_title&facet=true&facet.field=authorFacet&fq=authorFacet%3AMilton+Mueller&version=1.2&wt=json&json.nl=map&q=%2A%3A%2A&start=0&rows=0 HTTP/1.0" 200 3020 
0:0:0:0:0:0:0:1%0 -  -  [07/04/2011:17:21:50 +0000] "GET /solr/select?fl=%2A%2Cscore&hl=on&hl.maxAnalyzedChars=-1&hl.snippets=3&hl.mergeContiguous=true&hl.fl=attr_stream_name%2Cauthors%2Cbody%2Cdesc%2Csubject%2Csup_title&facet=true&facet.field=authorFacet&fq=authorFacet%3AMilton%2BMueller&version=1.2&wt=json&json.nl=map&q=%2A%3A%2A&start=0&rows=0 HTTP/1.0" 200 3020 
0:0:0:0:0:0:0:1%0 -  -  [07/04/2011:17:21:50 +0000] "GET /solr/select?fl=%2A%2Cscore&hl=on&hl.maxAnalyzedChars=-1&hl.snippets=3&hl.mergeContiguous=true&hl.fl=attr_stream_name%2Cauthors%2Cbody%2Cdesc%2Csubject%2Csup_title&facet=true&facet.field=authorFacet&fq=authorFacet%3AMilton%2BMueller&version=1.2&wt=json&json.nl=map&q=%2A%3A%2A&start=0&rows=0 HTTP/1.0" 200 3020 
0:0:0:0:0:0:0:1%0 -  -  [07/04/2011:17:21:51 +0000] "GET /solr/select?fl=%2A%2Cscore&hl=on&hl.maxAnalyzedChars=-1&hl.snippets=3&hl.mergeContiguous=true&hl.fl=attr_stream_name%2Cauthors%2Cbody%2Cdesc%2Csubject%2Csup_title&facet=true&facet.field=authorFacet&fq=authorFacet%3AMilton%2BMueller&version=1.2&wt=json&json.nl=map&q=%2A%3A%2A&start=0&rows=0 HTTP/1.0" 200 3020 
0:0:0:0:0:0:0:1%0 -  -  [07/04/2011:17:22:07 +0000] "GET /solr/select?fl=%2A%2Cscore&hl=on&hl.maxAnalyzedChars=-1&hl.snippets=3&hl.mergeContiguous=true&hl.fl=attr_stream_name%2Cauthors%2Cbody%2Cdesc%2Csubject%2Csup_title&facet=true&facet.field=authorFacet&version=1.2&wt=json&json.nl=map&q=%2A%3A%2A&start=0&rows=0 HTTP/1.0" 200 2820 
0:0:0:0:0:0:0:1%0 -  -  [07/04/2011:17:22:09 +0000] "GET /solr/select?fl=%2A%2Cscore&hl=on&hl.maxAnalyzedChars=-1&hl.snippets=3&hl.mergeContiguous=true&hl.fl=attr_stream_name%2Cauthors%2Cbody%2Cdesc%2Csubject%2Csup_title&facet=true&facet.field=authorFacet&fq=authorFacet%3AN%2FA&version=1.2&wt=json&json.nl=map&q=%2A%3A%2A&start=0&rows=0 HTTP/1.0" 200 2996 
0:0:0:0:0:0:0:1%0 -  -  [07/04/2011:17:22:23 +0000] "GET /solr/select/?q=*%3A*&version=2.2&start=0&rows=14&indent=on&facet=true&facet.field=authorFacet&fq=authorFacet:N/A HTTP/1.1" 304 0 
0:0:0:0:0:0:0:1%0 -  -  [07/04/2011:17:22:52 +0000] "GET /solr/select/?q=*%3A*&version=2.2&fl=id&start=0&rows=14&indent=on&facet=true&facet.field=authorFacet&fq=authorFacet:N/A HTTP/1.1" 200 5194 
0:0:0:0:0:0:0:1%0 -  -  [07/04/2011:17:23:09 +0000] "GET /solr/select/?q=*%3A*&version=2.2&fl=id&start=0&rows=14&indent=on&facet=true&facet.field=authorFacet&fq=authorFacet:Literacy.org HTTP/1.1" 200 4927 
0:0:0:0:0:0:0:1%0 -  -  [07/04/2011:17:23:23 +0000] "GET /solr/select/?q=*%3A*&version=2.2&fl=id&start=0&rows=14&indent=on&facet=true&facet.field=authorFacet&fq=authorFacet:AOL HTTP/1.1" 200 4867 
0:0:0:0:0:0:0:1%0 -  -  [07/04/2011:17:23:41 +0000] "GET /solr/select/?q=*%3A*&version=2.2&fl=id&start=0&rows=14&indent=on&facet=true&facet.field=authorFacet&fq=authorFacet:Jim%20Giles HTTP/1.1" 200 4874 
0:0:0:0:0:0:0:1%0 -  -  [07/04/2011:17:23:47 +0000] "GET /solr/select/?q=*%3A*&version=2.2&fl=id&start=0&rows=14&indent=on&facet=true&facet.field=authorFacet&fq= HTTP/1.1" 200 5269 
0:0:0:0:0:0:0:1%0 -  -  [07/04/2011:17:27:54 +0000] "GET /solr/select/?q=*%3A*&version=2.2&fl=id&start=0&rows=14&indent=on&facet=true&facet.field=authorFacet&fq=%22Milton%20Mueller%22 HTTP/1.1" 200 5467 
0:0:0:0:0:0:0:1%0 -  -  [07/04/2011:17:28:02 +0000] "GET /solr/select/?q=*%3A*&version=2.2&fl=id&start=0&rows=14&indent=on&facet=true&facet.field=authorFacet&fq=authorFacet:%22Milton%20Mueller%22 HTTP/1.1" 200 5309 
0:0:0:0:0:0:0:1%0 -  -  [07/04/2011:17:29:48 +0000] "GET /solr/select?fl=%2A%2Cscore&hl=on&hl.maxAnalyzedChars=-1&hl.snippets=3&hl.mergeContiguous=true&hl.fl=attr_stream_name%2Cauthors%2Cbody%2Cdesc%2Csubject%2Csup_title&facet=true&facet.field=authorFacet&fq=authorFacet%3AN%2FA&version=1.2&wt=json&json.nl=map&q=%2A%3A%2A&start=0&rows=0 HTTP/1.0" 200 2997 
0:0:0:0:0:0:0:1%0 -  -  [07/04/2011:17:29:55 +0000] "GET /solr/select?fl=%2A%2Cscore&hl=on&hl.maxAnalyzedChars=-1&hl.snippets=3&hl.mergeContiguous=true&hl.fl=attr_stream_name%2Cauthors%2Cbody%2Cdesc%2Csubject%2Csup_title&facet=true&facet.field=authorFacet&fq=&version=1.2&wt=json&json.nl=map&q=%2A%3A%2A&start=0&rows=0 HTTP/1.0" 200 2829 
0:0:0:0:0:0:0:1%0 -  -  [07/04/2011:17:29:58 +0000] "GET /solr/select?fl=%2A%2Cscore&hl=on&hl.maxAnalyzedChars=-1&hl.snippets=3&hl.mergeContiguous=true&hl.fl=attr_stream_name%2Cauthors%2Cbody%2Cdesc%2Csubject%2Csup_title&facet=true&facet.field=authorFacet&fq=authorFacet%3A%5C%22Milton+Mueller%5C%22&version=1.2&wt=json&json.nl=map&q=%2A%3A%2A&start=0&rows=0 HTTP/1.0" 200 3030 
0:0:0:0:0:0:0:1%0 -  -  [07/04/2011:17:30:17 +0000] "GET /solr/select/?q=*%3A*&version=2.2&fl=id&start=0&rows=14&indent=on&facet=true&facet.field=authorFacet&fq=authorFacet:authorFacet:%22Milton%20Mueller%22 HTTP/1.1" 400 1861 
0:0:0:0:0:0:0:1%0 -  -  [07/04/2011:17:30:38 +0000] "GET /solr/select?fl=%2A%2Cscore&hl=on&hl.maxAnalyzedChars=-1&hl.snippets=3&hl.mergeContiguous=true&hl.fl=attr_stream_name%2Cauthors%2Cbody%2Cdesc%2Csubject%2Csup_title&facet=true&facet.field=authorFacet&fq=authorFacet%3A%5C%22Milton+Mueller%5C%22&version=1.2&wt=json&json.nl=map&q=%2A%3A%2A&start=0&rows=0 HTTP/1.0" 200 3029 
0:0:0:0:0:0:0:1%0 -  -  [07/04/2011:17:30:42 +0000] "GET /solr/select?fl=%2A%2Cscore&hl=on&hl.maxAnalyzedChars=-1&hl.snippets=3&hl.mergeContiguous=true&hl.fl=attr_stream_name%2Cauthors%2Cbody%2Cdesc%2Csubject%2Csup_title&facet=true&facet.field=authorFacet&fq=authorFacet%3A%5C%22Milton+Mueller%5C%22&version=1.2&wt=json&json.nl=map&q=%2A%3A%2A&start=0&rows=0 HTTP/1.0" 200 3029 
0:0:0:0:0:0:0:1%0 -  -  [07/04/2011:17:31:00 +0000] "GET /solr/select?fl=%2A%2Cscore&hl=on&hl.maxAnalyzedChars=-1&hl.snippets=3&hl.mergeContiguous=true&hl.fl=attr_stream_name%2Cauthors%2Cbody%2Cdesc%2Csubject%2Csup_title&facet=true&facet.field=authorFacet&version=1.2&wt=json&json.nl=map&q=%2A%3A%2A&start=0&rows=0 HTTP/1.0" 200 2821 
0:0:0:0:0:0:0:1%0 -  -  [07/04/2011:17:31:03 +0000] "GET /solr/select?fl=%2A%2Cscore&hl=on&hl.maxAnalyzedChars=-1&hl.snippets=3&hl.mergeContiguous=true&hl.fl=attr_stream_name%2Cauthors%2Cbody%2Cdesc%2Csubject%2Csup_title&facet=true&facet.field=authorFacet&fq=authorFacet%3A%5C%22N%2FA%5C%22&version=1.2&wt=json&json.nl=map&q=%2A%3A%2A&start=0&rows=0 HTTP/1.0" 200 3017 
0:0:0:0:0:0:0:1%0 -  -  [07/04/2011:17:31:09 +0000] "GET /solr/select?fl=%2A%2Cscore&hl=on&hl.maxAnalyzedChars=-1&hl.snippets=3&hl.mergeContiguous=true&hl.fl=attr_stream_name%2Cauthors%2Cbody%2Cdesc%2Csubject%2Csup_title&facet=true&facet.field=authorFacet&fq=authorFacet%3A%5C%22John+Mathiason%5C%22&version=1.2&wt=json&json.nl=map&q=%2A%3A%2A&start=0&rows=0 HTTP/1.0" 200 3029 
0:0:0:0:0:0:0:1%0 -  -  [07/04/2011:17:31:11 +0000] "GET /solr/select?fl=%2A%2Cscore&hl=on&hl.maxAnalyzedChars=-1&hl.snippets=3&hl.mergeContiguous=true&hl.fl=attr_stream_name%2Cauthors%2Cbody%2Cdesc%2Csubject%2Csup_title&facet=true&facet.field=authorFacet&fq=authorFacet%3A%5C%22Milton+Mueller%5C%22&version=1.2&wt=json&json.nl=map&q=%2A%3A%2A&start=0&rows=0 HTTP/1.0" 200 3028 
0:0:0:0:0:0:0:1%0 -  -  [07/04/2011:17:32:00 +0000] "GET /solr/select?fl=%2A%2Cscore&hl=on&hl.maxAnalyzedChars=-1&hl.snippets=3&hl.mergeContiguous=true&hl.fl=attr_stream_name%2Cauthors%2Cbody%2Cdesc%2Csubject%2Csup_title&facet=true&facet.field=authorFacet&version=1.2&wt=json&json.nl=map&q=%2A%3A%2A&start=0&rows=0 HTTP/1.0" 200 2820 
0:0:0:0:0:0:0:1%0 -  -  [07/04/2011:17:32:01 +0000] "GET /solr/select?fl=%2A%2Cscore&hl=on&hl.maxAnalyzedChars=-1&hl.snippets=3&hl.mergeContiguous=true&hl.fl=attr_stream_name%2Cauthors%2Cbody%2Cdesc%2Csubject%2Csup_title&facet=true&facet.field=authorFacet&version=1.2&wt=json&json.nl=map&q=%2A%3A%2A&start=0&rows=0 HTTP/1.0" 200 2820 
0:0:0:0:0:0:0:1%0 -  -  [07/04/2011:17:32:03 +0000] "GET /solr/select?fl=%2A%2Cscore&hl=on&hl.maxAnalyzedChars=-1&hl.snippets=3&hl.mergeContiguous=true&hl.fl=attr_stream_name%2Cauthors%2Cbody%2Cdesc%2Csubject%2Csup_title&facet=true&facet.field=authorFacet&fq=authorFacet%3A%5C%22Milton+Mueller%5C%22&version=1.2&wt=json&json.nl=map&q=%2A%3A%2A&start=0&rows=0 HTTP/1.0" 200 3028 
0:0:0:0:0:0:0:1%0 -  -  [07/04/2011:17:32:26 +0000] "GET /solr/select/?q=*%3A*&version=2.2&fl=id&start=0&rows=14&indent=on&facet=true&facet.field=authorFacet&fq=authorFacet%3A%5C%22Milton+Mueller%5C%22 HTTP/1.1" 200 4882 
0:0:0:0:0:0:0:1%0 -  -  [07/04/2011:17:32:33 +0000] "GET /solr/select/?q=*%3A*&version=2.2&fl=id&start=0&rows=14&indent=on&facet=true&facet.field=authorFacet&fq=authorFacet%3A%5C%22Milton%20Mueller%5C%22 HTTP/1.1" 200 4882 
0:0:0:0:0:0:0:1%0 -  -  [07/04/2011:17:33:35 +0000] "GET /solr/select?fl=%2A%2Cscore&hl=on&hl.maxAnalyzedChars=-1&hl.snippets=3&hl.mergeContiguous=true&hl.fl=attr_stream_name%2Cauthors%2Cbody%2Cdesc%2Csubject%2Csup_title&facet=true&facet.field=authorFacet&fq=authorFacet%3A%5C%22Milton+Mueller%5C%22&version=1.2&wt=json&json.nl=map&q=%2A%3A%2A&start=0&rows=0 HTTP/1.0" 200 3029 
0:0:0:0:0:0:0:1%0 -  -  [07/04/2011:17:33:40 +0000] "GET /solr/select?fl=%2A%2Cscore&hl=on&hl.maxAnalyzedChars=-1&hl.snippets=3&hl.mergeContiguous=true&hl.fl=attr_stream_name%2Cauthors%2Cbody%2Cdesc%2Csubject%2Csup_title&facet=true&facet.field=authorFacet&fq=&version=1.2&wt=json&json.nl=map&q=%2A%3A%2A&start=0&rows=0 HTTP/1.0" 200 2829 
0:0:0:0:0:0:0:1%0 -  -  [07/04/2011:17:34:26 +0000] "GET /solr/select?fl=%2A%2Cscore&hl=on&hl.maxAnalyzedChars=-1&hl.snippets=3&hl.mergeContiguous=true&hl.fl=attr_stream_name%2Cauthors%2Cbody%2Cdesc%2Csubject%2Csup_title&facet=true&facet.field=authorFacet&fq=&version=1.2&wt=json&json.nl=map&q=%2A%3A%2A&start=0&rows=0 HTTP/1.0" 200 2829 
0:0:0:0:0:0:0:1%0 -  -  [07/04/2011:17:34:47 +0000] "GET /solr/select?fl=%2A%2Cscore&hl=on&hl.maxAnalyzedChars=-1&hl.snippets=3&hl.mergeContiguous=true&hl.fl=attr_stream_name%2Cauthors%2Cbody%2Cdesc%2Csubject%2Csup_title&facet=true&facet.field=authorFacet&fq=&version=1.2&wt=json&json.nl=map&q=%2A%3A%2A&start=0&rows=0 HTTP/1.0" 200 2829 
0:0:0:0:0:0:0:1%0 -  -  [07/04/2011:17:34:53 +0000] "GET /solr/select?fl=%2A%2Cscore&hl=on&hl.maxAnalyzedChars=-1&hl.snippets=3&hl.mergeContiguous=true&hl.fl=attr_stream_name%2Cauthors%2Cbody%2Cdesc%2Csubject%2Csup_title&facet=true&facet.field=authorFacet&fq=authorFacet%3A%5C%22Milton+Mueller%5C%22&version=1.2&wt=json&json.nl=map&q=%2A%3A%2A&start=0&rows=0 HTTP/1.0" 200 3029 
0:0:0:0:0:0:0:1%0 -  -  [07/04/2011:17:35:29 +0000] "GET /solr/select?fl=%2A%2Cscore&hl=on&hl.maxAnalyzedChars=-1&hl.snippets=3&hl.mergeContiguous=true&hl.fl=attr_stream_name%2Cauthors%2Cbody%2Cdesc%2Csubject%2Csup_title&facet=true&facet.field=authorFacet&fq=&version=1.2&wt=json&json.nl=map&q=%2A%3A%2A&start=0&rows=0 HTTP/1.0" 200 2829 
0:0:0:0:0:0:0:1%0 -  -  [07/04/2011:17:35:39 +0000] "GET /solr/select?fl=%2A%2Cscore&hl=on&hl.maxAnalyzedChars=-1&hl.snippets=3&hl.mergeContiguous=true&hl.fl=attr_stream_name%2Cauthors%2Cbody%2Cdesc%2Csubject%2Csup_title&facet=true&facet.field=authorFacet&fq=authorFacet%3A%5C%22Milton+Mueller%5C%22&version=1.2&wt=json&json.nl=map&q=%2A%3A%2A&start=0&rows=0 HTTP/1.0" 200 3029 
0:0:0:0:0:0:0:1%0 -  -  [07/04/2011:17:35:51 +0000] "GET /solr/select?fl=%2A%2Cscore&hl=on&hl.maxAnalyzedChars=-1&hl.snippets=3&hl.mergeContiguous=true&hl.fl=attr_stream_name%2Cauthors%2Cbody%2Cdesc%2Csubject%2Csup_title&facet=true&facet.field=authorFacet&fq=authorFacet%3A%5C%22Milton+Mueller%5C%22&version=1.2&wt=json&json.nl=map&q=%2A%3A%2A&start=0&rows=0 HTTP/1.0" 200 3029 
0:0:0:0:0:0:0:1%0 -  -  [07/04/2011:17:35:59 +0000] "GET /solr/select?fl=%2A%2Cscore&hl=on&hl.maxAnalyzedChars=-1&hl.snippets=3&hl.mergeContiguous=true&hl.fl=attr_stream_name%2Cauthors%2Cbody%2Cdesc%2Csubject%2Csup_title&facet=true&facet.field=authorFacet&fq=authorFacet%3A%5C%22Milton+Mueller%5C%22&version=1.2&wt=json&json.nl=map&q=%2A%3A%2A&start=0&rows=0 HTTP/1.0" 200 3028 
0:0:0:0:0:0:0:1%0 -  -  [07/04/2011:17:37:21 +0000] "GET /solr/select?fl=%2A%2Cscore&hl=on&hl.maxAnalyzedChars=-1&hl.snippets=3&hl.mergeContiguous=true&hl.fl=attr_stream_name%2Cauthors%2Cbody%2Cdesc%2Csubject%2Csup_title&facet=true&facet.field=authorFacet&fq=&version=1.2&wt=json&json.nl=map&q=%2A%3A%2A&start=0&rows=0 HTTP/1.0" 200 2829 
0:0:0:0:0:0:0:1%0 -  -  [07/04/2011:17:37:22 +0000] "GET /solr/select?fl=%2A%2Cscore&hl=on&hl.maxAnalyzedChars=-1&hl.snippets=3&hl.mergeContiguous=true&hl.fl=attr_stream_name%2Cauthors%2Cbody%2Cdesc%2Csubject%2Csup_title&facet=true&facet.field=authorFacet&fq=authorFacet%3A%5C%22Milton+Mueller%5C%22&version=1.2&wt=json&json.nl=map&q=%2A%3A%2A&start=0&rows=0 HTTP/1.0" 200 3029 
0:0:0:0:0:0:0:1%0 -  -  [07/04/2011:17:37:30 +0000] "GET /solr/select?fl=%2A%2Cscore&hl=on&hl.maxAnalyzedChars=-1&hl.snippets=3&hl.mergeContiguous=true&hl.fl=attr_stream_name%2Cauthors%2Cbody%2Cdesc%2Csubject%2Csup_title&facet=true&facet.field=authorFacet&version=1.2&wt=json&json.nl=map&q=%2A%3A%2A&start=0&rows=0 HTTP/1.0" 200 2821 
0:0:0:0:0:0:0:1%0 -  -  [07/04/2011:17:37:32 +0000] "GET /solr/select?fl=%2A%2Cscore&hl=on&hl.maxAnalyzedChars=-1&hl.snippets=3&hl.mergeContiguous=true&hl.fl=attr_stream_name%2Cauthors%2Cbody%2Cdesc%2Csubject%2Csup_title&facet=true&facet.field=authorFacet&fq=authorFacet%3A%5C%22Milton+Mueller%5C%22&version=1.2&wt=json&json.nl=map&q=%2A%3A%2A&start=0&rows=0 HTTP/1.0" 200 3029 
0:0:0:0:0:0:0:1%0 -  -  [07/04/2011:17:37:35 +0000] "GET /solr/select?fl=%2A%2Cscore&hl=on&hl.maxAnalyzedChars=-1&hl.snippets=3&hl.mergeContiguous=true&hl.fl=attr_stream_name%2Cauthors%2Cbody%2Cdesc%2Csubject%2Csup_title&facet=true&facet.field=authorFacet&fq=authorFacet%3A%5C%22N%2FA%5C%22&version=1.2&wt=json&json.nl=map&q=%2A%3A%2A&start=0&rows=0 HTTP/1.0" 200 3018 
0:0:0:0:0:0:0:1%0 -  -  [07/04/2011:17:37:47 +0000] "GET /solr/select?fl=%2A%2Cscore&hl=on&hl.maxAnalyzedChars=-1&hl.snippets=3&hl.mergeContiguous=true&hl.fl=attr_stream_name%2Cauthors%2Cbody%2Cdesc%2Csubject%2Csup_title&facet=true&facet.field=authorFacet&fq=authorFacet%3A%5C%22Milton+Mueller%5C%22&version=1.2&wt=json&json.nl=map&q=%2A%3A%2A&start=0&rows=0 HTTP/1.0" 200 3029 
0:0:0:0:0:0:0:1%0 -  -  [07/04/2011:17:37:48 +0000] "GET /solr/select?fl=%2A%2Cscore&hl=on&hl.maxAnalyzedChars=-1&hl.snippets=3&hl.mergeContiguous=true&hl.fl=attr_stream_name%2Cauthors%2Cbody%2Cdesc%2Csubject%2Csup_title&facet=true&facet.field=authorFacet&version=1.2&wt=json&json.nl=map&q=%2A%3A%2A&start=0&rows=0 HTTP/1.0" 200 2821 
0:0:0:0:0:0:0:1%0 -  -  [07/04/2011:17:37:50 +0000] "GET /solr/select?fl=%2A%2Cscore&hl=on&hl.maxAnalyzedChars=-1&hl.snippets=3&hl.mergeContiguous=true&hl.fl=attr_stream_name%2Cauthors%2Cbody%2Cdesc%2Csubject%2Csup_title&facet=true&facet.field=authorFacet&fq=authorFacet%3A%5C%22Milton+Mueller%5C%22&version=1.2&wt=json&json.nl=map&q=%2A%3A%2A&start=0&rows=0 HTTP/1.0" 200 3029 
0:0:0:0:0:0:0:1%0 -  -  [07/04/2011:17:37:58 +0000] "GET /solr/select?fl=%2A%2Cscore&hl=on&hl.maxAnalyzedChars=-1&hl.snippets=3&hl.mergeContiguous=true&hl.fl=attr_stream_name%2Cauthors%2Cbody%2Cdesc%2Csubject%2Csup_title&facet=true&facet.field=authorFacet&fq=authorFacet%3A%5C%22N%2FA%5C%22&version=1.2&wt=json&json.nl=map&q=%2A%3A%2A&start=0&rows=0 HTTP/1.0" 200 3018 
0:0:0:0:0:0:0:1%0 -  -  [07/04/2011:17:38:21 +0000] "GET /solr/select?fl=%2A%2Cscore&hl=on&hl.maxAnalyzedChars=-1&hl.snippets=3&hl.mergeContiguous=true&hl.fl=attr_stream_name%2Cauthors%2Cbody%2Cdesc%2Csubject%2Csup_title&facet=true&facet.field=authorFacet&fq=authorFacet%3A%5C%22N%2FA%5C%22&version=1.2&wt=json&json.nl=map&q=%2A%3A%2A&start=0&rows=0 HTTP/1.0" 200 3017 
0:0:0:0:0:0:0:1%0 -  -  [07/04/2011:17:38:23 +0000] "GET /solr/select?fl=%2A%2Cscore&hl=on&hl.maxAnalyzedChars=-1&hl.snippets=3&hl.mergeContiguous=true&hl.fl=attr_stream_name%2Cauthors%2Cbody%2Cdesc%2Csubject%2Csup_title&facet=true&facet.field=authorFacet&version=1.2&wt=json&json.nl=map&q=%2A%3A%2A&start=0&rows=0 HTTP/1.0" 200 2821 
0:0:0:0:0:0:0:1%0 -  -  [07/04/2011:17:38:27 +0000] "GET /solr/select?fl=%2A%2Cscore&hl=on&hl.maxAnalyzedChars=-1&hl.snippets=3&hl.mergeContiguous=true&hl.fl=attr_stream_name%2Cauthors%2Cbody%2Cdesc%2Csubject%2Csup_title&facet=true&facet.field=authorFacet&fq=authorFacet%3A%5C%22Milton+Mueller%5C%22&version=1.2&wt=json&json.nl=map&q=%2A%3A%2A&start=0&rows=0 HTTP/1.0" 200 3029 
0:0:0:0:0:0:0:1%0 -  -  [07/04/2011:17:39:01 +0000] "GET /solr/select?fl=%2A%2Cscore&hl=on&hl.maxAnalyzedChars=-1&hl.snippets=3&hl.mergeContiguous=true&hl.fl=attr_stream_name%2Cauthors%2Cbody%2Cdesc%2Csubject%2Csup_title&facet=true&facet.field=authorFacet&fq=authorFacet%3A%5C%22Milton+Mueller%5C%22&version=1.2&wt=json&json.nl=map&q=%2A%3A%2A&start=0&rows=0 HTTP/1.0" 200 3029 
0:0:0:0:0:0:0:1%0 -  -  [07/04/2011:17:39:39 +0000] "GET /solr/select?fl=%2A%2Cscore&hl=on&hl.maxAnalyzedChars=-1&hl.snippets=3&hl.mergeContiguous=true&hl.fl=attr_stream_name%2Cauthors%2Cbody%2Cdesc%2Csubject%2Csup_title&facet=true&facet.field=authorFacet&version=1.2&wt=json&json.nl=map&q=%2A%3A%2A&start=0&rows=0 HTTP/1.0" 200 2820 
0:0:0:0:0:0:0:1%0 -  -  [07/04/2011:17:39:42 +0000] "GET /solr/select?fl=%2A%2Cscore&hl=on&hl.maxAnalyzedChars=-1&hl.snippets=3&hl.mergeContiguous=true&hl.fl=attr_stream_name%2Cauthors%2Cbody%2Cdesc%2Csubject%2Csup_title&facet=true&facet.field=authorFacet&fq=authorFacet%3A%5C%22Milton+Mueller%5C%22&version=1.2&wt=json&json.nl=map&q=%2A%3A%2A&start=0&rows=0 HTTP/1.0" 200 3029 
0:0:0:0:0:0:0:1%0 -  -  [07/04/2011:17:40:54 +0000] "GET /solr/select?fl=%2A%2Cscore&hl=on&hl.maxAnalyzedChars=-1&hl.snippets=3&hl.mergeContiguous=true&hl.fl=attr_stream_name%2Cauthors%2Cbody%2Cdesc%2Csubject%2Csup_title&facet=true&facet.field=authorFacet&fq=authorFacet%3A%22N%2FA%22&version=1.2&wt=json&json.nl=map&q=%2A%3A%2A&start=0&rows=0 HTTP/1.0" 200 3001 
0:0:0:0:0:0:0:1%0 -  -  [07/04/2011:17:40:55 +0000] "GET /solr/select?fl=%2A%2Cscore&hl=on&hl.maxAnalyzedChars=-1&hl.snippets=3&hl.mergeContiguous=true&hl.fl=attr_stream_name%2Cauthors%2Cbody%2Cdesc%2Csubject%2Csup_title&facet=true&facet.field=authorFacet&fq=authorFacet%3A%22N%2FA%22&version=1.2&wt=json&json.nl=map&q=%2A%3A%2A&start=0&rows=0 HTTP/1.0" 200 3001 
0:0:0:0:0:0:0:1%0 -  -  [07/04/2011:17:41:13 +0000] "GET /solr/select?fl=%2A%2Cscore&hl=on&hl.maxAnalyzedChars=-1&hl.snippets=3&hl.mergeContiguous=true&hl.fl=attr_stream_name%2Cauthors%2Cbody%2Cdesc%2Csubject%2Csup_title&facet=true&facet.field=authorFacet&fq=authorFacet%3A%22Amy+Quinn%22&version=1.2&wt=json&json.nl=map&q=%2A%3A%2A&start=0&rows=0 HTTP/1.0" 200 3021 
0:0:0:0:0:0:0:1%0 -  -  [07/04/2011:17:41:52 +0000] "GET /solr/select?fl=%2A%2Cscore&hl=on&hl.maxAnalyzedChars=-1&hl.snippets=3&hl.mergeContiguous=true&hl.fl=attr_stream_name%2Cauthors%2Cbody%2Cdesc%2Csubject%2Csup_title&facet=true&facet.field=authorFacet&fq=authorFacet%3A%22Milton+Mueller%22&version=1.2&wt=json&json.nl=map&q=%2A%3A%2A&start=0&rows=0 HTTP/1.0" 200 3024 
0:0:0:0:0:0:0:1%0 -  -  [07/04/2011:17:42:27 +0000] "GET /solr/select/?q=*%3A*&version=2.2&fl=id&start=0&rows=14&indent=on&facet=true&facet.field=authorFacet&fq=authorFacet:%22Milton%20Mueller%22 HTTP/1.1" 304 0 
0:0:0:0:0:0:0:1%0 -  -  [07/04/2011:17:42:46 +0000] "GET /solr/select?fl=%2A%2Cscore&hl=on&hl.maxAnalyzedChars=-1&hl.snippets=3&hl.mergeContiguous=true&hl.fl=attr_stream_name%2Cauthors%2Cbody%2Cdesc%2Csubject%2Csup_title&facet=true&facet.field=authorFacet&fq=authorFacet%3A%22Milton+Mueller%22&version=1.2&wt=json&json.nl=map&q=%2A%3A%2A&start=0&rows=0 HTTP/1.0" 200 3025 
0:0:0:0:0:0:0:1%0 -  -  [07/04/2011:17:42:52 +0000] "GET /solr/select?fl=%2A%2Cscore&hl=on&hl.maxAnalyzedChars=-1&hl.snippets=3&hl.mergeContiguous=true&hl.fl=attr_stream_name%2Cauthors%2Cbody%2Cdesc%2Csubject%2Csup_title&facet=true&facet.field=authorFacet&fq=authorFacet%3A%22Milton+Mueller%22&version=1.2&wt=json&json.nl=map&q=%2A%3A%2A&start=0&rows=0 HTTP/1.0" 200 3025 
0:0:0:0:0:0:0:1%0 -  -  [07/04/2011:17:43:31 +0000] "GET /solr/select?fl=%2A%2Cscore&hl=on&hl.maxAnalyzedChars=-1&hl.snippets=3&hl.mergeContiguous=true&hl.fl=attr_stream_name%2Cauthors%2Cbody%2Cdesc%2Csubject%2Csup_title&facet=true&facet.field=authorFacet&fq=authorFacet%3A%22Milton+Mueller%22&version=1.2&wt=json&json.nl=map&q=%2A%3A%2A&start=0&rows=0 HTTP/1.0" 200 3024 
0:0:0:0:0:0:0:1%0 -  -  [07/04/2011:17:43:56 +0000] "GET /solr/select?fl=%2A%2Cscore&hl=on&hl.maxAnalyzedChars=-1&hl.snippets=3&hl.mergeContiguous=true&hl.fl=attr_stream_name%2Cauthors%2Cbody%2Cdesc%2Csubject%2Csup_title&facet=true&facet.field=authorFacet&fq=authorFacet%3A%22Milton+Mueller%22&version=1.2&wt=json&json.nl=map&q=%2A%3A%2A&start=0&rows=0 HTTP/1.0" 200 3025 
0:0:0:0:0:0:0:1%0 -  -  [07/04/2011:17:43:57 +0000] "GET /solr/select?fl=%2A%2Cscore&hl=on&hl.maxAnalyzedChars=-1&hl.snippets=3&hl.mergeContiguous=true&hl.fl=attr_stream_name%2Cauthors%2Cbody%2Cdesc%2Csubject%2Csup_title&facet=true&facet.field=authorFacet&fq=authorFacet%3A%22Milton+Mueller%22&version=1.2&wt=json&json.nl=map&q=%2A%3A%2A&start=0&rows=0 HTTP/1.0" 200 3024 
0:0:0:0:0:0:0:1%0 -  -  [07/04/2011:17:44:07 +0000] "GET /solr/select?fl=%2A%2Cscore&hl=on&hl.maxAnalyzedChars=-1&hl.snippets=3&hl.mergeContiguous=true&hl.fl=attr_stream_name%2Cauthors%2Cbody%2Cdesc%2Csubject%2Csup_title&facet=true&facet.field=authorFacet&fq=authorFacet%3A%22Milton+Mueller%22&version=1.2&wt=json&json.nl=map&q=%2A%3A%2A&start=0&rows=0 HTTP/1.0" 200 3024 
0:0:0:0:0:0:0:1%0 -  -  [07/04/2011:17:44:12 +0000] "GET /solr/select?fl=%2A%2Cscore&hl=on&hl.maxAnalyzedChars=-1&hl.snippets=3&hl.mergeContiguous=true&hl.fl=attr_stream_name%2Cauthors%2Cbody%2Cdesc%2Csubject%2Csup_title&facet=true&facet.field=authorFacet&fq=authorFacet%3A%22Milton+Mueller%22&version=1.2&wt=json&json.nl=map&q=%2A%3A%2A&start=0&rows=0 HTTP/1.0" 200 3025 
0:0:0:0:0:0:0:1%0 -  -  [07/04/2011:17:44:24 +0000] "GET /solr/select?fl=%2A%2Cscore&hl=on&hl.maxAnalyzedChars=-1&hl.snippets=3&hl.mergeContiguous=true&hl.fl=attr_stream_name%2Cauthors%2Cbody%2Cdesc%2Csubject%2Csup_title&facet=true&facet.field=authorFacet&fq=authorFacet%3A%22Milton+Mueller%22&version=1.2&wt=json&json.nl=map&q=%2A%3A%2A&start=0&rows=0 HTTP/1.0" 200 3024 
0:0:0:0:0:0:0:1%0 -  -  [07/04/2011:17:44:25 +0000] "GET /solr/select?fl=%2A%2Cscore&hl=on&hl.maxAnalyzedChars=-1&hl.snippets=3&hl.mergeContiguous=true&hl.fl=attr_stream_name%2Cauthors%2Cbody%2Cdesc%2Csubject%2Csup_title&facet=true&facet.field=authorFacet&fq=authorFacet%3A%22Milton+Mueller%22&version=1.2&wt=json&json.nl=map&q=%2A%3A%2A&start=0&rows=0 HTTP/1.0" 200 3026 
0:0:0:0:0:0:0:1%0 -  -  [07/04/2011:17:44:30 +0000] "GET /solr/select?fl=%2A%2Cscore&hl=on&hl.maxAnalyzedChars=-1&hl.snippets=3&hl.mergeContiguous=true&hl.fl=attr_stream_name%2Cauthors%2Cbody%2Cdesc%2Csubject%2Csup_title&facet=true&facet.field=authorFacet&fq=authorFacet%3A%22Milton+Mueller%22&version=1.2&wt=json&json.nl=map&q=%2A%3A%2A&start=0&rows=0 HTTP/1.0" 200 3026 
0:0:0:0:0:0:0:1%0 -  -  [07/04/2011:17:45:22 +0000] "GET /solr/select?fl=%2A%2Cscore&hl=on&hl.maxAnalyzedChars=-1&hl.snippets=3&hl.mergeContiguous=true&hl.fl=attr_stream_name%2Cauthors%2Cbody%2Cdesc%2Csubject%2Csup_title&facet=true&facet.field=authorFacet&fq=authorFacet%3A%22Milton+Mueller%22&version=1.2&wt=json&json.nl=map&q=%2A%3A%2A&start=0&rows=0 HTTP/1.0" 200 3025 
0:0:0:0:0:0:0:1%0 -  -  [07/04/2011:17:45:35 +0000] "GET /solr/select?fl=%2A%2Cscore&hl=on&hl.maxAnalyzedChars=-1&hl.snippets=3&hl.mergeContiguous=true&hl.fl=attr_stream_name%2Cauthors%2Cbody%2Cdesc%2Csubject%2Csup_title&facet=true&facet.field=authorFacet&fq=authorFacet%3A%22Milton+Mueller%22&version=1.2&wt=json&json.nl=map&q=%2A%3A%2A&start=0&rows=0 HTTP/1.0" 200 3025 
0:0:0:0:0:0:0:1%0 -  -  [07/04/2011:17:45:36 +0000] "GET /solr/select?fl=%2A%2Cscore&hl=on&hl.maxAnalyzedChars=-1&hl.snippets=3&hl.mergeContiguous=true&hl.fl=attr_stream_name%2Cauthors%2Cbody%2Cdesc%2Csubject%2Csup_title&facet=true&facet.field=authorFacet&fq=authorFacet%3A%22Milton+Mueller%22&version=1.2&wt=json&json.nl=map&q=%2A%3A%2A&start=0&rows=0 HTTP/1.0" 200 3025 
0:0:0:0:0:0:0:1%0 -  -  [07/04/2011:17:45:46 +0000] "GET /solr/select?fl=%2A%2Cscore&hl=on&hl.maxAnalyzedChars=-1&hl.snippets=3&hl.mergeContiguous=true&hl.fl=attr_stream_name%2Cauthors%2Cbody%2Cdesc%2Csubject%2Csup_title&facet=true&facet.field=authorFacet&fq=&version=1.2&wt=json&json.nl=map&q=%2A%3A%2A&start=0&rows=0 HTTP/1.0" 200 2828 
0:0:0:0:0:0:0:1%0 -  -  [07/04/2011:17:45:48 +0000] "GET /solr/select?fl=%2A%2Cscore&hl=on&hl.maxAnalyzedChars=-1&hl.snippets=3&hl.mergeContiguous=true&hl.fl=attr_stream_name%2Cauthors%2Cbody%2Cdesc%2Csubject%2Csup_title&facet=true&facet.field=authorFacet&fq=authorFacet%3A%22Milton+Mueller%22&version=1.2&wt=json&json.nl=map&q=%2A%3A%2A&start=0&rows=0 HTTP/1.0" 200 3026 
0:0:0:0:0:0:0:1%0 -  -  [07/04/2011:17:45:50 +0000] "GET /solr/select?fl=%2A%2Cscore&hl=on&hl.maxAnalyzedChars=-1&hl.snippets=3&hl.mergeContiguous=true&hl.fl=attr_stream_name%2Cauthors%2Cbody%2Cdesc%2Csubject%2Csup_title&facet=true&facet.field=authorFacet&fq=authorFacet%3A%22Brenden+Kuerbis%22&version=1.2&wt=json&json.nl=map&q=%2A%3A%2A&start=0&rows=0 HTTP/1.0" 200 3024 
0:0:0:0:0:0:0:1%0 -  -  [07/04/2011:17:46:03 +0000] "GET /solr/select?fl=%2A%2Cscore&hl=on&hl.maxAnalyzedChars=-1&hl.snippets=3&hl.mergeContiguous=true&hl.fl=attr_stream_name%2Cauthors%2Cbody%2Cdesc%2Csubject%2Csup_title&facet=true&facet.field=authorFacet&fq=authorFacet%3A%22John+Mathiason%22&version=1.2&wt=json&json.nl=map&q=%2A%3A%2A&start=0&rows=0 HTTP/1.0" 200 3022 
0:0:0:0:0:0:0:1%0 -  -  [07/04/2011:17:46:07 +0000] "GET /solr/select?fl=%2A%2Cscore&hl=on&hl.maxAnalyzedChars=-1&hl.snippets=3&hl.mergeContiguous=true&hl.fl=attr_stream_name%2Cauthors%2Cbody%2Cdesc%2Csubject%2Csup_title&facet=true&facet.field=authorFacet&fq=authorFacet%3A%22John+Mathiason%22&version=1.2&wt=json&json.nl=map&q=%2A%3A%2A&start=0&rows=0 HTTP/1.0" 200 3023 
0:0:0:0:0:0:0:1%0 -  -  [07/04/2011:17:46:08 +0000] "GET /solr/select?fl=%2A%2Cscore&hl=on&hl.maxAnalyzedChars=-1&hl.snippets=3&hl.mergeContiguous=true&hl.fl=attr_stream_name%2Cauthors%2Cbody%2Cdesc%2Csubject%2Csup_title&facet=true&facet.field=authorFacet&fq=authorFacet%3A%22John+Mathiason%22&version=1.2&wt=json&json.nl=map&q=%2A%3A%2A&start=0&rows=0 HTTP/1.0" 200 3023 
