0:0:0:0:0:0:0:1%0 -  -  [16/03/2011:17:43:28 +0000] "HEAD /solr/admin/ping HTTP/1.0" 200 0 
0:0:0:0:0:0:0:1%0 -  -  [16/03/2011:17:43:28 +0000] "HEAD /solr/admin/ping HTTP/1.0" 200 0 
0:0:0:0:0:0:0:1%0 -  -  [16/03/2011:17:43:28 +0000] "GET /solr/select?version=1.2&wt=json&json.nl=map&q=declaration&start=0&rows=10 HTTP/1.0" 200 3415 
0:0:0:0:0:0:0:1%0 -  -  [16/03/2011:17:55:10 +0000] "HEAD /solr/admin/ping HTTP/1.0" 200 0 
0:0:0:0:0:0:0:1%0 -  -  [16/03/2011:17:55:10 +0000] "HEAD /solr/admin/ping HTTP/1.0" 200 0 
0:0:0:0:0:0:0:1%0 -  -  [16/03/2011:17:55:10 +0000] "GET /solr/select?version=1.2&wt=json&json.nl=map&q=declaration&start=0&rows=10 HTTP/1.0" 200 3415 
0:0:0:0:0:0:0:1%0 -  -  [16/03/2011:18:00:51 +0000] "HEAD /solr/admin/ping HTTP/1.0" 200 0 
0:0:0:0:0:0:0:1%0 -  -  [16/03/2011:18:00:51 +0000] "HEAD /solr/admin/ping HTTP/1.0" 200 0 
0:0:0:0:0:0:0:1%0 -  -  [16/03/2011:18:00:51 +0000] "GET /solr/select?fl=%2A%2Cscore&hl=true&hl.fl=body&version=1.2&wt=json&json.nl=map&q=declaration&start=0&rows=10 HTTP/1.0" 200 3919 
0:0:0:0:0:0:0:1%0 -  -  [16/03/2011:18:01:24 +0000] "HEAD /solr/admin/ping HTTP/1.0" 200 0 
0:0:0:0:0:0:0:1%0 -  -  [16/03/2011:18:01:24 +0000] "HEAD /solr/admin/ping HTTP/1.0" 200 0 
0:0:0:0:0:0:0:1%0 -  -  [16/03/2011:18:01:24 +0000] "GET /solr/select?version=1.2&wt=json&json.nl=map&q=declaration&start=0&rows=10 HTTP/1.0" 200 3415 
0:0:0:0:0:0:0:1%0 -  -  [16/03/2011:18:01:39 +0000] "HEAD /solr/admin/ping HTTP/1.0" 200 0 
0:0:0:0:0:0:0:1%0 -  -  [16/03/2011:18:01:39 +0000] "HEAD /solr/admin/ping HTTP/1.0" 200 0 
0:0:0:0:0:0:0:1%0 -  -  [16/03/2011:18:01:39 +0000] "GET /solr/select?version=1.2&wt=json&json.nl=map&q=declaration&start=0&rows=10 HTTP/1.0" 200 3415 
0:0:0:0:0:0:0:1%0 -  -  [16/03/2011:18:02:06 +0000] "HEAD /solr/admin/ping HTTP/1.0" 200 0 
0:0:0:0:0:0:0:1%0 -  -  [16/03/2011:18:02:06 +0000] "HEAD /solr/admin/ping HTTP/1.0" 200 0 
0:0:0:0:0:0:0:1%0 -  -  [16/03/2011:18:02:06 +0000] "GET /solr/select?version=1.2&wt=json&json.nl=map&q=declaration&start=0&rows=10 HTTP/1.0" 200 3415 
0:0:0:0:0:0:0:1%0 -  -  [16/03/2011:18:02:18 +0000] "HEAD /solr/admin/ping HTTP/1.0" 200 0 
0:0:0:0:0:0:0:1%0 -  -  [16/03/2011:18:02:18 +0000] "HEAD /solr/admin/ping HTTP/1.0" 200 0 
0:0:0:0:0:0:0:1%0 -  -  [16/03/2011:18:02:18 +0000] "GET /solr/select?fl=%2A%2Cscore&hl=true&hl.fl=body&version=1.2&wt=json&json.nl=map&q=declaration&start=0&rows=10 HTTP/1.0" 200 3918 
0:0:0:0:0:0:0:1%0 -  -  [16/03/2011:18:03:43 +0000] "HEAD /solr/admin/ping HTTP/1.0" 200 0 
0:0:0:0:0:0:0:1%0 -  -  [16/03/2011:18:03:43 +0000] "HEAD /solr/admin/ping HTTP/1.0" 200 0 
0:0:0:0:0:0:0:1%0 -  -  [16/03/2011:18:03:43 +0000] "GET /solr/select?fl=%2A%2Cscore&version=1.2&wt=json&json.nl=map&q=declaration&start=0&rows=10 HTTP/1.0" 200 3525 
0:0:0:0:0:0:0:1%0 -  -  [16/03/2011:18:04:02 +0000] "HEAD /solr/admin/ping HTTP/1.0" 200 0 
0:0:0:0:0:0:0:1%0 -  -  [16/03/2011:18:04:02 +0000] "HEAD /solr/admin/ping HTTP/1.0" 200 0 
0:0:0:0:0:0:0:1%0 -  -  [16/03/2011:18:04:02 +0000] "GET /solr/select?fl=%2A%2Cscore&version=1.2&wt=json&json.nl=map&q=declaration&start=0&rows=10 HTTP/1.0" 200 3525 
0:0:0:0:0:0:0:1%0 -  -  [16/03/2011:18:05:12 +0000] "GET /solr/db/admin/dataimport.jsp?handler=/dataimport HTTP/1.1" 404 1405 
0:0:0:0:0:0:0:1%0 -  -  [16/03/2011:18:05:17 +0000] "GET /solr/admin/ HTTP/1.1" 200 3779 
0:0:0:0:0:0:0:1%0 -  -  [16/03/2011:18:05:20 +0000] "GET /solr/admin/form.jsp HTTP/1.1" 200 3027 
0:0:0:0:0:0:0:1%0 -  -  [16/03/2011:18:05:28 +0000] "GET /solr/select?indent=on&version=2.2&q=*.title&fq=&start=0&rows=10&fl=*%2Cscore&qt=standard&wt=standard&explainOther=&hl.fl= HTTP/1.1" 200 561 
0:0:0:0:0:0:0:1%0 -  -  [16/03/2011:18:05:41 +0000] "GET /solr/select?indent=on&version=2.2&q=*%3Atitle&fq=&start=0&rows=10&fl=*%2Cscore&qt=standard&wt=standard&explainOther=&hl.fl= HTTP/1.1" 400 1396 
0:0:0:0:0:0:0:1%0 -  -  [16/03/2011:18:05:48 +0000] "GET /solr/select?indent=on&version=2.2&q=title%3A*&fq=&start=0&rows=10&fl=*%2Cscore&qt=standard&wt=standard&explainOther=&hl.fl= HTTP/1.1" 200 5881 
0:0:0:0:0:0:0:1%0 -  -  [16/03/2011:18:06:03 +0000] "GET /solr/select?indent=on&version=2.2&q=*%3A*&fq=&start=0&rows=10&fl=*%2Cscore&qt=standard&wt=standard&explainOther=&hl.fl= HTTP/1.1" 200 6471 
0:0:0:0:0:0:0:1%0 -  -  [16/03/2011:18:06:13 +0000] "GET /solr/select?indent=on&version=2.2&q=*%3Atitle&fq=&start=0&rows=10&fl=*%2Cscore&qt=standard&wt=standard&explainOther=&hl.fl= HTTP/1.1" 400 1396 
0:0:0:0:0:0:0:1%0 -  -  [16/03/2011:18:06:41 +0000] "GET /solr/select?indent=on&version=2.2&q=title%3Auniversal&fq=&start=0&rows=10&fl=*%2Cscore&qt=standard&wt=standard&explainOther=&hl.fl= HTTP/1.1" 200 1549 
0:0:0:0:0:0:0:1%0 -  -  [16/03/2011:18:08:23 +0000] "HEAD /solr/admin/ping HTTP/1.0" 200 0 
0:0:0:0:0:0:0:1%0 -  -  [16/03/2011:18:08:23 +0000] "HEAD /solr/admin/ping HTTP/1.0" 200 0 
0:0:0:0:0:0:0:1%0 -  -  [16/03/2011:18:08:23 +0000] "GET /solr/select?fl=%2A%2Cscore&version=1.2&wt=json&json.nl=map&q=declaration&start=0&rows=10 HTTP/1.0" 200 3525 
0:0:0:0:0:0:0:1%0 -  -  [16/03/2011:18:09:59 +0000] "HEAD /solr/admin/ping HTTP/1.0" 200 0 
0:0:0:0:0:0:0:1%0 -  -  [16/03/2011:18:09:59 +0000] "HEAD /solr/admin/ping HTTP/1.0" 200 0 
0:0:0:0:0:0:0:1%0 -  -  [16/03/2011:18:09:59 +0000] "GET /solr/select?fl=%2A%2Cscore&version=1.2&wt=json&json.nl=map&q=0&start=0&rows=10 HTTP/1.0" 200 2910 
0:0:0:0:0:0:0:1%0 -  -  [16/03/2011:18:10:39 +0000] "HEAD /solr/admin/ping HTTP/1.0" 200 0 
0:0:0:0:0:0:0:1%0 -  -  [16/03/2011:18:10:39 +0000] "HEAD /solr/admin/ping HTTP/1.0" 200 0 
0:0:0:0:0:0:0:1%0 -  -  [16/03/2011:18:10:39 +0000] "GET /solr/select?fl=%2A%2Cscore&version=1.2&wt=json&json.nl=map&q=0&start=0&rows=10 HTTP/1.0" 200 2909 
0:0:0:0:0:0:0:1%0 -  -  [16/03/2011:18:11:10 +0000] "GET /solr/select?indent=on&version=2.2&q=author%3A*&fq=&start=0&rows=10&fl=*%2Cscore&qt=standard&wt=standard&explainOther=&hl.fl= HTTP/1.1" 200 5557 
0:0:0:0:0:0:0:1%0 -  -  [16/03/2011:18:11:30 +0000] "GET /solr/select?indent=on&version=2.2&q=author%3Adeclaration&fq=&start=0&rows=10&fl=*%2Cscore&qt=standard&wt=standard&explainOther=&hl.fl= HTTP/1.1" 200 571 
0:0:0:0:0:0:0:1%0 -  -  [16/03/2011:18:11:45 +0000] "HEAD /solr/admin/ping HTTP/1.0" 200 0 
0:0:0:0:0:0:0:1%0 -  -  [16/03/2011:18:11:45 +0000] "HEAD /solr/admin/ping HTTP/1.0" 200 0 
0:0:0:0:0:0:0:1%0 -  -  [16/03/2011:18:11:45 +0000] "GET /solr/select?fl=%2A%2Cscore&version=1.2&wt=json&json.nl=map&q=0&start=0&rows=10 HTTP/1.0" 200 2909 
0:0:0:0:0:0:0:1%0 -  -  [16/03/2011:18:11:58 +0000] "HEAD /solr/admin/ping HTTP/1.0" 200 0 
0:0:0:0:0:0:0:1%0 -  -  [16/03/2011:18:11:58 +0000] "HEAD /solr/admin/ping HTTP/1.0" 200 0 
0:0:0:0:0:0:0:1%0 -  -  [16/03/2011:18:11:58 +0000] "GET /solr/select?fl=%2A%2Cscore&version=1.2&wt=json&json.nl=map&q=0&start=0&rows=10 HTTP/1.0" 200 2909 
0:0:0:0:0:0:0:1%0 -  -  [16/03/2011:18:12:01 +0000] "HEAD /solr/admin/ping HTTP/1.0" 200 0 
0:0:0:0:0:0:0:1%0 -  -  [16/03/2011:18:12:01 +0000] "HEAD /solr/admin/ping HTTP/1.0" 200 0 
0:0:0:0:0:0:0:1%0 -  -  [16/03/2011:18:12:01 +0000] "GET /solr/select?fl=%2A%2Cscore&version=1.2&wt=json&json.nl=map&q=0&start=0&rows=10 HTTP/1.0" 200 2909 
0:0:0:0:0:0:0:1%0 -  -  [16/03/2011:18:12:14 +0000] "HEAD /solr/admin/ping HTTP/1.0" 200 0 
0:0:0:0:0:0:0:1%0 -  -  [16/03/2011:18:12:14 +0000] "HEAD /solr/admin/ping HTTP/1.0" 200 0 
0:0:0:0:0:0:0:1%0 -  -  [16/03/2011:18:12:14 +0000] "GET /solr/select?fl=%2A%2Cscore&version=1.2&wt=json&json.nl=map&q=0&start=0&rows=10 HTTP/1.0" 200 2909 
0:0:0:0:0:0:0:1%0 -  -  [16/03/2011:18:12:36 +0000] "HEAD /solr/admin/ping HTTP/1.0" 200 0 
0:0:0:0:0:0:0:1%0 -  -  [16/03/2011:18:12:36 +0000] "HEAD /solr/admin/ping HTTP/1.0" 200 0 
0:0:0:0:0:0:0:1%0 -  -  [16/03/2011:18:12:36 +0000] "GET /solr/select?fl=%2A%2Cscore&version=1.2&wt=json&json.nl=map&q=author%3Adeclaration&start=0&rows=10 HTTP/1.0" 200 221 
0:0:0:0:0:0:0:1%0 -  -  [16/03/2011:18:12:47 +0000] "HEAD /solr/admin/ping HTTP/1.0" 200 0 
0:0:0:0:0:0:0:1%0 -  -  [16/03/2011:18:12:47 +0000] "HEAD /solr/admin/ping HTTP/1.0" 200 0 
0:0:0:0:0:0:0:1%0 -  -  [16/03/2011:18:12:47 +0000] "GET /solr/select?fl=%2A%2Cscore&version=1.2&wt=json&json.nl=map&q=author%3Auniversal&start=0&rows=10 HTTP/1.0" 200 219 
0:0:0:0:0:0:0:1%0 -  -  [16/03/2011:18:13:03 +0000] "HEAD /solr/admin/ping HTTP/1.0" 200 0 
0:0:0:0:0:0:0:1%0 -  -  [16/03/2011:18:13:03 +0000] "HEAD /solr/admin/ping HTTP/1.0" 200 0 
0:0:0:0:0:0:0:1%0 -  -  [16/03/2011:18:13:03 +0000] "GET /solr/select?fl=%2A%2Cscore&version=1.2&wt=json&json.nl=map&q=title%3Auniversal&start=0&rows=10 HTTP/1.0" 200 875 
0:0:0:0:0:0:0:1%0 -  -  [16/03/2011:18:17:37 +0000] "GET /solr/select?indent=on&version=2.2&q=author:universal&fq=&start=0&rows=10&fl=*,score&qt=standard&wt=standard&explainOther=&hl.fl= HTTP/1.1" 200 569 
0:0:0:0:0:0:0:1%0 -  -  [16/03/2011:18:17:49 +0000] "GET /solr/select?indent=on&version=2.2&q=title:universal&fq=&start=0&rows=10&fl=*,score&qt=standard&wt=standard&explainOther=&hl.fl= HTTP/1.1" 200 1548 
0:0:0:0:0:0:0:1%0 -  -  [16/03/2011:18:17:58 +0000] "GET /solr/select?indent=on&version=2.2&q=universal&fq=title&start=0&rows=10&fl=*,score&qt=standard&wt=standard&explainOther=&hl.fl= HTTP/1.1" 200 3553 
0:0:0:0:0:0:0:1%0 -  -  [16/03/2011:18:18:08 +0000] "GET /solr/select?indent=on&version=2.2&q=universal&fq=&start=0&rows=10&fl=*,score&qt=standard&wt=standard&explainOther=&hl.fl= HTTP/1.1" 200 5921 
0:0:0:0:0:0:0:1%0 -  -  [16/03/2011:18:18:12 +0000] "GET /solr/select?indent=on&version=2.2&q=universal&fq=title:&start=0&rows=10&fl=*,score&qt=standard&wt=standard&explainOther=&hl.fl= HTTP/1.1" 400 1688 
0:0:0:0:0:0:0:1%0 -  -  [16/03/2011:18:23:27 +0000] "HEAD /solr/admin/ping HTTP/1.0" 200 0 
0:0:0:0:0:0:0:1%0 -  -  [16/03/2011:18:23:27 +0000] "HEAD /solr/admin/ping HTTP/1.0" 200 0 
0:0:0:0:0:0:0:1%0 -  -  [16/03/2011:18:23:27 +0000] "GET /solr/select?fl=%2A%2Cscore&version=1.2&wt=json&json.nl=map&q=universal&start=0&rows=10 HTTP/1.0" 200 4176 
0:0:0:0:0:0:0:1%0 -  -  [16/03/2011:18:23:44 +0000] "HEAD /solr/admin/ping HTTP/1.0" 200 0 
0:0:0:0:0:0:0:1%0 -  -  [16/03/2011:18:23:44 +0000] "HEAD /solr/admin/ping HTTP/1.0" 200 0 
0:0:0:0:0:0:0:1%0 -  -  [16/03/2011:18:23:44 +0000] "GET /solr/select?fl=%2A%2Cscore&version=1.2&wt=json&json.nl=map&q=universal&start=0&rows=10 HTTP/1.0" 200 4174 
0:0:0:0:0:0:0:1%0 -  -  [16/03/2011:18:23:55 +0000] "HEAD /solr/admin/ping HTTP/1.0" 200 0 
0:0:0:0:0:0:0:1%0 -  -  [16/03/2011:18:23:55 +0000] "HEAD /solr/admin/ping HTTP/1.0" 200 0 
0:0:0:0:0:0:0:1%0 -  -  [16/03/2011:18:23:55 +0000] "GET /solr/select?fl=%2A%2Cscore&version=1.2&wt=json&json.nl=map&q=universal&start=0&rows=10 HTTP/1.0" 200 4174 
0:0:0:0:0:0:0:1%0 -  -  [16/03/2011:18:24:48 +0000] "HEAD /solr/admin/ping HTTP/1.0" 200 0 
0:0:0:0:0:0:0:1%0 -  -  [16/03/2011:18:24:48 +0000] "HEAD /solr/admin/ping HTTP/1.0" 200 0 
0:0:0:0:0:0:0:1%0 -  -  [16/03/2011:18:24:48 +0000] "GET /solr/select?fl=%2A%2Cscore&version=1.2&wt=json&json.nl=map&q=titleuniversal&start=0&rows=10 HTTP/1.0" 200 218 
0:0:0:0:0:0:0:1%0 -  -  [16/03/2011:18:24:51 +0000] "HEAD /solr/admin/ping HTTP/1.0" 200 0 
0:0:0:0:0:0:0:1%0 -  -  [16/03/2011:18:24:51 +0000] "HEAD /solr/admin/ping HTTP/1.0" 200 0 
0:0:0:0:0:0:0:1%0 -  -  [16/03/2011:18:24:51 +0000] "GET /solr/select?fl=%2A%2Cscore&version=1.2&wt=json&json.nl=map&q=titleuniversal&start=0&rows=10 HTTP/1.0" 200 217 
0:0:0:0:0:0:0:1%0 -  -  [16/03/2011:18:25:10 +0000] "GET /solr/select?indent=on&version=2.2&q=title:universal&fq=&start=0&rows=10&fl=*,score&qt=standard&wt=standard&explainOther=&hl.fl= HTTP/1.1" 304 0 
0:0:0:0:0:0:0:1%0 -  -  [16/03/2011:18:25:32 +0000] "HEAD /solr/admin/ping HTTP/1.0" 200 0 
0:0:0:0:0:0:0:1%0 -  -  [16/03/2011:18:25:32 +0000] "HEAD /solr/admin/ping HTTP/1.0" 200 0 
0:0:0:0:0:0:0:1%0 -  -  [16/03/2011:18:25:32 +0000] "GET /solr/select?fl=%2A%2Cscore&version=1.2&wt=json&json.nl=map&q=universal&start=0&rows=10 HTTP/1.0" 200 4174 
0:0:0:0:0:0:0:1%0 -  -  [16/03/2011:18:25:40 +0000] "HEAD /solr/admin/ping HTTP/1.0" 200 0 
0:0:0:0:0:0:0:1%0 -  -  [16/03/2011:18:25:40 +0000] "HEAD /solr/admin/ping HTTP/1.0" 200 0 
0:0:0:0:0:0:0:1%0 -  -  [16/03/2011:18:25:40 +0000] "GET /solr/select?fl=%2A%2Cscore&version=1.2&wt=json&json.nl=map&q=title%3Auniversal&start=0&rows=10 HTTP/1.0" 200 875 
127.0.0.1 -  -  [16/03/2011:18:29:11 +0000] "POST /solr/db/update HTTP/1.1" 404 1391 
127.0.0.1 -  -  [16/03/2011:18:29:33 +0000] "POST /solr/update HTTP/1.1" 200 149 
127.0.0.1 -  -  [16/03/2011:18:29:34 +0000] "POST /solr/update HTTP/1.1" 200 149 
0:0:0:0:0:0:0:1%0 -  -  [16/03/2011:18:37:47 +0000] "POST /solr/update/ HTTP/1.1" 200 148 
0:0:0:0:0:0:0:1%0 -  -  [16/03/2011:18:38:45 +0000] "GET /solr/select?indent=on&version=2.2&q=universal&fq=title:&start=0&rows=10&fl=*,score&qt=standard&wt=standard&explainOther=&hl.fl= HTTP/1.1" 400 1688 
0:0:0:0:0:0:0:1%0 -  -  [16/03/2011:18:38:53 +0000] "GET /solr/select?indent=on&version=2.2&q=*%3A*&fq=&start=0&rows=10&fl=*%2Cscore&qt=standard&wt=standard&explainOther=&hl.fl= HTTP/1.1" 200 557 
0:0:0:0:0:0:0:1%0 -  -  [16/03/2011:18:39:09 +0000] "POST /solr/update/ HTTP/1.1" 200 147 
0:0:0:0:0:0:0:1%0 -  -  [16/03/2011:18:40:09 +0000] "POST /solr/update/ HTTP/1.1" 200 147 
0:0:0:0:0:0:0:1%0 -  -  [16/03/2011:18:40:21 +0000] "POST /solr/update/ HTTP/1.1" 200 147 
0:0:0:0:0:0:0:1%0 -  -  [16/03/2011:18:41:29 +0000] "POST /solr/update/extract?uprefix=attr_&fmap.content=body&literal.id=exid1 HTTP/1.1" 200 150 
0:0:0:0:0:0:0:1%0 -  -  [16/03/2011:18:41:31 +0000] "POST /solr/update/extract?uprefix=attr_&fmap.content=body&literal.id=exid2 HTTP/1.1" 200 148 
0:0:0:0:0:0:0:1%0 -  -  [16/03/2011:18:41:31 +0000] "POST /solr/update/extract?uprefix=attr_&fmap.content=body&literal.id=exid3 HTTP/1.1" 200 148 
0:0:0:0:0:0:0:1%0 -  -  [16/03/2011:18:41:31 +0000] "POST /solr/update/extract?uprefix=attr_&fmap.content=body&literal.id=exid4 HTTP/1.1" 200 147 
0:0:0:0:0:0:0:1%0 -  -  [16/03/2011:18:41:31 +0000] "POST /solr/update/extract?uprefix=attr_&fmap.content=body&literal.id=exid5 HTTP/1.1" 200 147 
0:0:0:0:0:0:0:1%0 -  -  [16/03/2011:18:41:31 +0000] "POST /solr/update/ HTTP/1.1" 200 148 
0:0:0:0:0:0:0:1%0 -  -  [16/03/2011:18:41:36 +0000] "GET /solr/select?indent=on&version=2.2&q=*%3A*&fq=&start=0&rows=10&fl=*%2Cscore&qt=standard&wt=standard&explainOther=&hl.fl= HTTP/1.1" 200 5075 
0:0:0:0:0:0:0:1%0 -  -  [16/03/2011:18:41:36 +0000] "GET /favicon.ico HTTP/1.1" 200 1150 
0:0:0:0:0:0:0:1%0 -  -  [16/03/2011:18:43:12 +0000] "HEAD /solr/admin/ping HTTP/1.0" 200 0 
0:0:0:0:0:0:0:1%0 -  -  [16/03/2011:18:43:13 +0000] "HEAD /solr/admin/ping HTTP/1.0" 200 0 
0:0:0:0:0:0:0:1%0 -  -  [16/03/2011:18:43:13 +0000] "GET /solr/select?fl=%2A%2Cscore&version=1.2&wt=json&json.nl=map&q=author%3ADJ&start=0&rows=10 HTTP/1.0" 200 697 
0:0:0:0:0:0:0:1%0 -  -  [16/03/2011:19:04:36 +0000] "POST /solr/update/extract?literal.id=pdfDoc&fmap.content=body&commit=true HTTP/1.1" 500 5082 
0:0:0:0:0:0:0:1%0 -  -  [16/03/2011:19:07:49 +0000] "POST /solr/update/extract?literal.id=pdfDoc&fmap.content=body&commit=true HTTP/1.1" 500 5082 
0:0:0:0:0:0:0:1%0 -  -  [16/03/2011:19:10:57 +0000] "POST /solr/update/extract?literal.id=pdfDoc&fmap.content=body&commit=true HTTP/1.1" 200 150 
0:0:0:0:0:0:0:1%0 -  -  [16/03/2011:19:11:24 +0000] "HEAD /solr/admin/ping HTTP/1.0" 200 0 
0:0:0:0:0:0:0:1%0 -  -  [16/03/2011:19:11:24 +0000] "HEAD /solr/admin/ping HTTP/1.0" 200 0 
0:0:0:0:0:0:0:1%0 -  -  [16/03/2011:19:11:24 +0000] "GET /solr/select?fl=%2A%2Cscore&version=1.2&wt=json&json.nl=map&q=synthesis&start=0&rows=10 HTTP/1.0" 200 212 
0:0:0:0:0:0:0:1%0 -  -  [16/03/2011:19:11:44 +0000] "GET /solr/admin/ HTTP/1.1" 200 3779 
0:0:0:0:0:0:0:1%0 -  -  [16/03/2011:19:11:53 +0000] "GET /solr/select/?q=*%3A*&version=2.2&start=0&rows=10&indent=on HTTP/1.1" 200 69909 
0:0:0:0:0:0:0:1%0 -  -  [16/03/2011:19:12:17 +0000] "GET /solr/select/?q=synthesis&version=2.2&start=0&rows=10&indent=on HTTP/1.1" 200 381 
0:0:0:0:0:0:0:1%0 -  -  [16/03/2011:19:12:53 +0000] "GET /solr/admin/ HTTP/1.1" 200 3779 
0:0:0:0:0:0:0:1%0 -  -  [16/03/2011:19:12:53 +0000] "GET /solr/admin/solr-admin.css HTTP/1.1" 304 0 
0:0:0:0:0:0:0:1%0 -  -  [16/03/2011:19:12:53 +0000] "GET /solr/admin/solr_small.png HTTP/1.1" 304 0 
0:0:0:0:0:0:0:1%0 -  -  [16/03/2011:19:16:08 +0000] "POST /solr/update/extract?literal.id=pdfDoc&fmap.*=body&commit=true HTTP/1.1" 500 5082 
0:0:0:0:0:0:0:1%0 -  -  [16/03/2011:19:16:20 +0000] "POST /solr/update/extract?literal.id=pdfDoc&fmap.*=body&commit=true HTTP/1.1" 200 149 
0:0:0:0:0:0:0:1%0 -  -  [16/03/2011:19:16:32 +0000] "GET /solr/select/?q=*%3A*&version=2.2&start=0&rows=10&indent=on HTTP/1.1" 200 4942 
0:0:0:0:0:0:0:1%0 -  -  [16/03/2011:19:20:52 +0000] "POST /solr/update/extract?literal.id=pdfDoc2&fmap.content=body&commit=true&&uprefix=attr_ HTTP/1.1" 200 149 
0:0:0:0:0:0:0:1%0 -  -  [16/03/2011:19:20:57 +0000] "GET /solr/select/?q=*%3A*&version=2.2&start=0&rows=10&indent=on HTTP/1.1" 200 70600 
0:0:0:0:0:0:0:1%0 -  -  [16/03/2011:19:20:57 +0000] "GET /favicon.ico HTTP/1.1" 304 0 
0:0:0:0:0:0:0:1%0 -  -  [16/03/2011:19:22:13 +0000] "GET /solr/select/?q=moral&version=2.2&start=0&rows=10&indent=on HTTP/1.1" 200 66263 
0:0:0:0:0:0:0:1%0 -  -  [16/03/2011:19:22:51 +0000] "POST /solr/update/extract?literal.id=pdfDoc3&fmap.content=body&commit=true HTTP/1.1" 200 149 
0:0:0:0:0:0:0:1%0 -  -  [16/03/2011:19:23:00 +0000] "GET /solr/select/?q=moral&version=2.2&start=0&rows=10&indent=on HTTP/1.1" 200 131447 
0:0:0:0:0:0:0:1%0 -  -  [16/03/2011:19:24:06 +0000] "HEAD /solr/admin/ping HTTP/1.0" 200 0 
0:0:0:0:0:0:0:1%0 -  -  [16/03/2011:19:24:06 +0000] "HEAD /solr/admin/ping HTTP/1.0" 200 0 
0:0:0:0:0:0:0:1%0 -  -  [16/03/2011:19:24:06 +0000] "GET /solr/select?fl=%2A%2Cscore&version=1.2&wt=json&json.nl=map&q=synthesis&start=0&rows=10 HTTP/1.0" 200 212 
0:0:0:0:0:0:0:1%0 -  -  [16/03/2011:19:24:10 +0000] "HEAD /solr/admin/ping HTTP/1.0" 200 0 
0:0:0:0:0:0:0:1%0 -  -  [16/03/2011:19:24:10 +0000] "HEAD /solr/admin/ping HTTP/1.0" 200 0 
0:0:0:0:0:0:0:1%0 -  -  [16/03/2011:19:24:10 +0000] "GET /solr/select?fl=%2A%2Cscore&version=1.2&wt=json&json.nl=map&q=moral&start=0&rows=10 HTTP/1.0" 200 132548 
0:0:0:0:0:0:0:1%0 -  -  [16/03/2011:19:24:12 +0000] "HEAD /solr/admin/ping HTTP/1.0" 200 0 
0:0:0:0:0:0:0:1%0 -  -  [16/03/2011:19:24:12 +0000] "HEAD /solr/admin/ping HTTP/1.0" 200 0 
0:0:0:0:0:0:0:1%0 -  -  [16/03/2011:19:24:12 +0000] "GET /solr/select?fl=%2A%2Cscore&version=1.2&wt=json&json.nl=map&q=moral&start=0&rows=10 HTTP/1.0" 200 132548 
0:0:0:0:0:0:0:1%0 -  -  [16/03/2011:19:25:57 +0000] "HEAD /solr/admin/ping HTTP/1.0" 200 0 
0:0:0:0:0:0:0:1%0 -  -  [16/03/2011:19:25:57 +0000] "HEAD /solr/admin/ping HTTP/1.0" 200 0 
0:0:0:0:0:0:0:1%0 -  -  [16/03/2011:19:25:57 +0000] "GET /solr/select?fl=%2A%2Cscore&version=1.2&wt=json&json.nl=map&q=moral&start=0&rows=10 HTTP/1.0" 200 132548 
0:0:0:0:0:0:0:1%0 -  -  [16/03/2011:19:27:19 +0000] "HEAD /solr/admin/ping HTTP/1.0" 200 0 
0:0:0:0:0:0:0:1%0 -  -  [16/03/2011:19:27:19 +0000] "HEAD /solr/admin/ping HTTP/1.0" 200 0 
0:0:0:0:0:0:0:1%0 -  -  [16/03/2011:19:27:19 +0000] "GET /solr/select?fl=%2A%2Cscore&version=1.2&wt=json&json.nl=map&q=moral&start=0&rows=10 HTTP/1.0" 200 132548 
0:0:0:0:0:0:0:1%0 -  -  [16/03/2011:19:28:12 +0000] "HEAD /solr/admin/ping HTTP/1.0" 200 0 
0:0:0:0:0:0:0:1%0 -  -  [16/03/2011:19:28:12 +0000] "HEAD /solr/admin/ping HTTP/1.0" 200 0 
0:0:0:0:0:0:0:1%0 -  -  [16/03/2011:19:28:12 +0000] "GET /solr/select?fl=%2A%2Cscore&version=1.2&wt=json&json.nl=map&q=moral&start=0&rows=10 HTTP/1.0" 200 132548 
0:0:0:0:0:0:0:1%0 -  -  [16/03/2011:19:31:13 +0000] "POST /solr/update/extract?literal.id=exid11&uprefix=attr_&fmap.body=body&commit=true HTTP/1.1" 200 149 
0:0:0:0:0:0:0:1%0 -  -  [16/03/2011:19:31:30 +0000] "GET /solr/select/?q=moral&version=2.2&start=0&rows=10&indent=on HTTP/1.1" 200 131449 
0:0:0:0:0:0:0:1%0 -  -  [16/03/2011:19:31:37 +0000] "GET /solr/select/?q=exid11&version=2.2&start=0&rows=10&indent=on HTTP/1.1" 200 379 
0:0:0:0:0:0:0:1%0 -  -  [16/03/2011:19:31:51 +0000] "GET /solr/select/?q=id%3Aexid11&version=2.2&start=0&rows=10&indent=on HTTP/1.1" 200 1167 
0:0:0:0:0:0:0:1%0 -  -  [16/03/2011:19:32:41 +0000] "POST /solr/update/extract?literal.id=exid12&uprefix=attr_&fmap.body=body&commit=true HTTP/1.1" 200 148 
0:0:0:0:0:0:0:1%0 -  -  [16/03/2011:19:32:50 +0000] "GET /solr/select/?q=id:exid12&version=2.2&start=0&rows=10&indent=on HTTP/1.1" 200 1058 
0:0:0:0:0:0:0:1%0 -  -  [16/03/2011:19:35:29 +0000] "GET /solr/select/?q=*:*&version=2.2&start=0&rows=10&indent=on HTTP/1.1" 200 137232 
0:0:0:0:0:0:0:1%0 -  -  [16/03/2011:19:41:56 +0000] "GET /solr/update/extract?literal.id=rem1 HTTP/1.1" 400 1409 
0:0:0:0:0:0:0:1%0 -  -  [16/03/2011:19:42:22 +0000] "GET /solr/update/extract?literal.id=rem1 HTTP/1.1" 400 1409 
0:0:0:0:0:0:0:1%0 -  -  [16/03/2011:19:42:26 +0000] "GET /solr/update/extract?literal.id=rem1 HTTP/1.1" 400 1409 
0:0:0:0:0:0:0:1%0 -  -  [16/03/2011:19:43:49 +0000] "POST /solr/update/extract?literal.id=literal.id=pdfDoc3&fmap.content=body&commit=true HTTP/1.1" 200 149 
0:0:0:0:0:0:0:1%0 -  -  [16/03/2011:19:44:11 +0000] "GET /solr/select/?q=*:*&version=2.2&start=0&rows=10&indent=on HTTP/1.1" 200 137231 
0:0:0:0:0:0:0:1%0 -  -  [16/03/2011:19:44:46 +0000] "POST /solr/update/extract?literal.id=literal.id=remote1&fmap.content=body&commit=true HTTP/1.1" 200 148 
0:0:0:0:0:0:0:1%0 -  -  [16/03/2011:19:44:48 +0000] "GET /solr/select/?q=*:*&version=2.2&start=0&rows=10&indent=on HTTP/1.1" 200 137231 
0:0:0:0:0:0:0:1%0 -  -  [16/03/2011:19:44:48 +0000] "GET /favicon.ico HTTP/1.1" 304 0 
0:0:0:0:0:0:0:1%0 -  -  [16/03/2011:19:44:52 +0000] "GET /solr/select/?q=*:*&version=2.2&start=0&rows=10&indent=on HTTP/1.1" 304 0 
0:0:0:0:0:0:0:1%0 -  -  [16/03/2011:19:45:25 +0000] "POST /solr/update/extract?literal.id=remote1&fmap.content=body&commit=true HTTP/1.1" 200 149 
0:0:0:0:0:0:0:1%0 -  -  [16/03/2011:19:45:32 +0000] "GET /solr/select/?q=*:*&version=2.2&start=0&rows=10&indent=on HTTP/1.1" 200 137231 
0:0:0:0:0:0:0:1%0 -  -  [16/03/2011:19:46:38 +0000] "GET /solr/select/?q=aepi&version=2.2&start=0&rows=10&indent=on HTTP/1.1" 200 5045 
0:0:0:0:0:0:0:1%0 -  -  [16/03/2011:19:47:04 +0000] "GET /solr/select/?q=*%3A*&version=2.2&start=0&rows=10&indent=on HTTP/1.1" 200 137231 
0:0:0:0:0:0:0:1%0 -  -  [16/03/2011:19:47:12 +0000] "GET /solr/select/?q=aepi&version=2.2&start=0&rows=10&indent=on HTTP/1.1" 304 0 
0:0:0:0:0:0:0:1%0 -  -  [16/03/2011:19:48:26 +0000] "GET /solr/select/?q=*%3A*&version=2.2&start=0&rows=10&indent=on HTTP/1.1" 304 0 
0:0:0:0:0:0:0:1%0 -  -  [16/03/2011:19:48:34 +0000] "GET /solr/admin/ HTTP/1.1" 200 3779 
0:0:0:0:0:0:0:1%0 -  -  [16/03/2011:19:48:41 +0000] "GET /solr/select/?q=aepi&version=2.2&start=0&rows=10&indent=on HTTP/1.1" 304 0 
