0:0:0:0:0:0:0:1%0 -  -  [15/03/2011:14:53:20 +0000] "GET /solr/db/admin/ HTTP/1.1" 404 1391 
0:0:0:0:0:0:0:1%0 -  -  [15/03/2011:14:53:21 +0000] "GET /favicon.ico HTTP/1.1" 200 1150 
0:0:0:0:0:0:0:1%0 -  -  [15/03/2011:14:53:24 +0000] "GET /solradmin/ HTTP/1.1" 404 1297 
0:0:0:0:0:0:0:1%0 -  -  [15/03/2011:14:53:27 +0000] "GET /solr/admin/ HTTP/1.1" 200 3823 
0:0:0:0:0:0:0:1%0 -  -  [15/03/2011:14:53:33 +0000] "GET /solr/select/?q=aepi&version=2.2&start=0&rows=10&indent=on HTTP/1.1" 200 377 
0:0:0:0:0:0:0:1%0 -  -  [15/03/2011:14:53:46 +0000] "GET /solr/select/?q=independence&version=2.2&start=0&rows=10&indent=on HTTP/1.1" 200 384 
0:0:0:0:0:0:0:1%0 -  -  [15/03/2011:14:54:13 +0000] "GET /solr/select/?q=gettysburg&version=2.2&start=0&rows=10&indent=on HTTP/1.1" 200 6299 
0:0:0:0:0:0:0:1%0 -  -  [15/03/2011:14:54:32 +0000] "GET /solr/select/?q=gettysburg&version=2.2&start=0&rows=10&indent=on HTTP/1.1" 304 0 
0:0:0:0:0:0:0:1%0 -  -  [15/03/2011:14:54:38 +0000] "GET /solr/admin/file/?file=schema.xml HTTP/1.1" 200 29942 
0:0:0:0:0:0:0:1%0 -  -  [15/03/2011:14:54:55 +0000] "GET /solr/admin/file/?file=solrconfig.xml HTTP/1.1" 200 44612 
0:0:0:0:0:0:0:1%0 -  -  [15/03/2011:14:56:30 +0000] "HEAD /solr/admin/ping HTTP/1.0" 200 0 
0:0:0:0:0:0:0:1%0 -  -  [15/03/2011:14:56:30 +0000] "GET /solr/select?version=1.2&wt=json&json.nl=map&q=universal&start=0&rows=10 HTTP/1.0" 200 3413 
0:0:0:0:0:0:0:1%0 -  -  [15/03/2011:14:57:45 +0000] "HEAD /solr/admin/ping HTTP/1.0" 200 0 
0:0:0:0:0:0:0:1%0 -  -  [15/03/2011:14:57:45 +0000] "GET /solr/select?version=1.2&wt=json&json.nl=map&q=universal&start=0&rows=10 HTTP/1.0" 200 3413 
0:0:0:0:0:0:0:1%0 -  -  [15/03/2011:15:01:14 +0000] "HEAD /solr/admin/ping HTTP/1.0" 200 0 
0:0:0:0:0:0:0:1%0 -  -  [15/03/2011:15:01:14 +0000] "GET /solr/select?version=1.2&wt=json&json.nl=map&q=universal&start=0&rows=10 HTTP/1.0" 200 3413 
0:0:0:0:0:0:0:1%0 -  -  [15/03/2011:15:01:15 +0000] "HEAD /solr/admin/ping HTTP/1.0" 200 0 
0:0:0:0:0:0:0:1%0 -  -  [15/03/2011:15:01:15 +0000] "GET /solr/select?version=1.2&wt=json&json.nl=map&q=universal&start=0&rows=10 HTTP/1.0" 200 3413 
0:0:0:0:0:0:0:1%0 -  -  [15/03/2011:15:01:17 +0000] "HEAD /solr/admin/ping HTTP/1.0" 200 0 
0:0:0:0:0:0:0:1%0 -  -  [15/03/2011:15:01:17 +0000] "GET /solr/select?version=1.2&wt=json&json.nl=map&q=universal&start=0&rows=10 HTTP/1.0" 200 3413 
0:0:0:0:0:0:0:1%0 -  -  [15/03/2011:15:01:36 +0000] "HEAD /solr/admin/ping HTTP/1.0" 200 0 
0:0:0:0:0:0:0:1%0 -  -  [15/03/2011:15:01:36 +0000] "GET /solr/select?version=1.2&wt=json&json.nl=map&q=universal&start=0&rows=10 HTTP/1.0" 200 3413 
0:0:0:0:0:0:0:1%0 -  -  [15/03/2011:15:07:17 +0000] "HEAD /solr/admin/ping HTTP/1.0" 200 0 
0:0:0:0:0:0:0:1%0 -  -  [15/03/2011:15:07:17 +0000] "GET /solr/select?version=1.2&wt=json&json.nl=map&q=universal&start=0&rows=10 HTTP/1.0" 200 3413 
0:0:0:0:0:0:0:1%0 -  -  [15/03/2011:15:07:17 +0000] "HEAD /solr/admin/ping HTTP/1.0" 200 0 
0:0:0:0:0:0:0:1%0 -  -  [15/03/2011:15:07:17 +0000] "GET /solr/select?version=1.2&wt=json&json.nl=map&q=universal&start=0&rows=10 HTTP/1.0" 200 3413 
0:0:0:0:0:0:0:1%0 -  -  [15/03/2011:15:07:34 +0000] "HEAD /solr/admin/ping HTTP/1.0" 200 0 
0:0:0:0:0:0:0:1%0 -  -  [15/03/2011:15:07:34 +0000] "GET /solr/select?version=1.2&wt=json&json.nl=map&q=universal&start=0&rows=10 HTTP/1.0" 200 3413 
0:0:0:0:0:0:0:1%0 -  -  [15/03/2011:15:07:35 +0000] "HEAD /solr/admin/ping HTTP/1.0" 200 0 
0:0:0:0:0:0:0:1%0 -  -  [15/03/2011:15:07:35 +0000] "GET /solr/select?version=1.2&wt=json&json.nl=map&q=universal&start=0&rows=10 HTTP/1.0" 200 3413 
0:0:0:0:0:0:0:1%0 -  -  [15/03/2011:15:07:44 +0000] "HEAD /solr/admin/ping HTTP/1.0" 200 0 
0:0:0:0:0:0:0:1%0 -  -  [15/03/2011:15:07:44 +0000] "GET /solr/select?version=1.2&wt=json&json.nl=map&q=universal&start=0&rows=10 HTTP/1.0" 200 3413 
0:0:0:0:0:0:0:1%0 -  -  [15/03/2011:15:09:59 +0000] "HEAD /solr/admin/ping HTTP/1.0" 200 0 
0:0:0:0:0:0:0:1%0 -  -  [15/03/2011:15:09:59 +0000] "GET /solr/select?version=1.2&wt=json&json.nl=map&q=universal&start=0&rows=10 HTTP/1.0" 200 3413 
0:0:0:0:0:0:0:1%0 -  -  [15/03/2011:15:10:00 +0000] "HEAD /solr/admin/ping HTTP/1.0" 200 0 
0:0:0:0:0:0:0:1%0 -  -  [15/03/2011:15:10:00 +0000] "GET /solr/select?version=1.2&wt=json&json.nl=map&q=universal&start=0&rows=10 HTTP/1.0" 200 3413 
0:0:0:0:0:0:0:1%0 -  -  [15/03/2011:15:10:18 +0000] "HEAD /solr/admin/ping HTTP/1.0" 200 0 
0:0:0:0:0:0:0:1%0 -  -  [15/03/2011:15:10:18 +0000] "GET /solr/select?version=1.2&wt=json&json.nl=map&q=universal&start=0&rows=10 HTTP/1.0" 200 3413 
0:0:0:0:0:0:0:1%0 -  -  [15/03/2011:15:10:19 +0000] "HEAD /solr/admin/ping HTTP/1.0" 200 0 
0:0:0:0:0:0:0:1%0 -  -  [15/03/2011:15:10:19 +0000] "GET /solr/select?version=1.2&wt=json&json.nl=map&q=universal&start=0&rows=10 HTTP/1.0" 200 3413 
0:0:0:0:0:0:0:1%0 -  -  [15/03/2011:15:10:34 +0000] "HEAD /solr/admin/ping HTTP/1.0" 200 0 
0:0:0:0:0:0:0:1%0 -  -  [15/03/2011:15:10:34 +0000] "GET /solr/select?version=1.2&wt=json&json.nl=map&q=universal&start=0&rows=10 HTTP/1.0" 200 3413 
0:0:0:0:0:0:0:1%0 -  -  [15/03/2011:15:10:35 +0000] "HEAD /solr/admin/ping HTTP/1.0" 200 0 
0:0:0:0:0:0:0:1%0 -  -  [15/03/2011:15:10:35 +0000] "GET /solr/select?version=1.2&wt=json&json.nl=map&q=universal&start=0&rows=10 HTTP/1.0" 200 3413 
0:0:0:0:0:0:0:1%0 -  -  [15/03/2011:15:10:42 +0000] "HEAD /solr/admin/ping HTTP/1.0" 200 0 
0:0:0:0:0:0:0:1%0 -  -  [15/03/2011:15:10:42 +0000] "GET /solr/select?version=1.2&wt=json&json.nl=map&q=universal&start=0&rows=10 HTTP/1.0" 200 3413 
0:0:0:0:0:0:0:1%0 -  -  [15/03/2011:15:10:42 +0000] "HEAD /solr/admin/ping HTTP/1.0" 200 0 
0:0:0:0:0:0:0:1%0 -  -  [15/03/2011:15:10:42 +0000] "GET /solr/select?version=1.2&wt=json&json.nl=map&q=universal&start=0&rows=10 HTTP/1.0" 200 3413 
0:0:0:0:0:0:0:1%0 -  -  [15/03/2011:15:10:57 +0000] "HEAD /solr/admin/ping HTTP/1.0" 200 0 
0:0:0:0:0:0:0:1%0 -  -  [15/03/2011:15:10:57 +0000] "GET /solr/select?version=1.2&wt=json&json.nl=map&q=universal&start=0&rows=10 HTTP/1.0" 200 3413 
0:0:0:0:0:0:0:1%0 -  -  [15/03/2011:15:16:08 +0000] "HEAD /solr/admin/ping HTTP/1.0" 200 0 
0:0:0:0:0:0:0:1%0 -  -  [15/03/2011:15:16:08 +0000] "GET /solr/select?version=1.2&wt=json&json.nl=map&q=universal&start=0&rows=10 HTTP/1.0" 200 3413 
0:0:0:0:0:0:0:1%0 -  -  [15/03/2011:15:19:28 +0000] "HEAD /solr/admin/ping HTTP/1.0" 200 0 
0:0:0:0:0:0:0:1%0 -  -  [15/03/2011:15:19:28 +0000] "GET /solr/select?version=1.2&wt=json&json.nl=map&q=universal&start=0&rows=10 HTTP/1.0" 200 3413 
0:0:0:0:0:0:0:1%0 -  -  [15/03/2011:15:19:50 +0000] "GET /solr/select/?q=gettysburg&version=2.2&start=0&rows=10&indent=on HTTP/1.1" 304 0 
0:0:0:0:0:0:0:1%0 -  -  [15/03/2011:15:22:18 +0000] "HEAD /solr/admin/ping HTTP/1.0" 200 0 
0:0:0:0:0:0:0:1%0 -  -  [15/03/2011:15:22:18 +0000] "GET /solr/select?version=1.2&wt=json&json.nl=map&q=universal&start=0&rows=10 HTTP/1.0" 200 3413 
0:0:0:0:0:0:0:1%0 -  -  [15/03/2011:15:30:52 +0000] "HEAD /solr/admin/ping HTTP/1.0" 200 0 
0:0:0:0:0:0:0:1%0 -  -  [15/03/2011:15:30:52 +0000] "GET /solr/select?version=1.2&wt=json&json.nl=map&q=universal&start=0&rows=10 HTTP/1.0" 200 3413 
0:0:0:0:0:0:0:1%0 -  -  [15/03/2011:15:30:54 +0000] "HEAD /solr/admin/ping HTTP/1.0" 200 0 
0:0:0:0:0:0:0:1%0 -  -  [15/03/2011:15:30:54 +0000] "GET /solr/select?version=1.2&wt=json&json.nl=map&q=universal&start=0&rows=10 HTTP/1.0" 200 3413 
0:0:0:0:0:0:0:1%0 -  -  [15/03/2011:15:31:07 +0000] "HEAD /solr/admin/ping HTTP/1.0" 200 0 
0:0:0:0:0:0:0:1%0 -  -  [15/03/2011:15:31:07 +0000] "GET /solr/select?version=1.2&wt=json&json.nl=map&q=universal&start=0&rows=10 HTTP/1.0" 200 3413 
0:0:0:0:0:0:0:1%0 -  -  [15/03/2011:15:31:09 +0000] "HEAD /solr/admin/ping HTTP/1.0" 200 0 
0:0:0:0:0:0:0:1%0 -  -  [15/03/2011:15:31:09 +0000] "GET /solr/select?version=1.2&wt=json&json.nl=map&q=universal&start=0&rows=10 HTTP/1.0" 200 3413 
0:0:0:0:0:0:0:1%0 -  -  [15/03/2011:15:31:22 +0000] "HEAD /solr/admin/ping HTTP/1.0" 200 0 
0:0:0:0:0:0:0:1%0 -  -  [15/03/2011:15:31:22 +0000] "GET /solr/select?version=1.2&wt=json&json.nl=map&q=universal&start=0&rows=10 HTTP/1.0" 200 3413 
0:0:0:0:0:0:0:1%0 -  -  [15/03/2011:15:32:41 +0000] "HEAD /solr/admin/ping HTTP/1.0" 200 0 
0:0:0:0:0:0:0:1%0 -  -  [15/03/2011:15:32:41 +0000] "GET /solr/select?version=1.2&wt=json&json.nl=map&q=universal&start=0&rows=10 HTTP/1.0" 200 3413 
0:0:0:0:0:0:0:1%0 -  -  [15/03/2011:15:34:01 +0000] "HEAD /solr/admin/ping HTTP/1.0" 200 0 
0:0:0:0:0:0:0:1%0 -  -  [15/03/2011:15:34:01 +0000] "GET /solr/select?version=1.2&wt=json&json.nl=map&q=universal&start=0&rows=10 HTTP/1.0" 200 3413 
0:0:0:0:0:0:0:1%0 -  -  [15/03/2011:15:34:15 +0000] "HEAD /solr/admin/ping HTTP/1.0" 200 0 
0:0:0:0:0:0:0:1%0 -  -  [15/03/2011:15:34:15 +0000] "GET /solr/select?version=1.2&wt=json&json.nl=map&q=universal&start=0&rows=10 HTTP/1.0" 200 3413 
0:0:0:0:0:0:0:1%0 -  -  [15/03/2011:15:40:16 +0000] "HEAD /solr/admin/ping HTTP/1.0" 200 0 
0:0:0:0:0:0:0:1%0 -  -  [15/03/2011:15:40:16 +0000] "GET /solr/select?version=1.2&wt=json&json.nl=map&q=universal&start=0&rows=10 HTTP/1.0" 200 3413 
0:0:0:0:0:0:0:1%0 -  -  [15/03/2011:15:43:11 +0000] "HEAD /solr/admin/ping HTTP/1.0" 200 0 
0:0:0:0:0:0:0:1%0 -  -  [15/03/2011:15:43:11 +0000] "GET /solr/select?version=1.2&wt=json&json.nl=map&q=universal&start=0&rows=10 HTTP/1.0" 200 3413 
0:0:0:0:0:0:0:1%0 -  -  [15/03/2011:15:46:17 +0000] "HEAD /solr/admin/ping HTTP/1.0" 200 0 
0:0:0:0:0:0:0:1%0 -  -  [15/03/2011:15:46:17 +0000] "GET /solr/select?version=1.2&wt=json&json.nl=map&q=universal&start=0&rows=10 HTTP/1.0" 200 3413 
0:0:0:0:0:0:0:1%0 -  -  [15/03/2011:15:57:23 +0000] "HEAD /solr/admin/ping HTTP/1.0" 200 0 
0:0:0:0:0:0:0:1%0 -  -  [15/03/2011:15:57:47 +0000] "HEAD /solr/admin/ping HTTP/1.0" 200 0 
0:0:0:0:0:0:0:1%0 -  -  [15/03/2011:15:57:54 +0000] "HEAD /solr/admin/ping HTTP/1.0" 200 0 
0:0:0:0:0:0:0:1%0 -  -  [15/03/2011:16:00:07 +0000] "HEAD /solr/admin/ping HTTP/1.0" 200 0 
0:0:0:0:0:0:0:1%0 -  -  [15/03/2011:16:00:43 +0000] "HEAD /solr/admin/ping HTTP/1.0" 200 0 
0:0:0:0:0:0:0:1%0 -  -  [15/03/2011:16:00:57 +0000] "HEAD /solr/admin/ping HTTP/1.0" 200 0 
0:0:0:0:0:0:0:1%0 -  -  [15/03/2011:16:01:04 +0000] "HEAD /solr/admin/ping HTTP/1.0" 200 0 
0:0:0:0:0:0:0:1%0 -  -  [15/03/2011:16:01:10 +0000] "HEAD /solr/admin/ping HTTP/1.0" 200 0 
0:0:0:0:0:0:0:1%0 -  -  [15/03/2011:16:06:46 +0000] "HEAD /solr/admin/ping HTTP/1.0" 200 0 
0:0:0:0:0:0:0:1%0 -  -  [15/03/2011:16:06:46 +0000] "HEAD /solr/admin/ping HTTP/1.0" 200 0 
0:0:0:0:0:0:0:1%0 -  -  [15/03/2011:16:06:56 +0000] "HEAD /solr/admin/ping HTTP/1.0" 200 0 
0:0:0:0:0:0:0:1%0 -  -  [15/03/2011:16:06:57 +0000] "HEAD /solr/admin/ping HTTP/1.0" 200 0 
0:0:0:0:0:0:0:1%0 -  -  [15/03/2011:16:16:29 +0000] "HEAD /solr/admin/ping HTTP/1.0" 200 0 
0:0:0:0:0:0:0:1%0 -  -  [15/03/2011:16:16:30 +0000] "HEAD /solr/admin/ping HTTP/1.0" 200 0 
0:0:0:0:0:0:0:1%0 -  -  [15/03/2011:16:16:55 +0000] "HEAD /solr/admin/ping HTTP/1.0" 200 0 
0:0:0:0:0:0:0:1%0 -  -  [15/03/2011:16:18:47 +0000] "HEAD /solr/admin/ping HTTP/1.0" 200 0 
0:0:0:0:0:0:0:1%0 -  -  [15/03/2011:16:19:41 +0000] "HEAD /solr/admin/ping HTTP/1.0" 200 0 
0:0:0:0:0:0:0:1%0 -  -  [15/03/2011:16:19:41 +0000] "HEAD /solr/admin/ping HTTP/1.0" 200 0 
0:0:0:0:0:0:0:1%0 -  -  [15/03/2011:16:19:41 +0000] "GET /solr/select?version=1.2&wt=json&json.nl=map&q=dec&start=0&rows=10 HTTP/1.0" 200 178 
0:0:0:0:0:0:0:1%0 -  -  [15/03/2011:16:20:06 +0000] "HEAD /solr/admin/ping HTTP/1.0" 200 0 
0:0:0:0:0:0:0:1%0 -  -  [15/03/2011:16:20:06 +0000] "HEAD /solr/admin/ping HTTP/1.0" 200 0 
0:0:0:0:0:0:0:1%0 -  -  [15/03/2011:16:20:06 +0000] "GET /solr/select?version=1.2&wt=json&json.nl=map&q=universal&start=0&rows=10 HTTP/1.0" 200 3413 
0:0:0:0:0:0:0:1%0 -  -  [15/03/2011:16:52:31 +0000] "HEAD /solr/admin/ping HTTP/1.0" 200 0 
0:0:0:0:0:0:0:1%0 -  -  [15/03/2011:16:52:31 +0000] "HEAD /solr/admin/ping HTTP/1.0" 200 0 
0:0:0:0:0:0:0:1%0 -  -  [15/03/2011:16:52:31 +0000] "GET /solr/select?version=1.2&wt=json&json.nl=map&q=yo&start=0&rows=10 HTTP/1.0" 200 176 
0:0:0:0:0:0:0:1%0 -  -  [15/03/2011:16:52:49 +0000] "HEAD /solr/admin/ping HTTP/1.0" 200 0 
0:0:0:0:0:0:0:1%0 -  -  [15/03/2011:16:52:49 +0000] "HEAD /solr/admin/ping HTTP/1.0" 200 0 
0:0:0:0:0:0:0:1%0 -  -  [15/03/2011:16:52:49 +0000] "GET /solr/select?version=1.2&wt=json&json.nl=map&start=0&rows=10 HTTP/1.0" 500 3512 
0:0:0:0:0:0:0:1%0 -  -  [15/03/2011:16:54:01 +0000] "HEAD /solr/admin/ping HTTP/1.0" 200 0 
0:0:0:0:0:0:0:1%0 -  -  [15/03/2011:16:54:01 +0000] "HEAD /solr/admin/ping HTTP/1.0" 200 0 
0:0:0:0:0:0:0:1%0 -  -  [15/03/2011:16:54:01 +0000] "GET /solr/select?version=1.2&wt=json&json.nl=map&q=declaration&start=0&rows=10 HTTP/1.0" 200 3416 
0:0:0:0:0:0:0:1%0 -  -  [15/03/2011:16:54:58 +0000] "HEAD /solr/admin/ping HTTP/1.0" 200 0 
0:0:0:0:0:0:0:1%0 -  -  [15/03/2011:16:54:58 +0000] "HEAD /solr/admin/ping HTTP/1.0" 200 0 
0:0:0:0:0:0:0:1%0 -  -  [15/03/2011:16:54:58 +0000] "GET /solr/select?version=1.2&wt=json&json.nl=map&q=declaration&start=0&rows=10 HTTP/1.0" 200 3415 
0:0:0:0:0:0:0:1%0 -  -  [15/03/2011:16:55:37 +0000] "HEAD /solr/admin/ping HTTP/1.0" 200 0 
0:0:0:0:0:0:0:1%0 -  -  [15/03/2011:16:55:37 +0000] "HEAD /solr/admin/ping HTTP/1.0" 200 0 
0:0:0:0:0:0:0:1%0 -  -  [15/03/2011:16:55:37 +0000] "GET /solr/select?version=1.2&wt=json&json.nl=map&q=declaration&start=0&rows=10 HTTP/1.0" 200 3415 
0:0:0:0:0:0:0:1%0 -  -  [15/03/2011:16:55:40 +0000] "HEAD /solr/admin/ping HTTP/1.0" 200 0 
0:0:0:0:0:0:0:1%0 -  -  [15/03/2011:16:55:40 +0000] "HEAD /solr/admin/ping HTTP/1.0" 200 0 
0:0:0:0:0:0:0:1%0 -  -  [15/03/2011:16:55:40 +0000] "GET /solr/select?version=1.2&wt=json&json.nl=map&q=declaration&start=0&rows=10 HTTP/1.0" 200 3415 
0:0:0:0:0:0:0:1%0 -  -  [15/03/2011:16:55:46 +0000] "HEAD /solr/admin/ping HTTP/1.0" 200 0 
0:0:0:0:0:0:0:1%0 -  -  [15/03/2011:16:55:46 +0000] "HEAD /solr/admin/ping HTTP/1.0" 200 0 
0:0:0:0:0:0:0:1%0 -  -  [15/03/2011:16:55:46 +0000] "GET /solr/select?version=1.2&wt=json&json.nl=map&q=declaration&start=0&rows=10 HTTP/1.0" 200 3415 
0:0:0:0:0:0:0:1%0 -  -  [15/03/2011:16:55:54 +0000] "HEAD /solr/admin/ping HTTP/1.0" 200 0 
0:0:0:0:0:0:0:1%0 -  -  [15/03/2011:16:55:54 +0000] "HEAD /solr/admin/ping HTTP/1.0" 200 0 
0:0:0:0:0:0:0:1%0 -  -  [15/03/2011:16:55:54 +0000] "GET /solr/select?version=1.2&wt=json&json.nl=map&q=declaration&start=0&rows=10 HTTP/1.0" 200 3415 
0:0:0:0:0:0:0:1%0 -  -  [15/03/2011:16:56:00 +0000] "HEAD /solr/admin/ping HTTP/1.0" 200 0 
0:0:0:0:0:0:0:1%0 -  -  [15/03/2011:16:56:00 +0000] "HEAD /solr/admin/ping HTTP/1.0" 200 0 
0:0:0:0:0:0:0:1%0 -  -  [15/03/2011:16:56:00 +0000] "GET /solr/select?version=1.2&wt=json&json.nl=map&q=declaration&start=0&rows=10 HTTP/1.0" 200 3415 
0:0:0:0:0:0:0:1%0 -  -  [15/03/2011:16:56:44 +0000] "HEAD /solr/admin/ping HTTP/1.0" 200 0 
0:0:0:0:0:0:0:1%0 -  -  [15/03/2011:16:56:44 +0000] "HEAD /solr/admin/ping HTTP/1.0" 200 0 
0:0:0:0:0:0:0:1%0 -  -  [15/03/2011:16:56:44 +0000] "GET /solr/select?version=1.2&wt=json&json.nl=map&q=declaration&start=0&rows=10 HTTP/1.0" 200 3415 
0:0:0:0:0:0:0:1%0 -  -  [15/03/2011:16:57:01 +0000] "HEAD /solr/admin/ping HTTP/1.0" 200 0 
0:0:0:0:0:0:0:1%0 -  -  [15/03/2011:16:57:01 +0000] "HEAD /solr/admin/ping HTTP/1.0" 200 0 
0:0:0:0:0:0:0:1%0 -  -  [15/03/2011:16:57:01 +0000] "GET /solr/select?version=1.2&wt=json&json.nl=map&q=declaration&start=0&rows=10 HTTP/1.0" 200 3415 
0:0:0:0:0:0:0:1%0 -  -  [15/03/2011:16:57:50 +0000] "HEAD /solr/admin/ping HTTP/1.0" 200 0 
0:0:0:0:0:0:0:1%0 -  -  [15/03/2011:16:57:50 +0000] "HEAD /solr/admin/ping HTTP/1.0" 200 0 
0:0:0:0:0:0:0:1%0 -  -  [15/03/2011:16:57:50 +0000] "GET /solr/select?version=1.2&wt=json&json.nl=map&q=declaration&start=0&rows=10 HTTP/1.0" 200 3415 
0:0:0:0:0:0:0:1%0 -  -  [15/03/2011:16:58:01 +0000] "HEAD /solr/admin/ping HTTP/1.0" 200 0 
0:0:0:0:0:0:0:1%0 -  -  [15/03/2011:16:58:01 +0000] "HEAD /solr/admin/ping HTTP/1.0" 200 0 
0:0:0:0:0:0:0:1%0 -  -  [15/03/2011:16:58:01 +0000] "GET /solr/select?version=1.2&wt=json&json.nl=map&q=declaration&start=0&rows=10 HTTP/1.0" 200 3415 
0:0:0:0:0:0:0:1%0 -  -  [15/03/2011:16:59:03 +0000] "HEAD /solr/admin/ping HTTP/1.0" 200 0 
0:0:0:0:0:0:0:1%0 -  -  [15/03/2011:16:59:03 +0000] "HEAD /solr/admin/ping HTTP/1.0" 200 0 
0:0:0:0:0:0:0:1%0 -  -  [15/03/2011:16:59:03 +0000] "GET /solr/select?version=1.2&wt=json&json.nl=map&q=declaration&start=0&rows=10 HTTP/1.0" 200 3415 
0:0:0:0:0:0:0:1%0 -  -  [15/03/2011:16:59:45 +0000] "HEAD /solr/admin/ping HTTP/1.0" 200 0 
0:0:0:0:0:0:0:1%0 -  -  [15/03/2011:16:59:45 +0000] "HEAD /solr/admin/ping HTTP/1.0" 200 0 
0:0:0:0:0:0:0:1%0 -  -  [15/03/2011:16:59:45 +0000] "GET /solr/select?version=1.2&wt=json&json.nl=map&q=declaration&start=0&rows=10 HTTP/1.0" 200 3415 
0:0:0:0:0:0:0:1%0 -  -  [15/03/2011:17:00:09 +0000] "HEAD /solr/admin/ping HTTP/1.0" 200 0 
0:0:0:0:0:0:0:1%0 -  -  [15/03/2011:17:00:09 +0000] "HEAD /solr/admin/ping HTTP/1.0" 200 0 
0:0:0:0:0:0:0:1%0 -  -  [15/03/2011:17:00:09 +0000] "GET /solr/select?version=1.2&wt=json&json.nl=map&q=declaration&start=0&rows=10 HTTP/1.0" 200 3415 
0:0:0:0:0:0:0:1%0 -  -  [15/03/2011:17:00:31 +0000] "HEAD /solr/admin/ping HTTP/1.0" 200 0 
0:0:0:0:0:0:0:1%0 -  -  [15/03/2011:17:00:31 +0000] "HEAD /solr/admin/ping HTTP/1.0" 200 0 
0:0:0:0:0:0:0:1%0 -  -  [15/03/2011:17:00:31 +0000] "GET /solr/select?version=1.2&wt=json&json.nl=map&q=declaration&start=0&rows=10 HTTP/1.0" 200 3415 
0:0:0:0:0:0:0:1%0 -  -  [15/03/2011:17:00:46 +0000] "HEAD /solr/admin/ping HTTP/1.0" 200 0 
0:0:0:0:0:0:0:1%0 -  -  [15/03/2011:17:00:46 +0000] "HEAD /solr/admin/ping HTTP/1.0" 200 0 
0:0:0:0:0:0:0:1%0 -  -  [15/03/2011:17:00:46 +0000] "GET /solr/select?version=1.2&wt=json&json.nl=map&q=declaration&start=0&rows=10 HTTP/1.0" 200 3415 
0:0:0:0:0:0:0:1%0 -  -  [15/03/2011:17:01:16 +0000] "HEAD /solr/admin/ping HTTP/1.0" 200 0 
0:0:0:0:0:0:0:1%0 -  -  [15/03/2011:17:01:16 +0000] "HEAD /solr/admin/ping HTTP/1.0" 200 0 
0:0:0:0:0:0:0:1%0 -  -  [15/03/2011:17:01:16 +0000] "GET /solr/select?version=1.2&wt=json&json.nl=map&q=declaration&start=0&rows=10 HTTP/1.0" 200 3415 
0:0:0:0:0:0:0:1%0 -  -  [15/03/2011:17:02:57 +0000] "HEAD /solr/admin/ping HTTP/1.0" 200 0 
0:0:0:0:0:0:0:1%0 -  -  [15/03/2011:17:02:57 +0000] "HEAD /solr/admin/ping HTTP/1.0" 200 0 
0:0:0:0:0:0:0:1%0 -  -  [15/03/2011:17:02:57 +0000] "GET /solr/select?version=1.2&wt=json&json.nl=map&q=declaration&start=0&rows=10 HTTP/1.0" 200 3415 
0:0:0:0:0:0:0:1%0 -  -  [15/03/2011:17:10:16 +0000] "HEAD /solr/admin/ping HTTP/1.0" 200 0 
0:0:0:0:0:0:0:1%0 -  -  [15/03/2011:17:10:16 +0000] "HEAD /solr/admin/ping HTTP/1.0" 200 0 
0:0:0:0:0:0:0:1%0 -  -  [15/03/2011:17:10:16 +0000] "GET /solr/select?version=1.2&wt=json&json.nl=map&q=declaration&start=0&rows=10 HTTP/1.0" 200 3415 
0:0:0:0:0:0:0:1%0 -  -  [15/03/2011:17:11:29 +0000] "HEAD /solr/admin/ping HTTP/1.0" 200 0 
0:0:0:0:0:0:0:1%0 -  -  [15/03/2011:17:11:29 +0000] "HEAD /solr/admin/ping HTTP/1.0" 200 0 
0:0:0:0:0:0:0:1%0 -  -  [15/03/2011:17:11:29 +0000] "GET /solr/select?version=1.2&wt=json&json.nl=map&q=declaration&start=0&rows=10 HTTP/1.0" 200 3415 
0:0:0:0:0:0:0:1%0 -  -  [15/03/2011:17:14:13 +0000] "HEAD /solr/admin/ping HTTP/1.0" 200 0 
0:0:0:0:0:0:0:1%0 -  -  [15/03/2011:17:14:13 +0000] "HEAD /solr/admin/ping HTTP/1.0" 200 0 
0:0:0:0:0:0:0:1%0 -  -  [15/03/2011:17:14:13 +0000] "GET /solr/select?version=1.2&wt=json&json.nl=map&q=declaration&start=0&rows=10 HTTP/1.0" 200 3415 
0:0:0:0:0:0:0:1%0 -  -  [15/03/2011:17:14:36 +0000] "HEAD /solr/admin/ping HTTP/1.0" 200 0 
0:0:0:0:0:0:0:1%0 -  -  [15/03/2011:17:14:36 +0000] "HEAD /solr/admin/ping HTTP/1.0" 200 0 
0:0:0:0:0:0:0:1%0 -  -  [15/03/2011:17:14:36 +0000] "GET /solr/select?version=1.2&wt=json&json.nl=map&q=declaration&start=0&rows=10 HTTP/1.0" 200 3415 
0:0:0:0:0:0:0:1%0 -  -  [15/03/2011:17:14:54 +0000] "HEAD /solr/admin/ping HTTP/1.0" 200 0 
0:0:0:0:0:0:0:1%0 -  -  [15/03/2011:17:14:54 +0000] "HEAD /solr/admin/ping HTTP/1.0" 200 0 
0:0:0:0:0:0:0:1%0 -  -  [15/03/2011:17:14:54 +0000] "GET /solr/select?version=1.2&wt=json&json.nl=map&q=declaration&start=0&rows=10 HTTP/1.0" 200 3415 
0:0:0:0:0:0:0:1%0 -  -  [15/03/2011:17:16:23 +0000] "HEAD /solr/admin/ping HTTP/1.0" 200 0 
0:0:0:0:0:0:0:1%0 -  -  [15/03/2011:17:16:23 +0000] "HEAD /solr/admin/ping HTTP/1.0" 200 0 
0:0:0:0:0:0:0:1%0 -  -  [15/03/2011:17:16:23 +0000] "GET /solr/select?version=1.2&wt=json&json.nl=map&q=declaration&start=0&rows=10 HTTP/1.0" 200 3415 
0:0:0:0:0:0:0:1%0 -  -  [15/03/2011:17:22:06 +0000] "HEAD /solr/admin/ping HTTP/1.0" 200 0 
0:0:0:0:0:0:0:1%0 -  -  [15/03/2011:17:22:06 +0000] "HEAD /solr/admin/ping HTTP/1.0" 200 0 
0:0:0:0:0:0:0:1%0 -  -  [15/03/2011:17:22:06 +0000] "GET /solr/select?version=1.2&wt=json&json.nl=map&q=declaration&start=0&rows=10 HTTP/1.0" 200 3415 
0:0:0:0:0:0:0:1%0 -  -  [15/03/2011:17:22:20 +0000] "HEAD /solr/admin/ping HTTP/1.0" 200 0 
0:0:0:0:0:0:0:1%0 -  -  [15/03/2011:17:22:20 +0000] "HEAD /solr/admin/ping HTTP/1.0" 200 0 
0:0:0:0:0:0:0:1%0 -  -  [15/03/2011:17:22:20 +0000] "GET /solr/select?version=1.2&wt=json&json.nl=map&q=declaration&start=0&rows=10 HTTP/1.0" 200 3415 
0:0:0:0:0:0:0:1%0 -  -  [15/03/2011:17:24:07 +0000] "HEAD /solr/admin/ping HTTP/1.0" 200 0 
0:0:0:0:0:0:0:1%0 -  -  [15/03/2011:17:24:07 +0000] "HEAD /solr/admin/ping HTTP/1.0" 200 0 
0:0:0:0:0:0:0:1%0 -  -  [15/03/2011:17:24:07 +0000] "GET /solr/select?version=1.2&wt=json&json.nl=map&q=declaration&start=0&rows=10 HTTP/1.0" 200 3415 
0:0:0:0:0:0:0:1%0 -  -  [15/03/2011:17:24:27 +0000] "HEAD /solr/admin/ping HTTP/1.0" 200 0 
0:0:0:0:0:0:0:1%0 -  -  [15/03/2011:17:24:27 +0000] "HEAD /solr/admin/ping HTTP/1.0" 200 0 
0:0:0:0:0:0:0:1%0 -  -  [15/03/2011:17:24:27 +0000] "GET /solr/select?version=1.2&wt=json&json.nl=map&q=declaration&start=0&rows=10 HTTP/1.0" 200 3415 
0:0:0:0:0:0:0:1%0 -  -  [15/03/2011:17:28:08 +0000] "HEAD /solr/admin/ping HTTP/1.0" 200 0 
0:0:0:0:0:0:0:1%0 -  -  [15/03/2011:17:28:08 +0000] "HEAD /solr/admin/ping HTTP/1.0" 200 0 
0:0:0:0:0:0:0:1%0 -  -  [15/03/2011:17:28:08 +0000] "GET /solr/select?version=1.2&wt=json&json.nl=map&q=declaration&start=0&rows=10 HTTP/1.0" 200 3415 
0:0:0:0:0:0:0:1%0 -  -  [15/03/2011:17:35:11 +0000] "HEAD /solr/admin/ping HTTP/1.0" 200 0 
0:0:0:0:0:0:0:1%0 -  -  [15/03/2011:17:35:11 +0000] "HEAD /solr/admin/ping HTTP/1.0" 200 0 
0:0:0:0:0:0:0:1%0 -  -  [15/03/2011:17:35:11 +0000] "GET /solr/select?version=1.2&wt=json&json.nl=map&q=declaration&start=0&rows=10 HTTP/1.0" 200 3415 
0:0:0:0:0:0:0:1%0 -  -  [15/03/2011:17:35:30 +0000] "HEAD /solr/admin/ping HTTP/1.0" 200 0 
0:0:0:0:0:0:0:1%0 -  -  [15/03/2011:17:35:30 +0000] "HEAD /solr/admin/ping HTTP/1.0" 200 0 
0:0:0:0:0:0:0:1%0 -  -  [15/03/2011:17:35:30 +0000] "GET /solr/select?version=1.2&wt=json&json.nl=map&q=declaration&start=0&rows=10 HTTP/1.0" 200 3415 
0:0:0:0:0:0:0:1%0 -  -  [15/03/2011:17:36:07 +0000] "HEAD /solr/admin/ping HTTP/1.0" 200 0 
0:0:0:0:0:0:0:1%0 -  -  [15/03/2011:17:36:07 +0000] "HEAD /solr/admin/ping HTTP/1.0" 200 0 
0:0:0:0:0:0:0:1%0 -  -  [15/03/2011:17:36:07 +0000] "GET /solr/select?version=1.2&wt=json&json.nl=map&q=declaration&start=0&rows=10 HTTP/1.0" 200 3415 
0:0:0:0:0:0:0:1%0 -  -  [15/03/2011:17:36:09 +0000] "HEAD /solr/admin/ping HTTP/1.0" 200 0 
0:0:0:0:0:0:0:1%0 -  -  [15/03/2011:17:36:09 +0000] "HEAD /solr/admin/ping HTTP/1.0" 200 0 
0:0:0:0:0:0:0:1%0 -  -  [15/03/2011:17:36:09 +0000] "GET /solr/select?version=1.2&wt=json&json.nl=map&q=declaration&start=0&rows=10 HTTP/1.0" 200 3415 
0:0:0:0:0:0:0:1%0 -  -  [15/03/2011:17:36:37 +0000] "HEAD /solr/admin/ping HTTP/1.0" 200 0 
0:0:0:0:0:0:0:1%0 -  -  [15/03/2011:17:36:37 +0000] "HEAD /solr/admin/ping HTTP/1.0" 200 0 
0:0:0:0:0:0:0:1%0 -  -  [15/03/2011:17:36:37 +0000] "GET /solr/select?version=1.2&wt=json&json.nl=map&q=declaration&start=0&rows=10 HTTP/1.0" 200 3415 
0:0:0:0:0:0:0:1%0 -  -  [15/03/2011:17:43:12 +0000] "GET /solr/db/admin/ HTTP/1.1" 404 1391 
0:0:0:0:0:0:0:1%0 -  -  [15/03/2011:17:43:17 +0000] "GET /solr/admin/ HTTP/1.1" 200 3823 
0:0:0:0:0:0:0:1%0 -  -  [15/03/2011:17:43:20 +0000] "GET /solr/select/?q=solr&version=2.2&start=0&rows=10&indent=on HTTP/1.1" 304 0 
0:0:0:0:0:0:0:1%0 -  -  [15/03/2011:17:43:31 +0000] "GET /solr/select/?q=solr&version=2.2&start=0&rows=10&indent=on&hl=true&hl.fl=* HTTP/1.1" 200 8700 
0:0:0:0:0:0:0:1%0 -  -  [15/03/2011:17:44:13 +0000] "GET /solr/select/?q=solr&hl=true&hl.fl=* HTTP/1.1" 200 8219 
0:0:0:0:0:0:0:1%0 -  -  [15/03/2011:19:03:38 +0000] "POST /solr/update/extract?literal.id=exid10&uprefix=attr_&fmap.content=body&commit=true HTTP/1.1" 200 150 
0:0:0:0:0:0:0:1%0 -  -  [15/03/2011:19:04:02 +0000] "GET /solr/db/admin/ HTTP/1.1" 404 1391 
0:0:0:0:0:0:0:1%0 -  -  [15/03/2011:19:04:04 +0000] "GET /solr/admin/ HTTP/1.1" 200 3823 
0:0:0:0:0:0:0:1%0 -  -  [15/03/2011:19:04:14 +0000] "GET /solr/select/?q=universal&version=2.2&start=0&rows=10&indent=on HTTP/1.1" 200 5533 
0:0:0:0:0:0:0:1%0 -  -  [15/03/2011:19:10:56 +0000] "GET /solr/select/?q=title:universal&version=2.2&start=0&rows=10&indent=on HTTP/1.1" 200 1321 
0:0:0:0:0:0:0:1%0 -  -  [15/03/2011:19:11:44 +0000] "GET /solr/select/?q=universal&version=2.2&start=0&rows=10&indent=on&df=title HTTP/1.1" 200 1343 
0:0:0:0:0:0:0:1%0 -  -  [15/03/2011:19:11:50 +0000] "GET /solr/select/?q=universal&version=2.2&start=0&rows=10&indent=on&df=body HTTP/1.1" 200 4458 
0:0:0:0:0:0:0:1%0 -  -  [15/03/2011:19:12:04 +0000] "GET /solr/select/?q=universal&version=2.2&start=0&rows=10&indent=on HTTP/1.1" 304 0 
0:0:0:0:0:0:0:1%0 -  -  [15/03/2011:19:12:20 +0000] "GET /solr/select/?q=universal&version=2.2&start=0&rows=10&indent=on&df=text HTTP/1.1" 200 5560 
0:0:0:0:0:0:0:1%0 -  -  [15/03/2011:19:13:43 +0000] "GET /solr/select/?q=universal&version=2.2&start=0&rows=10&indent=on&fl=* HTTP/1.1" 200 5557 
0:0:0:0:0:0:0:1%0 -  -  [15/03/2011:19:13:48 +0000] "GET /solr/select/?q=universal&version=2.2&start=0&rows=10&indent=on&fl=title HTTP/1.1" 200 1120 
0:0:0:0:0:0:0:1%0 -  -  [15/03/2011:19:14:16 +0000] "GET /solr/select/?q=universal&version=2.2&start=0&rows=10&indent=on&df=text&fl=score HTTP/1.1" 200 5814 
0:0:0:0:0:0:0:1%0 -  -  [15/03/2011:19:18:33 +0000] "GET /solr/select/?q=universal&version=2.2&start=0&rows=10&indent=on&&fl=score&debugQuery=true HTTP/1.1" 200 8648 
