0:0:0:0:0:0:0:1%0 -  -  [29/03/2011:04:34:58 +0000] "GET /solr/admin/ HTTP/1.1" 200 3825 
0:0:0:0:0:0:0:1%0 -  -  [29/03/2011:04:35:00 +0000] "GET /solr/admin/form.jsp HTTP/1.1" 200 3073 
0:0:0:0:0:0:0:1%0 -  -  [29/03/2011:04:35:10 +0000] "GET /solr/select?indent=on&version=2.2&q=children&fq=&start=0&rows=10&fl=*%2Cscore&qt=standard&wt=standard&explainOther=&hl=on&hl.fl= HTTP/1.1" 200 760597 
0:0:0:0:0:0:0:1%0 -  -  [29/03/2011:04:37:09 +0000] "GET /solr/select?indent=on&version=2.2&q=children&fq=&start=0&rows=1&fl=*%2Cscore&qt=standard&wt=standard&explainOther=&hl=on&hl.fl= HTTP/1.1" 200 467774 
0:0:0:0:0:0:0:1%0 -  -  [29/03/2011:04:38:00 +0000] "GET /solr/select?indent=on&version=2.2&q=children&fq=&start=0&rows=2&fl=*%2Cscore&qt=standard&wt=standard&explainOther=&hl=on&hl.fl= HTTP/1.1" 200 479918 
0:0:0:0:0:0:0:1%0 -  -  [29/03/2011:16:08:11 +0000] "GET /solr/admin/ HTTP/1.1" 200 3825 
0:0:0:0:0:0:0:1%0 -  -  [29/03/2011:16:08:13 +0000] "GET /solr/admin/form.jsp HTTP/1.1" 200 3073 
0:0:0:0:0:0:0:1%0 -  -  [29/03/2011:16:08:31 +0000] "GET /solr/select?indent=on&version=2.2&q=children&fq=&start=0&rows=10&fl=*%2Cscore&qt=standard&wt=standard&explainOther=&hl=on&hl.fl= HTTP/1.1" 304 0 
0:0:0:0:0:0:0:1%0 -  -  [29/03/2011:16:08:56 +0000] "GET /solr/select?indent=on&version=2.2&q=children&fq=&start=0&rows=10&fl=*%2Cscore&qt=standard&wt=standard&explainOther=&hl=on HTTP/1.1" 200 760574 
0:0:0:0:0:0:0:1%0 -  -  [29/03/2011:16:10:22 +0000] "HEAD /solr/admin/ping HTTP/1.0" 200 0 
0:0:0:0:0:0:0:1%0 -  -  [29/03/2011:16:10:22 +0000] "HEAD /solr/admin/ping HTTP/1.0" 200 0 
0:0:0:0:0:0:0:1%0 -  -  [29/03/2011:16:10:22 +0000] "GET /solr/select?fl=%2A%2Cscore&hl=on&version=1.2&wt=json&json.nl=map&q=children&start=0&rows=1 HTTP/1.0" 200 476600 
0:0:0:0:0:0:0:1%0 -  -  [29/03/2011:16:12:06 +0000] "GET /solr/select?indent=on&version=2.2&q=children&fq=&start=0&rows=10&fl=*%2Cscore&qt=standard&wt=standard&=&hl=on HTTP/1.1" 200 760562 
0:0:0:0:0:0:0:1%0 -  -  [29/03/2011:16:12:29 +0000] "HEAD /solr/admin/ping HTTP/1.0" 200 0 
0:0:0:0:0:0:0:1%0 -  -  [29/03/2011:16:12:29 +0000] "HEAD /solr/admin/ping HTTP/1.0" 200 0 
0:0:0:0:0:0:0:1%0 -  -  [29/03/2011:16:12:29 +0000] "GET /solr/select?fl=%2A%2Cscore&hl=on&version=1.2&wt=json&json.nl=map&q=children&start=0&rows=1 HTTP/1.0" 200 476600 
0:0:0:0:0:0:0:1%0 -  -  [29/03/2011:16:13:36 +0000] "HEAD /solr/admin/ping HTTP/1.0" 200 0 
0:0:0:0:0:0:0:1%0 -  -  [29/03/2011:16:13:36 +0000] "HEAD /solr/admin/ping HTTP/1.0" 200 0 
0:0:0:0:0:0:0:1%0 -  -  [29/03/2011:16:13:36 +0000] "GET /solr/select?fl=%2A%2Cscore&hl=on&version=1.2&wt=json&json.nl=map&q=children&start=0&rows=1 HTTP/1.0" 200 476600 
0:0:0:0:0:0:0:1%0 -  -  [29/03/2011:16:15:18 +0000] "HEAD /solr/admin/ping HTTP/1.0" 200 0 
0:0:0:0:0:0:0:1%0 -  -  [29/03/2011:16:15:18 +0000] "HEAD /solr/admin/ping HTTP/1.0" 200 0 
0:0:0:0:0:0:0:1%0 -  -  [29/03/2011:16:15:18 +0000] "GET /solr/select?fl=%2A%2Cscore&hl=on&version=1.2&wt=json&json.nl=map&q=children&start=0&rows=1 HTTP/1.0" 200 476600 
0:0:0:0:0:0:0:1%0 -  -  [29/03/2011:16:15:26 +0000] "HEAD /solr/admin/ping HTTP/1.0" 200 0 
0:0:0:0:0:0:0:1%0 -  -  [29/03/2011:16:15:26 +0000] "HEAD /solr/admin/ping HTTP/1.0" 200 0 
0:0:0:0:0:0:0:1%0 -  -  [29/03/2011:16:15:26 +0000] "GET /solr/select?fl=%2A%2Cscore&hl=on&version=1.2&wt=json&json.nl=map&q=children&start=0&rows=20 HTTP/1.0" 200 1189855 
0:0:0:0:0:0:0:1%0 -  -  [29/03/2011:16:17:37 +0000] "HEAD /solr/admin/ping HTTP/1.0" 200 0 
0:0:0:0:0:0:0:1%0 -  -  [29/03/2011:16:17:37 +0000] "HEAD /solr/admin/ping HTTP/1.0" 200 0 
0:0:0:0:0:0:0:1%0 -  -  [29/03/2011:16:17:37 +0000] "GET /solr/select?fl=%2A%2Cscore&hl=on&version=1.2&wt=json&json.nl=map&q=children&start=0&rows=20 HTTP/1.0" 200 1189855 
0:0:0:0:0:0:0:1%0 -  -  [29/03/2011:16:17:54 +0000] "HEAD /solr/admin/ping HTTP/1.0" 200 0 
0:0:0:0:0:0:0:1%0 -  -  [29/03/2011:16:17:54 +0000] "HEAD /solr/admin/ping HTTP/1.0" 200 0 
0:0:0:0:0:0:0:1%0 -  -  [29/03/2011:16:17:54 +0000] "GET /solr/select?fl=%2A%2Cscore&hl=on&version=1.2&wt=json&json.nl=map&q=children&start=0&rows=20 HTTP/1.0" 200 1189855 
0:0:0:0:0:0:0:1%0 -  -  [29/03/2011:16:18:06 +0000] "HEAD /solr/admin/ping HTTP/1.0" 200 0 
0:0:0:0:0:0:0:1%0 -  -  [29/03/2011:16:18:06 +0000] "HEAD /solr/admin/ping HTTP/1.0" 200 0 
0:0:0:0:0:0:0:1%0 -  -  [29/03/2011:16:18:06 +0000] "GET /solr/select?fl=%2A%2Cscore&hl=on&version=1.2&wt=json&json.nl=map&q=children&start=0&rows=20 HTTP/1.0" 200 1189855 
0:0:0:0:0:0:0:1%0 -  -  [29/03/2011:16:18:29 +0000] "HEAD /solr/admin/ping HTTP/1.0" 200 0 
0:0:0:0:0:0:0:1%0 -  -  [29/03/2011:16:18:29 +0000] "HEAD /solr/admin/ping HTTP/1.0" 200 0 
0:0:0:0:0:0:0:1%0 -  -  [29/03/2011:16:18:29 +0000] "GET /solr/select?fl=%2A%2Cscore&hl=on&version=1.2&wt=json&json.nl=map&q=children&start=0&rows=20 HTTP/1.0" 200 1189855 
0:0:0:0:0:0:0:1%0 -  -  [29/03/2011:16:18:48 +0000] "HEAD /solr/admin/ping HTTP/1.0" 200 0 
0:0:0:0:0:0:0:1%0 -  -  [29/03/2011:16:18:48 +0000] "HEAD /solr/admin/ping HTTP/1.0" 200 0 
0:0:0:0:0:0:0:1%0 -  -  [29/03/2011:16:18:48 +0000] "GET /solr/select?fl=%2A%2Cscore&hl=on&version=1.2&wt=json&json.nl=map&q=children&start=0&rows=20 HTTP/1.0" 200 1189855 
0:0:0:0:0:0:0:1%0 -  -  [29/03/2011:16:18:57 +0000] "HEAD /solr/admin/ping HTTP/1.0" 200 0 
0:0:0:0:0:0:0:1%0 -  -  [29/03/2011:16:18:57 +0000] "HEAD /solr/admin/ping HTTP/1.0" 200 0 
0:0:0:0:0:0:0:1%0 -  -  [29/03/2011:16:18:57 +0000] "GET /solr/select?fl=%2A%2Cscore&hl=on&version=1.2&wt=json&json.nl=map&q=children&start=0&rows=20 HTTP/1.0" 200 1189855 
0:0:0:0:0:0:0:1%0 -  -  [29/03/2011:16:19:10 +0000] "HEAD /solr/admin/ping HTTP/1.0" 200 0 
0:0:0:0:0:0:0:1%0 -  -  [29/03/2011:16:19:10 +0000] "HEAD /solr/admin/ping HTTP/1.0" 200 0 
0:0:0:0:0:0:0:1%0 -  -  [29/03/2011:16:19:10 +0000] "GET /solr/select?fl=%2A%2Cscore&hl=on&version=1.2&wt=json&json.nl=map&q=children&start=0&rows=20 HTTP/1.0" 200 1189855 
0:0:0:0:0:0:0:1%0 -  -  [29/03/2011:16:19:26 +0000] "HEAD /solr/admin/ping HTTP/1.0" 200 0 
0:0:0:0:0:0:0:1%0 -  -  [29/03/2011:16:19:26 +0000] "HEAD /solr/admin/ping HTTP/1.0" 200 0 
0:0:0:0:0:0:0:1%0 -  -  [29/03/2011:16:19:26 +0000] "GET /solr/select?fl=%2A%2Cscore&hl=on&version=1.2&wt=json&json.nl=map&q=children&start=0&rows=20 HTTP/1.0" 200 1189855 
0:0:0:0:0:0:0:1%0 -  -  [29/03/2011:16:19:42 +0000] "HEAD /solr/admin/ping HTTP/1.0" 200 0 
0:0:0:0:0:0:0:1%0 -  -  [29/03/2011:16:19:42 +0000] "HEAD /solr/admin/ping HTTP/1.0" 200 0 
0:0:0:0:0:0:0:1%0 -  -  [29/03/2011:16:19:42 +0000] "GET /solr/select?fl=%2A%2Cscore&hl=on&version=1.2&wt=json&json.nl=map&q=children&start=0&rows=20 HTTP/1.0" 200 1189855 
0:0:0:0:0:0:0:1%0 -  -  [29/03/2011:16:22:08 +0000] "HEAD /solr/admin/ping HTTP/1.0" 200 0 
0:0:0:0:0:0:0:1%0 -  -  [29/03/2011:16:22:08 +0000] "HEAD /solr/admin/ping HTTP/1.0" 200 0 
0:0:0:0:0:0:0:1%0 -  -  [29/03/2011:16:22:08 +0000] "GET /solr/select?fl=%2A%2Cscore&hl=on&version=1.2&wt=json&json.nl=map&q=children&start=0&rows=20 HTTP/1.0" 200 1189855 
0:0:0:0:0:0:0:1%0 -  -  [29/03/2011:16:22:14 +0000] "HEAD /solr/admin/ping HTTP/1.0" 200 0 
0:0:0:0:0:0:0:1%0 -  -  [29/03/2011:16:22:14 +0000] "HEAD /solr/admin/ping HTTP/1.0" 200 0 
0:0:0:0:0:0:0:1%0 -  -  [29/03/2011:16:22:14 +0000] "GET /solr/select?fl=%2A%2Cscore&hl=on&version=1.2&wt=json&json.nl=map&q=children&start=0&rows=20 HTTP/1.0" 200 1189855 
0:0:0:0:0:0:0:1%0 -  -  [29/03/2011:16:22:25 +0000] "HEAD /solr/admin/ping HTTP/1.0" 200 0 
0:0:0:0:0:0:0:1%0 -  -  [29/03/2011:16:22:25 +0000] "HEAD /solr/admin/ping HTTP/1.0" 200 0 
0:0:0:0:0:0:0:1%0 -  -  [29/03/2011:16:22:25 +0000] "GET /solr/select?fl=%2A%2Cscore&hl=on&version=1.2&wt=json&json.nl=map&q=children&start=0&rows=20 HTTP/1.0" 200 1189855 
0:0:0:0:0:0:0:1%0 -  -  [29/03/2011:16:22:46 +0000] "HEAD /solr/admin/ping HTTP/1.0" 200 0 
0:0:0:0:0:0:0:1%0 -  -  [29/03/2011:16:22:46 +0000] "HEAD /solr/admin/ping HTTP/1.0" 200 0 
0:0:0:0:0:0:0:1%0 -  -  [29/03/2011:16:22:46 +0000] "GET /solr/select?fl=%2A%2Cscore&hl=on&version=1.2&wt=json&json.nl=map&q=children&start=0&rows=20 HTTP/1.0" 200 1189855 
0:0:0:0:0:0:0:1%0 -  -  [29/03/2011:16:23:02 +0000] "HEAD /solr/admin/ping HTTP/1.0" 200 0 
0:0:0:0:0:0:0:1%0 -  -  [29/03/2011:16:23:02 +0000] "HEAD /solr/admin/ping HTTP/1.0" 200 0 
0:0:0:0:0:0:0:1%0 -  -  [29/03/2011:16:23:02 +0000] "GET /solr/select?fl=%2A%2Cscore&hl=on&version=1.2&wt=json&json.nl=map&q=children&start=0&rows=20 HTTP/1.0" 200 1189855 
0:0:0:0:0:0:0:1%0 -  -  [29/03/2011:16:23:46 +0000] "HEAD /solr/admin/ping HTTP/1.0" 200 0 
0:0:0:0:0:0:0:1%0 -  -  [29/03/2011:16:23:46 +0000] "HEAD /solr/admin/ping HTTP/1.0" 200 0 
0:0:0:0:0:0:0:1%0 -  -  [29/03/2011:16:23:46 +0000] "GET /solr/select?fl=%2A%2Cscore&hl=on&version=1.2&wt=json&json.nl=map&q=children&start=0&rows=20 HTTP/1.0" 200 1189855 
0:0:0:0:0:0:0:1%0 -  -  [29/03/2011:16:23:59 +0000] "HEAD /solr/admin/ping HTTP/1.0" 200 0 
0:0:0:0:0:0:0:1%0 -  -  [29/03/2011:16:23:59 +0000] "HEAD /solr/admin/ping HTTP/1.0" 200 0 
0:0:0:0:0:0:0:1%0 -  -  [29/03/2011:16:23:59 +0000] "GET /solr/select?fl=%2A%2Cscore&hl=on&version=1.2&wt=json&json.nl=map&q=children&start=0&rows=20 HTTP/1.0" 200 1189855 
0:0:0:0:0:0:0:1%0 -  -  [29/03/2011:16:24:33 +0000] "HEAD /solr/admin/ping HTTP/1.0" 200 0 
0:0:0:0:0:0:0:1%0 -  -  [29/03/2011:16:24:33 +0000] "HEAD /solr/admin/ping HTTP/1.0" 200 0 
0:0:0:0:0:0:0:1%0 -  -  [29/03/2011:16:24:33 +0000] "GET /solr/select?fl=%2A%2Cscore&hl=on&version=1.2&wt=json&json.nl=map&q=children&start=0&rows=20 HTTP/1.0" 200 1189855 
0:0:0:0:0:0:0:1%0 -  -  [29/03/2011:16:24:49 +0000] "HEAD /solr/admin/ping HTTP/1.0" 200 0 
0:0:0:0:0:0:0:1%0 -  -  [29/03/2011:16:24:49 +0000] "HEAD /solr/admin/ping HTTP/1.0" 200 0 
0:0:0:0:0:0:0:1%0 -  -  [29/03/2011:16:24:49 +0000] "GET /solr/select?fl=%2A%2Cscore&hl=on&version=1.2&wt=json&json.nl=map&q=children&start=0&rows=20 HTTP/1.0" 200 1189855 
